{"/Users/devinproothi/Desktop/University/UBCV/Year 3/CPSC 310/Project/project_team117/src/controller/InsightFacade.ts":{"path":"/Users/devinproothi/Desktop/University/UBCV/Year 3/CPSC 310/Project/project_team117/src/controller/InsightFacade.ts","statementMap":{"0":{"start":{"line":2,"column":0},"end":{"line":2,"column":62}},"1":{"start":{"line":3,"column":25},"end":{"line":3,"column":52}},"2":{"start":{"line":4,"column":17},"end":{"line":4,"column":43}},"3":{"start":{"line":5,"column":20},"end":{"line":5,"column":49}},"4":{"start":{"line":6,"column":19},"end":{"line":6,"column":47}},"5":{"start":{"line":7,"column":25},"end":{"line":7,"column":58}},"6":{"start":{"line":8,"column":28},"end":{"line":8,"column":64}},"7":{"start":{"line":10,"column":24},"end":{"line":10,"column":26}},"8":{"start":{"line":11,"column":27},"end":{"line":11,"column":29}},"9":{"start":{"line":18,"column":8},"end":{"line":18,"column":49}},"10":{"start":{"line":19,"column":8},"end":{"line":19,"column":49}},"11":{"start":{"line":20,"column":8},"end":{"line":20,"column":58}},"12":{"start":{"line":21,"column":8},"end":{"line":21,"column":55}},"13":{"start":{"line":22,"column":8},"end":{"line":22,"column":63}},"14":{"start":{"line":23,"column":8},"end":{"line":23,"column":73}},"15":{"start":{"line":26,"column":8},"end":{"line":28,"column":9}},"16":{"start":{"line":27,"column":12},"end":{"line":27,"column":88}},"17":{"start":{"line":29,"column":8},"end":{"line":31,"column":9}},"18":{"start":{"line":30,"column":12},"end":{"line":30,"column":73}},"19":{"start":{"line":32,"column":8},"end":{"line":40,"column":9}},"20":{"start":{"line":33,"column":12},"end":{"line":33,"column":121}},"21":{"start":{"line":35,"column":13},"end":{"line":40,"column":9}},"22":{"start":{"line":36,"column":12},"end":{"line":36,"column":114}},"23":{"start":{"line":39,"column":12},"end":{"line":39,"column":73}},"24":{"start":{"line":43,"column":24},"end":{"line":43,"column":33}},"25":{"start":{"line":44,"column":25},"end":{"line":44,"column":47}},"26":{"start":{"line":45,"column":8},"end":{"line":47,"column":9}},"27":{"start":{"line":46,"column":12},"end":{"line":46,"column":66}},"28":{"start":{"line":48,"column":8},"end":{"line":66,"column":9}},"29":{"start":{"line":49,"column":26},"end":{"line":49,"column":60}},"30":{"start":{"line":50,"column":12},"end":{"line":52,"column":13}},"31":{"start":{"line":51,"column":16},"end":{"line":51,"column":78}},"32":{"start":{"line":53,"column":12},"end":{"line":56,"column":13}},"33":{"start":{"line":54,"column":16},"end":{"line":54,"column":56}},"34":{"start":{"line":55,"column":16},"end":{"line":55,"column":59}},"35":{"start":{"line":57,"column":12},"end":{"line":57,"column":22}},"36":{"start":{"line":60,"column":12},"end":{"line":65,"column":13}},"37":{"start":{"line":61,"column":16},"end":{"line":61,"column":28}},"38":{"start":{"line":64,"column":16},"end":{"line":64,"column":94}},"39":{"start":{"line":69,"column":28},"end":{"line":69,"column":32}},"40":{"start":{"line":70,"column":8},"end":{"line":102,"column":9}},"41":{"start":{"line":71,"column":32},"end":{"line":71,"column":66}},"42":{"start":{"line":72,"column":12},"end":{"line":72,"column":37}},"43":{"start":{"line":73,"column":35},"end":{"line":73,"column":81}},"44":{"start":{"line":74,"column":30},"end":{"line":74,"column":78}},"45":{"start":{"line":75,"column":12},"end":{"line":75,"column":35}},"46":{"start":{"line":76,"column":28},"end":{"line":76,"column":96}},"47":{"start":{"line":77,"column":12},"end":{"line":79,"column":13}},"48":{"start":{"line":78,"column":16},"end":{"line":78,"column":77}},"49":{"start":{"line":80,"column":34},"end":{"line":80,"column":93}},"50":{"start":{"line":81,"column":12},"end":{"line":83,"column":13}},"51":{"start":{"line":82,"column":16},"end":{"line":82,"column":119}},"52":{"start":{"line":84,"column":31},"end":{"line":84,"column":101}},"53":{"start":{"line":85,"column":12},"end":{"line":89,"column":13}},"54":{"start":{"line":86,"column":30},"end":{"line":86,"column":55}},"55":{"start":{"line":87,"column":36},"end":{"line":87,"column":100}},"56":{"start":{"line":88,"column":16},"end":{"line":88,"column":89}},"57":{"start":{"line":90,"column":12},"end":{"line":92,"column":13}},"58":{"start":{"line":91,"column":16},"end":{"line":91,"column":110}},"59":{"start":{"line":93,"column":12},"end":{"line":93,"column":32}},"60":{"start":{"line":96,"column":12},"end":{"line":101,"column":13}},"61":{"start":{"line":97,"column":16},"end":{"line":97,"column":69}},"62":{"start":{"line":100,"column":16},"end":{"line":100,"column":61}},"63":{"start":{"line":105,"column":8},"end":{"line":116,"column":11}},"64":{"start":{"line":106,"column":12},"end":{"line":115,"column":13}},"65":{"start":{"line":107,"column":36},"end":{"line":107,"column":38}},"66":{"start":{"line":108,"column":16},"end":{"line":110,"column":17}},"67":{"start":{"line":109,"column":20},"end":{"line":109,"column":64}},"68":{"start":{"line":111,"column":16},"end":{"line":111,"column":37}},"69":{"start":{"line":114,"column":16},"end":{"line":114,"column":85}},"70":{"start":{"line":119,"column":0},"end":{"line":119,"column":32}}},"fnMap":{"0":{"name":"(anonymous_0)","decl":{"start":{"line":17,"column":4},"end":{"line":17,"column":5}},"loc":{"start":{"line":17,"column":18},"end":{"line":24,"column":5}},"line":17},"1":{"name":"(anonymous_1)","decl":{"start":{"line":25,"column":4},"end":{"line":25,"column":5}},"loc":{"start":{"line":25,"column":40},"end":{"line":41,"column":5}},"line":25},"2":{"name":"(anonymous_2)","decl":{"start":{"line":42,"column":4},"end":{"line":42,"column":5}},"loc":{"start":{"line":42,"column":28},"end":{"line":67,"column":5}},"line":42},"3":{"name":"(anonymous_3)","decl":{"start":{"line":68,"column":4},"end":{"line":68,"column":5}},"loc":{"start":{"line":68,"column":30},"end":{"line":103,"column":5}},"line":68},"4":{"name":"(anonymous_4)","decl":{"start":{"line":104,"column":4},"end":{"line":104,"column":5}},"loc":{"start":{"line":104,"column":25},"end":{"line":117,"column":5}},"line":104},"5":{"name":"(anonymous_5)","decl":{"start":{"line":105,"column":27},"end":{"line":105,"column":28}},"loc":{"start":{"line":105,"column":48},"end":{"line":116,"column":9}},"line":105}},"branchMap":{"0":{"loc":{"start":{"line":26,"column":8},"end":{"line":28,"column":9}},"type":"if","locations":[{"start":{"line":26,"column":8},"end":{"line":28,"column":9}},{"start":{"line":26,"column":8},"end":{"line":28,"column":9}}],"line":26},"1":{"loc":{"start":{"line":26,"column":12},"end":{"line":26,"column":55}},"type":"binary-expr","locations":[{"start":{"line":26,"column":12},"end":{"line":26,"column":15}},{"start":{"line":26,"column":19},"end":{"line":26,"column":35}},{"start":{"line":26,"column":39},"end":{"line":26,"column":55}}],"line":26},"2":{"loc":{"start":{"line":29,"column":8},"end":{"line":31,"column":9}},"type":"if","locations":[{"start":{"line":29,"column":8},"end":{"line":31,"column":9}},{"start":{"line":29,"column":8},"end":{"line":31,"column":9}}],"line":29},"3":{"loc":{"start":{"line":32,"column":8},"end":{"line":40,"column":9}},"type":"if","locations":[{"start":{"line":32,"column":8},"end":{"line":40,"column":9}},{"start":{"line":32,"column":8},"end":{"line":40,"column":9}}],"line":32},"4":{"loc":{"start":{"line":35,"column":13},"end":{"line":40,"column":9}},"type":"if","locations":[{"start":{"line":35,"column":13},"end":{"line":40,"column":9}},{"start":{"line":35,"column":13},"end":{"line":40,"column":9}}],"line":35},"5":{"loc":{"start":{"line":45,"column":8},"end":{"line":47,"column":9}},"type":"if","locations":[{"start":{"line":45,"column":8},"end":{"line":47,"column":9}},{"start":{"line":45,"column":8},"end":{"line":47,"column":9}}],"line":45},"6":{"loc":{"start":{"line":45,"column":12},"end":{"line":45,"column":55}},"type":"binary-expr","locations":[{"start":{"line":45,"column":12},"end":{"line":45,"column":15}},{"start":{"line":45,"column":19},"end":{"line":45,"column":35}},{"start":{"line":45,"column":39},"end":{"line":45,"column":55}}],"line":45},"7":{"loc":{"start":{"line":50,"column":12},"end":{"line":52,"column":13}},"type":"if","locations":[{"start":{"line":50,"column":12},"end":{"line":52,"column":13}},{"start":{"line":50,"column":12},"end":{"line":52,"column":13}}],"line":50},"8":{"loc":{"start":{"line":53,"column":12},"end":{"line":56,"column":13}},"type":"if","locations":[{"start":{"line":53,"column":12},"end":{"line":56,"column":13}},{"start":{"line":53,"column":12},"end":{"line":56,"column":13}}],"line":53},"9":{"loc":{"start":{"line":60,"column":12},"end":{"line":65,"column":13}},"type":"if","locations":[{"start":{"line":60,"column":12},"end":{"line":65,"column":13}},{"start":{"line":60,"column":12},"end":{"line":65,"column":13}}],"line":60},"10":{"loc":{"start":{"line":77,"column":12},"end":{"line":79,"column":13}},"type":"if","locations":[{"start":{"line":77,"column":12},"end":{"line":79,"column":13}},{"start":{"line":77,"column":12},"end":{"line":79,"column":13}}],"line":77},"11":{"loc":{"start":{"line":81,"column":12},"end":{"line":83,"column":13}},"type":"if","locations":[{"start":{"line":81,"column":12},"end":{"line":83,"column":13}},{"start":{"line":81,"column":12},"end":{"line":83,"column":13}}],"line":81},"12":{"loc":{"start":{"line":85,"column":12},"end":{"line":89,"column":13}},"type":"if","locations":[{"start":{"line":85,"column":12},"end":{"line":89,"column":13}},{"start":{"line":85,"column":12},"end":{"line":89,"column":13}}],"line":85},"13":{"loc":{"start":{"line":87,"column":36},"end":{"line":87,"column":100}},"type":"cond-expr","locations":[{"start":{"line":87,"column":64},"end":{"line":87,"column":92}},{"start":{"line":87,"column":95},"end":{"line":87,"column":100}}],"line":87},"14":{"loc":{"start":{"line":90,"column":12},"end":{"line":92,"column":13}},"type":"if","locations":[{"start":{"line":90,"column":12},"end":{"line":92,"column":13}},{"start":{"line":90,"column":12},"end":{"line":92,"column":13}}],"line":90},"15":{"loc":{"start":{"line":96,"column":12},"end":{"line":101,"column":13}},"type":"if","locations":[{"start":{"line":96,"column":12},"end":{"line":101,"column":13}},{"start":{"line":96,"column":12},"end":{"line":101,"column":13}}],"line":96}},"s":{"0":1,"1":1,"2":1,"3":1,"4":1,"5":1,"6":1,"7":24,"8":24,"9":24,"10":24,"11":24,"12":24,"13":24,"14":24,"15":18,"16":5,"17":13,"18":1,"19":12,"20":8,"21":4,"22":2,"23":2,"24":8,"25":8,"26":8,"27":4,"28":4,"29":4,"30":4,"31":1,"32":3,"33":3,"34":3,"35":3,"36":1,"37":1,"38":0,"39":2,"40":2,"41":2,"42":2,"43":2,"44":2,"45":2,"46":2,"47":2,"48":0,"49":2,"50":2,"51":1,"52":2,"53":2,"54":1,"55":1,"56":1,"57":2,"58":0,"59":2,"60":0,"61":0,"62":0,"63":5,"64":5,"65":5,"66":5,"67":4,"68":5,"69":0,"70":1},"f":{"0":24,"1":18,"2":8,"3":2,"4":5,"5":5},"b":{"0":[5,13],"1":[18,17,15],"2":[1,12],"3":[8,4],"4":[2,2],"5":[4,4],"6":[8,7,6],"7":[1,3],"8":[3,0],"9":[1,0],"10":[0,2],"11":[1,1],"12":[1,1],"13":[0,1],"14":[0,2],"15":[0,0]},"inputSourceMap":{"version":3,"file":"/Users/devinproothi/Desktop/University/UBCV/Year 3/CPSC 310/Project/project_team117/src/controller/InsightFacade.ts","sources":["/Users/devinproothi/Desktop/University/UBCV/Year 3/CPSC 310/Project/project_team117/src/controller/InsightFacade.ts"],"names":[],"mappings":";;AAAA,qDAQ0B;AAC1B,4CAAuC;AACvC,kDAA6C;AAC7C,gDAA2C;AAE3C,2DAAsD;AACtD,iEAA4D;AAQ5D,MAAqB,aAAa;IAC1B,iBAAiB,GAAa,EAAE,CAAC;IACjC,oBAAoB,GAAU,EAAE,CAAC;IAChC,WAAW,CAAS;IACpB,cAAc,CAAY;IAC1B,aAAa,CAAW;IACxB,SAAS,CAAiB;IAC1B,aAAa,CAAoB;IAEzC;QACC,OAAO,CAAC,GAAG,CAAC,2BAA2B,CAAC,CAAC;QACzC,IAAI,CAAC,WAAW,GAAG,IAAI,eAAM,EAAE,CAAC;QAChC,IAAI,CAAC,cAAc,GAAG,IAAI,qBAAS,EAAE,CAAC;QACtC,IAAI,CAAC,aAAa,GAAG,IAAI,mBAAQ,EAAE,CAAC;QACpC,IAAI,CAAC,SAAS,GAAG,IAAI,+BAAc,EAAE,CAAC;QACtC,IAAI,CAAC,aAAa,GAAG,IAAI,qCAAiB,EAAE,CAAC;IAC9C,CAAC;IAEM,KAAK,CAAC,UAAU,CAAC,EAAU,EAAE,OAAe,EAAE,IAAwB;QAE5E,IAAI,CAAC,EAAE,IAAI,EAAE,CAAC,QAAQ,CAAC,GAAG,CAAC,IAAI,EAAE,CAAC,IAAI,EAAE,KAAK,EAAE,EAAE;YAChD,MAAM,IAAI,6BAAY,CAAC,kCAAkC,CAAC,CAAC;SAC3D;QACD,IAAI,IAAI,CAAC,iBAAiB,CAAC,QAAQ,CAAC,EAAE,CAAC,EAAE;YACxC,MAAM,IAAI,6BAAY,CAAC,mBAAmB,CAAC,CAAC;SAC5C;QAED,IAAI,IAAI,KAAK,mCAAkB,CAAC,QAAQ,EAAE;YACzC,OAAO,IAAI,CAAC,aAAa,CAAC,kBAAkB,CAAC,EAAE,EAAE,OAAO,EAAE,IAAI,CAAC,iBAAiB,EAC/E,IAAI,CAAC,oBAAoB,CAAC,CAAC;SAC5B;aAAM,IAAI,IAAI,KAAK,mCAAkB,CAAC,KAAK,EAAE;YAC7C,OAAO,IAAI,CAAC,SAAS,CAAC,eAAe,CAAC,EAAE,EAAE,OAAO,EAAE,IAAI,CAAC,iBAAiB,EAAE,IAAI,CAAC,oBAAoB,CAAC,CAAC;SACtG;aAAM;YACN,MAAM,IAAI,6BAAY,CAAC,mBAAmB,CAAC,CAAC;SAC5C;IACF,CAAC;IAGM,KAAK,CAAC,aAAa,CAAC,EAAU;QACpC,MAAM,OAAO,GAAG,SAAS,CAAC;QAC1B,MAAM,QAAQ,GAAG,GAAG,OAAO,GAAG,EAAE,OAAO,CAAC;QACxC,IAAI,CAAC,EAAE,IAAI,EAAE,CAAC,QAAQ,CAAC,GAAG,CAAC,IAAI,EAAE,CAAC,IAAI,EAAE,KAAK,EAAE,EAAE;YAChD,MAAM,IAAI,6BAAY,CAAC,YAAY,CAAC,CAAC;SACrC;QACD,IAAI;YACH,MAAM,KAAK,GAAG,IAAI,CAAC,iBAAiB,CAAC,OAAO,CAAC,EAAE,CAAC,CAAC;YACjD,IAAI,KAAK,KAAK,CAAC,CAAC,EAAE;gBACjB,MAAM,IAAI,8BAAa,CAAC,mBAAmB,CAAC,CAAC;aAC7C;YAGD,IAAI,KAAK,KAAK,CAAC,CAAC,EAAE;gBACjB,IAAI,CAAC,iBAAiB,CAAC,MAAM,CAAC,KAAK,EAAE,CAAC,CAAC,CAAC;gBACxC,IAAI,CAAC,oBAAoB,CAAC,MAAM,CAAC,KAAK,EAAE,CAAC,CAAC,CAAC;aAC3C;YAED,OAAO,EAAE,CAAC;SACV;QAAC,OAAO,KAAK,EAAE;YACf,IAAI,KAAK,YAAY,8BAAa,EAAE;gBACnC,MAAM,KAAK,CAAC;aACZ;iBAAM;gBACN,MAAM,IAAI,6BAAY,CAAC,6BAA6B,KAAK,EAAE,CAAC,CAAC;aAC7D;SACD;IACF,CAAC;IAEM,KAAK,CAAC,YAAY,CAAC,KAAc;QACvC,MAAM,WAAW,GAAG,IAAI,CAAC;QACzB,IAAI;YAEH,MAAM,WAAW,GAAG,IAAI,CAAC,WAAW,CAAC,UAAU,CAAC,KAAK,CAAC,CAAC;YAEvD,OAAO,CAAC,GAAG,CAAC,WAAW,CAAC,CAAC;YAEzB,MAAM,cAAc,GAAG,IAAI,CAAC,cAAc,CAAC,aAAa,CAAC,WAAW,CAAC,CAAC;YAGtE,MAAM,SAAS,GAAG,IAAI,CAAC,aAAa,CAAC,gBAAgB,CAAC,WAAW,CAAC,CAAC;YAEnE,OAAO,CAAC,GAAG,CAAC,SAAS,CAAC,CAAC;YAEvB,MAAM,OAAO,GAAG,IAAI,CAAC,oBAAoB,CAAC,IAAI,CAAC,iBAAiB,CAAC,OAAO,CAAC,SAAS,CAAC,CAAC,CAAC;YACrF,IAAI,CAAC,OAAO,EAAE;gBACb,MAAM,IAAI,6BAAY,CAAC,mBAAmB,CAAC,CAAC;aAC5C;YAID,IAAI,eAAe,GAAG,IAAI,CAAC,aAAa,CAAC,YAAY,CAAC,OAAO,EAAE,WAAW,CAAC,KAAK,CAAC,CAAC;YAKlF,IAAI,WAAW,CAAC,cAAc,EAAE;gBAE/B,eAAe,GAAG,IAAI,CAAC,aAAa,CAAC,oBAAoB,CAAC,eAAe,EAAE,WAAW,CAAC,cAAc,CAAC,CAAC;aAGvG;YAED,IAAI,YAAY,GAAG,IAAI,CAAC,aAAa,CAAC,aAAa,CAAC,eAAe,EAAE,WAAW,CAAC,OAAO,CAAC,CAAC;YAE1F,IAAI,WAAW,CAAC,OAAO,CAAC,KAAK,EAAE;gBAC9B,MAAM,KAAK,GAAG,WAAW,CAAC,OAAO,CAAC,KAAK,CAAC;gBAExC,MAAM,WAAW,GAAU,OAAO,KAAK,KAAK,QAAQ,CAAC,CAAC,CAAC,EAAC,GAAG,EAAE,IAAI,EAAE,IAAI,EAAE,CAAC,KAAK,CAAC,EAAC,CAAC,CAAC,CAAC,KAAK,CAAC;gBAC1F,YAAY,GAAG,IAAI,CAAC,aAAa,CAAC,WAAW,CAAC,YAAY,EAAE,WAAW,CAAC,CAAC;aACzE;YACD,IAAI,YAAY,CAAC,MAAM,GAAG,WAAW,EAAE;gBACtC,MAAM,IAAI,oCAAmB,CAAC,6CAA6C,CAAC,CAAC;aAC7E;YAID,OAAO,YAAY,CAAC;SACpB;QAAC,OAAO,KAAK,EAAE;YACf,IAAI,KAAK,YAAY,oCAAmB,EAAE;gBACzC,MAAM,IAAI,oCAAmB,CAAC,IAAI,CAAC,CAAC;aACpC;iBAAM;gBACN,MAAM,IAAI,6BAAY,CAAC,GAAG,CAAC,CAAC;aAC5B;SACD;IACF,CAAC;IAEM,KAAK,CAAC,YAAY;QACxB,OAAO,IAAI,OAAO,CAAmB,CAAC,OAAO,EAAE,MAAM,EAAE,EAAE;YACxD,IAAI;gBACH,MAAM,WAAW,GAAqB,EAAE,CAAC;gBACzC,KAAK,MAAM,UAAU,IAAI,IAAI,CAAC,oBAAoB,EAAE;oBACnD,WAAW,CAAC,IAAI,CAAC,UAAU,CAAC,cAAc,CAAC,CAAC;iBAC5C;gBACD,OAAO,CAAC,WAAW,CAAC,CAAC;aACrB;YAAC,OAAO,KAAK,EAAE;gBACf,MAAM,CAAC,IAAI,6BAAY,CAAC,yBAAyB,CAAC,CAAC,CAAC;aACpD;QACF,CAAC,CAAC,CAAC;IACJ,CAAC;CACD;AAzID,gCAyIC","sourcesContent":["import {\n\tIInsightFacade,\n\tInsightDataset,\n\tInsightDatasetKind,\n\tInsightError,\n\tInsightResult,\n\tNotFoundError,\n\tResultTooLargeError\n} from \"./IInsightFacade\";\nimport {Parser} from \"../query/Parser\";\nimport {Validator} from \"../query/Validator\";\nimport {Executor} from \"../query/Executor\";\nimport * as fse from \"fs-extra\";\nimport {AddRoomsHelper} from \"../util/AddRoomsHelper\";\nimport {AddSectionsHelper} from \"../util/AddSectionsHelper\";\nimport {Order} from \"../dataModels/Query\";\n\n/**\n * This is the main programmatic entry point for the project.\n * Method documentation is in IInsightFacade\n *\n */\nexport default class InsightFacade implements IInsightFacade {\n\tpublic datasetCollection: string[] = [];\n\tpublic courseDataCollection: any[] = [];\n\tprivate queryParser: Parser;\n\tprivate queryValidator: Validator;\n\tprivate queryExecutor: Executor;\n\tprivate adderRoom: AddRoomsHelper;\n\tprivate adderSections: AddSectionsHelper;\n\n\tconstructor() {\n\t\tconsole.log(\"InsightFacadeImpl::init()\");\n\t\tthis.queryParser = new Parser();\n\t\tthis.queryValidator = new Validator();\n\t\tthis.queryExecutor = new Executor();\n\t\tthis.adderRoom = new AddRoomsHelper();\n\t\tthis.adderSections = new AddSectionsHelper();\n\t}\n\n\tpublic async addDataset(id: string, content: string, kind: InsightDatasetKind): Promise<string[]> {\n\n\t\tif (!id || id.includes(\"_\") || id.trim() === \"\") {\n\t\t\tthrow new InsightError(\"Invalid ID (contains underscore)\");\n\t\t}\n\t\tif (this.datasetCollection.includes(id)) {\n\t\t\tthrow new InsightError(\"ID already exists\");\n\t\t}\n\n\t\tif (kind === InsightDatasetKind.Sections) {\n\t\t\treturn this.adderSections.addSectionsDataset(id, content, this.datasetCollection,\n\t\t\t\tthis.courseDataCollection);\n\t\t} else if (kind === InsightDatasetKind.Rooms) {\n\t\t\treturn this.adderRoom.addRoomsDataset(id, content, this.datasetCollection, this.courseDataCollection);\n\t\t} else {\n\t\t\tthrow new InsightError(\"Invalid Kind Type\");\n\t\t}\n\t}\n\n\n\tpublic async removeDataset(id: string): Promise<string> {\n\t\tconst dataDir = \"./data/\";\n\t\tconst filePath = `${dataDir}${id}.json`;\n\t\tif (!id || id.includes(\"_\") || id.trim() === \"\") {\n\t\t\tthrow new InsightError(\"Invalid ID\");\n\t\t}\n\t\ttry {\n\t\t\tconst index = this.datasetCollection.indexOf(id);\n\t\t\tif (index === -1) {\n\t\t\t\tthrow new NotFoundError(\"Dataset not found\");\n\t\t\t}\n\t\t\t// await this.datasetCacheManager.removeDataset(id);\n\n\t\t\tif (index !== -1) {\n\t\t\t\tthis.datasetCollection.splice(index, 1);\n\t\t\t\tthis.courseDataCollection.splice(index, 1);\n\t\t\t}\n\n\t\t\treturn id;\n\t\t} catch (error) {\n\t\t\tif (error instanceof NotFoundError) {\n\t\t\t\tthrow error;\n\t\t\t} else {\n\t\t\t\tthrow new InsightError(`Failed to remove dataset: ${error}`);\n\t\t\t}\n\t\t}\n\t}\n\n\tpublic async performQuery(query: unknown): Promise<InsightResult[]> {\n\t\tconst MAX_RESULTS = 5000;\n\t\ttry {\n\t\t\t// Use QueryParser to parse the query\n\t\t\tconst parsedQuery = this.queryParser.parseQuery(query);\n\t\t\t// console.log(\"-----------------------------PARSING START-----------------------------------------\");\n\t\t\tconsole.log(parsedQuery);\n\t\t\t// console.log(\"-----------------------------PARSING DONE-----------------------------------------\");\n\t\t\tconst validatedQuery = this.queryValidator.validateQuery(parsedQuery);\n\t\t\t// console.log(\"-----------------------------VALIDATOR DONE-----------------------------------------\");\n\t\t\t// Step 2: Retrieve the dataset referenced in the query\n\t\t\tconst datasetId = this.queryExecutor.extractDatasetId(parsedQuery);\n\t\t\t// console.log(\"-----------------------------EXTRACT ID-----------------------------------------\");\n\t\t\tconsole.log(datasetId);\n\t\t\t// console.log(\"-----------------------------EXTRACT ID DONE-----------------------------------------\");\n\t\t\tconst dataset = this.courseDataCollection[this.datasetCollection.indexOf(datasetId)];\n\t\t\tif (!dataset) {\n\t\t\t\tthrow new InsightError(\"Dataset not found\");\n\t\t\t}\n\t\t\t// console.log(\"-----------------------------FOUND DATASET-----------------------------------------\");\n\n\t\t\t// Step 3: Apply filters defined in the WHERE clause\n\t\t\tlet filteredResults = this.queryExecutor.applyFilters(dataset, parsedQuery.WHERE);\n\t\t\t// console.log(filteredResults);\n\t\t\t// console.log(\"-----------------------------APPLIED FILTER START----------------------------------------\");\n\t\t\t// console.log(\"-----------------------------APPLIED FILTER DONE----------------------------------------\");\n\t\t\t// Step 4: Apply sorting and column selection based on OPTIONS\n\t\t\tif (parsedQuery.TRANSFORMATION) {\n\t\t\t\t// console.log(\"-----------------------------TRANSFORMATION IS THERE----------------------------------\");\n\t\t\t\tfilteredResults = this.queryExecutor.executeGroupAndApply(filteredResults, parsedQuery.TRANSFORMATION);\n\t\t\t\t// console.log(\"-----------------------------GROUP AND APPLY STARTS------------------------------------\");\n\n\t\t\t}\n\t\t\t// console.log(\"-----------------------------START OF FORMATTING------------------------------------\");\n\t\t\tlet finalResults = this.queryExecutor.formatResults(filteredResults, parsedQuery.OPTIONS);\n\t\t\t// Step 5: Check for result size constraints\n\t\t\tif (parsedQuery.OPTIONS.ORDER) {\n\t\t\t\tconst order = parsedQuery.OPTIONS.ORDER;\n\t\t\t\t// If ORDER is a string, convert it to an Order object with default direction 'UP'\n\t\t\t\tconst orderObject: Order = typeof order === \"string\" ? {dir: \"UP\", keys: [order]} : order;\n\t\t\t\tfinalResults = this.queryExecutor.sortResults(finalResults, orderObject);\n\t\t\t}\n\t\t\tif (finalResults.length > MAX_RESULTS) {\n\t\t\t\tthrow new ResultTooLargeError(\"The query results exceed the allowed limit.\");\n\t\t\t}\n\t\t\t// console.log(\"------------------------------FINAL RESULT STARTS------------------------\");\n\t\t\t// console.log(finalResults);\n\t\t\t// console.log(\"------------------------------FINAL RESULT DONE------------------------\");\n\t\t\treturn finalResults;\n\t\t} catch (error) {\n\t\t\tif (error instanceof ResultTooLargeError) {\n\t\t\t\tthrow new ResultTooLargeError(\"ll\");\n\t\t\t} else {\n\t\t\t\tthrow new InsightError(\"l\");\n\t\t\t}\n\t\t}\n\t}\n\n\tpublic async listDatasets(): Promise<InsightDataset[]> {\n\t\treturn new Promise<InsightDataset[]>((resolve, reject) => {\n\t\t\ttry {\n\t\t\t\tconst datasetList: InsightDataset[] = [];\n\t\t\t\tfor (const courseData of this.courseDataCollection) {\n\t\t\t\t\tdatasetList.push(courseData.insightDataset);\n\t\t\t\t}\n\t\t\t\tresolve(datasetList);\n\t\t\t} catch (error) {\n\t\t\t\treject(new InsightError(\"Failed to list datasets\"));\n\t\t\t}\n\t\t});\n\t}\n}\n"]},"_coverageSchema":"1a1c01bbd47fc00a2c39e90264f33305004495a9","hash":"3765695e9b2ce8d1c19faa9bf9ffc78b15b2ebef","contentHash":"c048b736dfbfb1087b40f44b6ef7f4e725076ead8a051ea50168bef9c9455d30"},"/Users/devinproothi/Desktop/University/UBCV/Year 3/CPSC 310/Project/project_team117/src/controller/IInsightFacade.ts":{"path":"/Users/devinproothi/Desktop/University/UBCV/Year 3/CPSC 310/Project/project_team117/src/controller/IInsightFacade.ts","statementMap":{"0":{"start":{"line":2,"column":0},"end":{"line":2,"column":62}},"1":{"start":{"line":3,"column":0},"end":{"line":3,"column":113}},"2":{"start":{"line":5,"column":0},"end":{"line":8,"column":89}},"3":{"start":{"line":6,"column":4},"end":{"line":6,"column":48}},"4":{"start":{"line":7,"column":4},"end":{"line":7,"column":42}},"5":{"start":{"line":11,"column":8},"end":{"line":11,"column":23}},"6":{"start":{"line":12,"column":8},"end":{"line":12,"column":52}},"7":{"start":{"line":15,"column":0},"end":{"line":15,"column":36}},"8":{"start":{"line":18,"column":8},"end":{"line":18,"column":23}},"9":{"start":{"line":19,"column":8},"end":{"line":19,"column":53}},"10":{"start":{"line":22,"column":0},"end":{"line":22,"column":38}},"11":{"start":{"line":25,"column":8},"end":{"line":25,"column":23}},"12":{"start":{"line":26,"column":8},"end":{"line":26,"column":59}},"13":{"start":{"line":29,"column":0},"end":{"line":29,"column":50}}},"fnMap":{"0":{"name":"(anonymous_0)","decl":{"start":{"line":5,"column":1},"end":{"line":5,"column":2}},"loc":{"start":{"line":5,"column":31},"end":{"line":8,"column":1}},"line":5},"1":{"name":"(anonymous_1)","decl":{"start":{"line":10,"column":4},"end":{"line":10,"column":5}},"loc":{"start":{"line":10,"column":25},"end":{"line":13,"column":5}},"line":10},"2":{"name":"(anonymous_2)","decl":{"start":{"line":17,"column":4},"end":{"line":17,"column":5}},"loc":{"start":{"line":17,"column":25},"end":{"line":20,"column":5}},"line":17},"3":{"name":"(anonymous_3)","decl":{"start":{"line":24,"column":4},"end":{"line":24,"column":5}},"loc":{"start":{"line":24,"column":25},"end":{"line":27,"column":5}},"line":24}},"branchMap":{"0":{"loc":{"start":{"line":8,"column":24},"end":{"line":8,"column":87}},"type":"binary-expr","locations":[{"start":{"line":8,"column":24},"end":{"line":8,"column":50}},{"start":{"line":8,"column":55},"end":{"line":8,"column":86}}],"line":8}},"s":{"0":1,"1":1,"2":1,"3":1,"4":1,"5":17,"6":17,"7":1,"8":1,"9":1,"10":1,"11":0,"12":0,"13":1},"f":{"0":1,"1":17,"2":1,"3":0},"b":{"0":[1,1]},"inputSourceMap":{"version":3,"file":"/Users/devinproothi/Desktop/University/UBCV/Year 3/CPSC 310/Project/project_team117/src/controller/IInsightFacade.ts","sources":["/Users/devinproothi/Desktop/University/UBCV/Year 3/CPSC 310/Project/project_team117/src/controller/IInsightFacade.ts"],"names":[],"mappings":";;;AAMA,IAAY,kBAGX;AAHD,WAAY,kBAAkB;IAC7B,2CAAqB,CAAA;IACrB,qCAAe,CAAA;AAChB,CAAC,EAHW,kBAAkB,GAAlB,0BAAkB,KAAlB,0BAAkB,QAG7B;AAYD,MAAa,YAAa,SAAQ,KAAK;IACtC,YAAY,OAAgB;QAC3B,KAAK,CAAC,OAAO,CAAC,CAAC;QACf,KAAK,CAAC,iBAAiB,CAAC,IAAI,EAAE,YAAY,CAAC,CAAC;IAC7C,CAAC;CACD;AALD,oCAKC;AAED,MAAa,aAAc,SAAQ,KAAK;IACvC,YAAY,OAAgB;QAC3B,KAAK,CAAC,OAAO,CAAC,CAAC;QACf,KAAK,CAAC,iBAAiB,CAAC,IAAI,EAAE,aAAa,CAAC,CAAC;IAC9C,CAAC;CACD;AALD,sCAKC;AAED,MAAa,mBAAoB,SAAQ,KAAK;IAC7C,YAAY,OAAgB;QAC3B,KAAK,CAAC,OAAO,CAAC,CAAC;QACf,KAAK,CAAC,iBAAiB,CAAC,IAAI,EAAE,mBAAmB,CAAC,CAAC;IACpD,CAAC;CACD;AALD,kDAKC","sourcesContent":["/*\n * This is the primary high-level API for the project. In this folder there should be:\n * A class called InsightFacade, this should be in a file called InsightFacade.ts.\n * You should not change this interface at all or the test suite will not work.\n */\n\nexport enum InsightDatasetKind {\n\tSections = \"sections\",\n\tRooms = \"rooms\",\n}\n\nexport interface InsightDataset {\n\tid: string;\n\tkind: InsightDatasetKind;\n\tnumRows: number;\n}\n\nexport interface InsightResult {\n\t[key: string]: string | number;\n}\n\nexport class InsightError extends Error {\n\tconstructor(message?: string) {\n\t\tsuper(message);\n\t\tError.captureStackTrace(this, InsightError);\n\t}\n}\n\nexport class NotFoundError extends Error {\n\tconstructor(message?: string) {\n\t\tsuper(message);\n\t\tError.captureStackTrace(this, NotFoundError);\n\t}\n}\n\nexport class ResultTooLargeError extends Error {\n\tconstructor(message?: string) {\n\t\tsuper(message);\n\t\tError.captureStackTrace(this, ResultTooLargeError);\n\t}\n}\n\nexport interface IInsightFacade {\n\t/**\n\t * Add a dataset to insightUBC.\n\t *\n\t * @param id  The id of the dataset being added. Follows the format /^[^_]+$/\n\t * @param content  The base64 content of the dataset. This content should be in the form of a serialized zip file.\n\t * @param kind  The kind of the dataset\n\t *\n\t * @return Promise <string[]>\n\t *\n\t * The promise should fulfill on a successful add, reject for any failures.\n\t * The promise should fulfill with a string array,\n\t * containing the ids of all currently added datasets upon a successful add.\n\t * The promise should reject with an InsightError describing the error.\n\t *\n\t * An id is invalid if it contains an underscore, or is only whitespace characters.\n\t * If id is the same as the id of an already added dataset, the dataset should be rejected and not saved.\n\t *\n\t * After receiving the dataset, it should be processed into a data structure of\n\t * your design. The processed data structure should be persisted to disk; your\n\t * system should be able to load this persisted value into memory for answering\n\t * queries.\n\t *\n\t * Ultimately, a dataset must be added or loaded from disk before queries can\n\t * be successfully answered.\n\t */\n\taddDataset(id: string, content: string, kind: InsightDatasetKind): Promise<string[]>;\n\n\t/**\n\t * Remove a dataset from insightUBC.\n\t *\n\t * @param id  The id of the dataset to remove. Follows the format /^[^_]+$/\n\t *\n\t * @return Promise <string>\n\t *\n\t * The promise should fulfill upon a successful removal, reject on any error.\n\t * Attempting to remove a dataset that hasn't been added yet counts as an error.\n\t *\n\t * An id is invalid if it contains an underscore, or is only whitespace characters.\n\t *\n\t * The promise should fulfill the id of the dataset that was removed.\n\t * The promise should reject with a NotFoundError (if a valid id was not yet added)\n\t * or an InsightError (invalid id or any other source of failure) describing the error.\n\t *\n\t * This will delete both disk and memory caches for the dataset for the id meaning\n\t * that subsequent queries for that id should fail unless a new addDataset happens first.\n\t */\n\tremoveDataset(id: string): Promise<string>;\n\n\t/**\n\t * Perform a query on insightUBC.\n\t *\n\t * @param query  The query to be performed.\n\t *\n\t * If a query is incorrectly formatted, references a dataset not added (in memory or on disk),\n\t * or references multiple datasets, it should be rejected.\n\t *\n\t * @return Promise <InsightResult[]>\n\t *\n\t * The promise should fulfill with an array of results.\n\t * The promise should reject with a ResultTooLargeError (if the query returns too many results)\n\t * or an InsightError (for any other source of failure) describing the error.\n\t */\n\tperformQuery(query: unknown): Promise<InsightResult[]>;\n\n\t/**\n\t * List all currently added datasets, their types, and number of rows.\n\t * working on it right now\n\t * @return Promise <InsightDataset[]>\n\t * The promise should fulfill an array of currently added InsightDatasets, and will only fulfill.\n\t */\n\tlistDatasets(): Promise<InsightDataset[]>;\n}\n"]},"_coverageSchema":"1a1c01bbd47fc00a2c39e90264f33305004495a9","hash":"5ea058a8951534e381ea7eb3e5ebf4eda8116d38","contentHash":"e35980544c8480659682d9c04ecef077fc0f7cca7ed3f078a300474252cfe626"},"/Users/devinproothi/Desktop/University/UBCV/Year 3/CPSC 310/Project/project_team117/src/query/Parser.ts":{"path":"/Users/devinproothi/Desktop/University/UBCV/Year 3/CPSC 310/Project/project_team117/src/query/Parser.ts","statementMap":{"0":{"start":{"line":2,"column":0},"end":{"line":2,"column":62}},"1":{"start":{"line":3,"column":0},"end":{"line":3,"column":24}},"2":{"start":{"line":4,"column":25},"end":{"line":4,"column":64}},"3":{"start":{"line":7,"column":8},"end":{"line":9,"column":9}},"4":{"start":{"line":8,"column":12},"end":{"line":8,"column":79}},"5":{"start":{"line":10,"column":28},"end":{"line":10,"column":65}},"6":{"start":{"line":11,"column":30},"end":{"line":11,"column":71}},"7":{"start":{"line":12,"column":38},"end":{"line":14,"column":23}},"8":{"start":{"line":15,"column":28},"end":{"line":18,"column":9}},"9":{"start":{"line":19,"column":8},"end":{"line":21,"column":9}},"10":{"start":{"line":20,"column":12},"end":{"line":20,"column":63}},"11":{"start":{"line":22,"column":8},"end":{"line":22,"column":27}},"12":{"start":{"line":25,"column":8},"end":{"line":27,"column":9}},"13":{"start":{"line":26,"column":12},"end":{"line":26,"column":62}},"14":{"start":{"line":28,"column":8},"end":{"line":30,"column":9}},"15":{"start":{"line":29,"column":12},"end":{"line":29,"column":22}},"16":{"start":{"line":31,"column":27},"end":{"line":31,"column":48}},"17":{"start":{"line":32,"column":28},"end":{"line":32,"column":45}},"18":{"start":{"line":33,"column":8},"end":{"line":47,"column":9}},"19":{"start":{"line":36,"column":16},"end":{"line":36,"column":76}},"20":{"start":{"line":40,"column":16},"end":{"line":40,"column":70}},"21":{"start":{"line":42,"column":16},"end":{"line":42,"column":58}},"22":{"start":{"line":44,"column":16},"end":{"line":44,"column":67}},"23":{"start":{"line":46,"column":16},"end":{"line":46,"column":70}},"24":{"start":{"line":50,"column":8},"end":{"line":52,"column":9}},"25":{"start":{"line":51,"column":12},"end":{"line":51,"column":66}},"26":{"start":{"line":53,"column":8},"end":{"line":55,"column":10}},"27":{"start":{"line":54,"column":48},"end":{"line":54,"column":77}},"28":{"start":{"line":58,"column":8},"end":{"line":60,"column":9}},"29":{"start":{"line":59,"column":12},"end":{"line":59,"column":99}},"30":{"start":{"line":61,"column":31},"end":{"line":61,"column":60}},"31":{"start":{"line":62,"column":8},"end":{"line":64,"column":9}},"32":{"start":{"line":63,"column":12},"end":{"line":63,"column":93}},"33":{"start":{"line":65,"column":8},"end":{"line":65,"column":50}},"34":{"start":{"line":68,"column":8},"end":{"line":70,"column":9}},"35":{"start":{"line":69,"column":12},"end":{"line":69,"column":89}},"36":{"start":{"line":71,"column":31},"end":{"line":71,"column":60}},"37":{"start":{"line":72,"column":8},"end":{"line":74,"column":9}},"38":{"start":{"line":73,"column":12},"end":{"line":73,"column":84}},"39":{"start":{"line":75,"column":8},"end":{"line":75,"column":42}},"40":{"start":{"line":78,"column":8},"end":{"line":80,"column":9}},"41":{"start":{"line":79,"column":12},"end":{"line":79,"column":81}},"42":{"start":{"line":81,"column":27},"end":{"line":81,"column":34}},"43":{"start":{"line":82,"column":8},"end":{"line":84,"column":9}},"44":{"start":{"line":83,"column":12},"end":{"line":83,"column":89}},"45":{"start":{"line":85,"column":24},"end":{"line":85,"column":42}},"46":{"start":{"line":86,"column":8},"end":{"line":90,"column":11}},"47":{"start":{"line":87,"column":12},"end":{"line":89,"column":13}},"48":{"start":{"line":88,"column":16},"end":{"line":88,"column":97}},"49":{"start":{"line":91,"column":30},"end":{"line":91,"column":50}},"50":{"start":{"line":92,"column":8},"end":{"line":103,"column":9}},"51":{"start":{"line":93,"column":26},"end":{"line":93,"column":42}},"52":{"start":{"line":94,"column":12},"end":{"line":102,"column":13}},"53":{"start":{"line":95,"column":16},"end":{"line":95,"column":44}},"54":{"start":{"line":97,"column":17},"end":{"line":102,"column":13}},"55":{"start":{"line":98,"column":16},"end":{"line":98,"column":67}},"56":{"start":{"line":101,"column":16},"end":{"line":101,"column":80}},"57":{"start":{"line":104,"column":8},"end":{"line":104,"column":29}},"58":{"start":{"line":107,"column":8},"end":{"line":109,"column":9}},"59":{"start":{"line":108,"column":12},"end":{"line":108,"column":25}},"60":{"start":{"line":110,"column":8},"end":{"line":128,"column":9}},"61":{"start":{"line":111,"column":24},"end":{"line":111,"column":33}},"62":{"start":{"line":112,"column":25},"end":{"line":112,"column":35}},"63":{"start":{"line":113,"column":12},"end":{"line":115,"column":13}},"64":{"start":{"line":114,"column":16},"end":{"line":114,"column":94}},"65":{"start":{"line":116,"column":12},"end":{"line":118,"column":13}},"66":{"start":{"line":117,"column":16},"end":{"line":117,"column":87}},"67":{"start":{"line":119,"column":12},"end":{"line":123,"column":15}},"68":{"start":{"line":120,"column":16},"end":{"line":122,"column":17}},"69":{"start":{"line":121,"column":20},"end":{"line":121,"column":95}},"70":{"start":{"line":124,"column":12},"end":{"line":124,"column":33}},"71":{"start":{"line":127,"column":12},"end":{"line":127,"column":76}},"72":{"start":{"line":131,"column":8},"end":{"line":133,"column":9}},"73":{"start":{"line":132,"column":12},"end":{"line":132,"column":89}},"74":{"start":{"line":134,"column":35},"end":{"line":134,"column":50}},"75":{"start":{"line":135,"column":8},"end":{"line":137,"column":9}},"76":{"start":{"line":136,"column":12},"end":{"line":136,"column":87}},"77":{"start":{"line":138,"column":22},"end":{"line":138,"column":46}},"78":{"start":{"line":139,"column":8},"end":{"line":143,"column":11}},"79":{"start":{"line":140,"column":12},"end":{"line":142,"column":13}},"80":{"start":{"line":141,"column":16},"end":{"line":141,"column":94}},"81":{"start":{"line":144,"column":22},"end":{"line":144,"column":24}},"82":{"start":{"line":145,"column":8},"end":{"line":155,"column":9}},"83":{"start":{"line":146,"column":12},"end":{"line":154,"column":15}},"84":{"start":{"line":147,"column":33},"end":{"line":147,"column":53}},"85":{"start":{"line":148,"column":35},"end":{"line":148,"column":65}},"86":{"start":{"line":149,"column":28},"end":{"line":149,"column":54}},"87":{"start":{"line":150,"column":16},"end":{"line":152,"column":17}},"88":{"start":{"line":151,"column":20},"end":{"line":151,"column":89}},"89":{"start":{"line":153,"column":16},"end":{"line":153,"column":66}},"90":{"start":{"line":156,"column":8},"end":{"line":166,"column":11}},"91":{"start":{"line":157,"column":29},"end":{"line":157,"column":49}},"92":{"start":{"line":158,"column":31},"end":{"line":158,"column":61}},"93":{"start":{"line":159,"column":31},"end":{"line":159,"column":57}},"94":{"start":{"line":160,"column":12},"end":{"line":162,"column":13}},"95":{"start":{"line":161,"column":16},"end":{"line":161,"column":94}},"96":{"start":{"line":163,"column":12},"end":{"line":165,"column":13}},"97":{"start":{"line":164,"column":16},"end":{"line":164,"column":100}},"98":{"start":{"line":167,"column":8},"end":{"line":170,"column":10}},"99":{"start":{"line":173,"column":0},"end":{"line":173,"column":24}}},"fnMap":{"0":{"name":"(anonymous_0)","decl":{"start":{"line":6,"column":4},"end":{"line":6,"column":5}},"loc":{"start":{"line":6,"column":22},"end":{"line":23,"column":5}},"line":6},"1":{"name":"(anonymous_1)","decl":{"start":{"line":24,"column":4},"end":{"line":24,"column":5}},"loc":{"start":{"line":24,"column":28},"end":{"line":48,"column":5}},"line":24},"2":{"name":"(anonymous_2)","decl":{"start":{"line":49,"column":4},"end":{"line":49,"column":5}},"loc":{"start":{"line":49,"column":46},"end":{"line":56,"column":5}},"line":49},"3":{"name":"(anonymous_3)","decl":{"start":{"line":54,"column":36},"end":{"line":54,"column":37}},"loc":{"start":{"line":54,"column":48},"end":{"line":54,"column":77}},"line":54},"4":{"name":"(anonymous_4)","decl":{"start":{"line":57,"column":4},"end":{"line":57,"column":5}},"loc":{"start":{"line":57,"column":43},"end":{"line":66,"column":5}},"line":57},"5":{"name":"(anonymous_5)","decl":{"start":{"line":67,"column":4},"end":{"line":67,"column":5}},"loc":{"start":{"line":67,"column":33},"end":{"line":76,"column":5}},"line":67},"6":{"name":"(anonymous_6)","decl":{"start":{"line":77,"column":4},"end":{"line":77,"column":5}},"loc":{"start":{"line":77,"column":32},"end":{"line":105,"column":5}},"line":77},"7":{"name":"(anonymous_7)","decl":{"start":{"line":86,"column":24},"end":{"line":86,"column":25}},"loc":{"start":{"line":86,"column":36},"end":{"line":90,"column":9}},"line":86},"8":{"name":"(anonymous_8)","decl":{"start":{"line":106,"column":4},"end":{"line":106,"column":5}},"loc":{"start":{"line":106,"column":28},"end":{"line":129,"column":5}},"line":106},"9":{"name":"(anonymous_9)","decl":{"start":{"line":119,"column":25},"end":{"line":119,"column":26}},"loc":{"start":{"line":119,"column":34},"end":{"line":123,"column":13}},"line":119},"10":{"name":"(anonymous_10)","decl":{"start":{"line":130,"column":4},"end":{"line":130,"column":5}},"loc":{"start":{"line":130,"column":48},"end":{"line":171,"column":5}},"line":130},"11":{"name":"(anonymous_11)","decl":{"start":{"line":139,"column":22},"end":{"line":139,"column":23}},"loc":{"start":{"line":139,"column":31},"end":{"line":143,"column":9}},"line":139},"12":{"name":"(anonymous_12)","decl":{"start":{"line":146,"column":45},"end":{"line":146,"column":46}},"loc":{"start":{"line":146,"column":55},"end":{"line":154,"column":13}},"line":146},"13":{"name":"(anonymous_13)","decl":{"start":{"line":156,"column":22},"end":{"line":156,"column":23}},"loc":{"start":{"line":156,"column":32},"end":{"line":166,"column":9}},"line":156}},"branchMap":{"0":{"loc":{"start":{"line":7,"column":8},"end":{"line":9,"column":9}},"type":"if","locations":[{"start":{"line":7,"column":8},"end":{"line":9,"column":9}},{"start":{"line":7,"column":8},"end":{"line":9,"column":9}}],"line":7},"1":{"loc":{"start":{"line":7,"column":12},"end":{"line":7,"column":55}},"type":"binary-expr","locations":[{"start":{"line":7,"column":12},"end":{"line":7,"column":37}},{"start":{"line":7,"column":41},"end":{"line":7,"column":55}}],"line":7},"2":{"loc":{"start":{"line":12,"column":38},"end":{"line":14,"column":23}},"type":"cond-expr","locations":[{"start":{"line":13,"column":14},"end":{"line":13,"column":71}},{"start":{"line":14,"column":14},"end":{"line":14,"column":23}}],"line":12},"3":{"loc":{"start":{"line":19,"column":8},"end":{"line":21,"column":9}},"type":"if","locations":[{"start":{"line":19,"column":8},"end":{"line":21,"column":9}},{"start":{"line":19,"column":8},"end":{"line":21,"column":9}}],"line":19},"4":{"loc":{"start":{"line":25,"column":8},"end":{"line":27,"column":9}},"type":"if","locations":[{"start":{"line":25,"column":8},"end":{"line":27,"column":9}},{"start":{"line":25,"column":8},"end":{"line":27,"column":9}}],"line":25},"5":{"loc":{"start":{"line":25,"column":12},"end":{"line":25,"column":55}},"type":"binary-expr","locations":[{"start":{"line":25,"column":12},"end":{"line":25,"column":37}},{"start":{"line":25,"column":41},"end":{"line":25,"column":55}}],"line":25},"6":{"loc":{"start":{"line":28,"column":8},"end":{"line":30,"column":9}},"type":"if","locations":[{"start":{"line":28,"column":8},"end":{"line":30,"column":9}},{"start":{"line":28,"column":8},"end":{"line":30,"column":9}}],"line":28},"7":{"loc":{"start":{"line":33,"column":8},"end":{"line":47,"column":9}},"type":"switch","locations":[{"start":{"line":34,"column":12},"end":{"line":34,"column":23}},{"start":{"line":35,"column":12},"end":{"line":36,"column":76}},{"start":{"line":37,"column":12},"end":{"line":37,"column":22}},{"start":{"line":38,"column":12},"end":{"line":38,"column":22}},{"start":{"line":39,"column":12},"end":{"line":40,"column":70}},{"start":{"line":41,"column":12},"end":{"line":42,"column":58}},{"start":{"line":43,"column":12},"end":{"line":44,"column":67}},{"start":{"line":45,"column":12},"end":{"line":46,"column":70}}],"line":33},"8":{"loc":{"start":{"line":50,"column":8},"end":{"line":52,"column":9}},"type":"if","locations":[{"start":{"line":50,"column":8},"end":{"line":52,"column":9}},{"start":{"line":50,"column":8},"end":{"line":52,"column":9}}],"line":50},"9":{"loc":{"start":{"line":58,"column":8},"end":{"line":60,"column":9}},"type":"if","locations":[{"start":{"line":58,"column":8},"end":{"line":60,"column":9}},{"start":{"line":58,"column":8},"end":{"line":60,"column":9}}],"line":58},"10":{"loc":{"start":{"line":58,"column":12},"end":{"line":58,"column":105}},"type":"binary-expr","locations":[{"start":{"line":58,"column":12},"end":{"line":58,"column":42}},{"start":{"line":58,"column":46},"end":{"line":58,"column":65}},{"start":{"line":58,"column":69},"end":{"line":58,"column":105}}],"line":58},"11":{"loc":{"start":{"line":62,"column":8},"end":{"line":64,"column":9}},"type":"if","locations":[{"start":{"line":62,"column":8},"end":{"line":64,"column":9}},{"start":{"line":62,"column":8},"end":{"line":64,"column":9}}],"line":62},"12":{"loc":{"start":{"line":68,"column":8},"end":{"line":70,"column":9}},"type":"if","locations":[{"start":{"line":68,"column":8},"end":{"line":70,"column":9}},{"start":{"line":68,"column":8},"end":{"line":70,"column":9}}],"line":68},"13":{"loc":{"start":{"line":68,"column":12},"end":{"line":68,"column":105}},"type":"binary-expr","locations":[{"start":{"line":68,"column":12},"end":{"line":68,"column":42}},{"start":{"line":68,"column":46},"end":{"line":68,"column":65}},{"start":{"line":68,"column":69},"end":{"line":68,"column":105}}],"line":68},"14":{"loc":{"start":{"line":72,"column":8},"end":{"line":74,"column":9}},"type":"if","locations":[{"start":{"line":72,"column":8},"end":{"line":74,"column":9}},{"start":{"line":72,"column":8},"end":{"line":74,"column":9}}],"line":72},"15":{"loc":{"start":{"line":78,"column":8},"end":{"line":80,"column":9}},"type":"if","locations":[{"start":{"line":78,"column":8},"end":{"line":80,"column":9}},{"start":{"line":78,"column":8},"end":{"line":80,"column":9}}],"line":78},"16":{"loc":{"start":{"line":78,"column":12},"end":{"line":78,"column":59}},"type":"binary-expr","locations":[{"start":{"line":78,"column":12},"end":{"line":78,"column":39}},{"start":{"line":78,"column":43},"end":{"line":78,"column":59}}],"line":78},"17":{"loc":{"start":{"line":82,"column":8},"end":{"line":84,"column":9}},"type":"if","locations":[{"start":{"line":82,"column":8},"end":{"line":84,"column":9}},{"start":{"line":82,"column":8},"end":{"line":84,"column":9}}],"line":82},"18":{"loc":{"start":{"line":82,"column":12},"end":{"line":82,"column":81}},"type":"binary-expr","locations":[{"start":{"line":82,"column":12},"end":{"line":82,"column":46}},{"start":{"line":82,"column":50},"end":{"line":82,"column":81}}],"line":82},"19":{"loc":{"start":{"line":87,"column":12},"end":{"line":89,"column":13}},"type":"if","locations":[{"start":{"line":87,"column":12},"end":{"line":89,"column":13}},{"start":{"line":87,"column":12},"end":{"line":89,"column":13}}],"line":87},"20":{"loc":{"start":{"line":92,"column":8},"end":{"line":103,"column":9}},"type":"if","locations":[{"start":{"line":92,"column":8},"end":{"line":103,"column":9}},{"start":{"line":92,"column":8},"end":{"line":103,"column":9}}],"line":92},"21":{"loc":{"start":{"line":94,"column":12},"end":{"line":102,"column":13}},"type":"if","locations":[{"start":{"line":94,"column":12},"end":{"line":102,"column":13}},{"start":{"line":94,"column":12},"end":{"line":102,"column":13}}],"line":94},"22":{"loc":{"start":{"line":97,"column":17},"end":{"line":102,"column":13}},"type":"if","locations":[{"start":{"line":97,"column":17},"end":{"line":102,"column":13}},{"start":{"line":97,"column":17},"end":{"line":102,"column":13}}],"line":97},"23":{"loc":{"start":{"line":97,"column":21},"end":{"line":97,"column":64}},"type":"binary-expr","locations":[{"start":{"line":97,"column":21},"end":{"line":97,"column":46}},{"start":{"line":97,"column":50},"end":{"line":97,"column":64}}],"line":97},"24":{"loc":{"start":{"line":107,"column":8},"end":{"line":109,"column":9}},"type":"if","locations":[{"start":{"line":107,"column":8},"end":{"line":109,"column":9}},{"start":{"line":107,"column":8},"end":{"line":109,"column":9}}],"line":107},"25":{"loc":{"start":{"line":110,"column":8},"end":{"line":128,"column":9}},"type":"if","locations":[{"start":{"line":110,"column":8},"end":{"line":128,"column":9}},{"start":{"line":110,"column":8},"end":{"line":128,"column":9}}],"line":110},"26":{"loc":{"start":{"line":110,"column":12},"end":{"line":110,"column":92}},"type":"binary-expr","locations":[{"start":{"line":110,"column":12},"end":{"line":110,"column":37}},{"start":{"line":110,"column":41},"end":{"line":110,"column":55}},{"start":{"line":110,"column":59},"end":{"line":110,"column":73}},{"start":{"line":110,"column":77},"end":{"line":110,"column":92}}],"line":110},"27":{"loc":{"start":{"line":113,"column":12},"end":{"line":115,"column":13}},"type":"if","locations":[{"start":{"line":113,"column":12},"end":{"line":115,"column":13}},{"start":{"line":113,"column":12},"end":{"line":115,"column":13}}],"line":113},"28":{"loc":{"start":{"line":113,"column":16},"end":{"line":113,"column":46}},"type":"binary-expr","locations":[{"start":{"line":113,"column":16},"end":{"line":113,"column":28}},{"start":{"line":113,"column":32},"end":{"line":113,"column":46}}],"line":113},"29":{"loc":{"start":{"line":116,"column":12},"end":{"line":118,"column":13}},"type":"if","locations":[{"start":{"line":116,"column":12},"end":{"line":118,"column":13}},{"start":{"line":116,"column":12},"end":{"line":118,"column":13}}],"line":116},"30":{"loc":{"start":{"line":120,"column":16},"end":{"line":122,"column":17}},"type":"if","locations":[{"start":{"line":120,"column":16},"end":{"line":122,"column":17}},{"start":{"line":120,"column":16},"end":{"line":122,"column":17}}],"line":120},"31":{"loc":{"start":{"line":131,"column":8},"end":{"line":133,"column":9}},"type":"if","locations":[{"start":{"line":131,"column":8},"end":{"line":133,"column":9}},{"start":{"line":131,"column":8},"end":{"line":133,"column":9}}],"line":131},"32":{"loc":{"start":{"line":131,"column":12},"end":{"line":131,"column":75}},"type":"binary-expr","locations":[{"start":{"line":131,"column":12},"end":{"line":131,"column":47}},{"start":{"line":131,"column":51},"end":{"line":131,"column":75}}],"line":131},"33":{"loc":{"start":{"line":135,"column":8},"end":{"line":137,"column":9}},"type":"if","locations":[{"start":{"line":135,"column":8},"end":{"line":137,"column":9}},{"start":{"line":135,"column":8},"end":{"line":137,"column":9}}],"line":135},"34":{"loc":{"start":{"line":135,"column":12},"end":{"line":135,"column":93}},"type":"binary-expr","locations":[{"start":{"line":135,"column":12},"end":{"line":135,"column":52}},{"start":{"line":135,"column":56},"end":{"line":135,"column":93}}],"line":135},"35":{"loc":{"start":{"line":140,"column":12},"end":{"line":142,"column":13}},"type":"if","locations":[{"start":{"line":140,"column":12},"end":{"line":142,"column":13}},{"start":{"line":140,"column":12},"end":{"line":142,"column":13}}],"line":140},"36":{"loc":{"start":{"line":145,"column":8},"end":{"line":155,"column":9}},"type":"if","locations":[{"start":{"line":145,"column":8},"end":{"line":155,"column":9}},{"start":{"line":145,"column":8},"end":{"line":155,"column":9}}],"line":145},"37":{"loc":{"start":{"line":150,"column":16},"end":{"line":152,"column":17}},"type":"if","locations":[{"start":{"line":150,"column":16},"end":{"line":152,"column":17}},{"start":{"line":150,"column":16},"end":{"line":152,"column":17}}],"line":150},"38":{"loc":{"start":{"line":150,"column":20},"end":{"line":150,"column":109}},"type":"binary-expr","locations":[{"start":{"line":150,"column":20},"end":{"line":150,"column":48}},{"start":{"line":150,"column":52},"end":{"line":150,"column":82}},{"start":{"line":150,"column":86},"end":{"line":150,"column":109}}],"line":150},"39":{"loc":{"start":{"line":160,"column":12},"end":{"line":162,"column":13}},"type":"if","locations":[{"start":{"line":160,"column":12},"end":{"line":162,"column":13}},{"start":{"line":160,"column":12},"end":{"line":162,"column":13}}],"line":160},"40":{"loc":{"start":{"line":163,"column":12},"end":{"line":165,"column":13}},"type":"if","locations":[{"start":{"line":163,"column":12},"end":{"line":165,"column":13}},{"start":{"line":163,"column":12},"end":{"line":165,"column":13}}],"line":163}},"s":{"0":1,"1":1,"2":1,"3":3,"4":1,"5":2,"6":2,"7":2,"8":2,"9":2,"10":1,"11":2,"12":5,"13":1,"14":4,"15":1,"16":3,"17":3,"18":3,"19":1,"20":1,"21":1,"22":0,"23":0,"24":2,"25":1,"26":1,"27":2,"28":2,"29":1,"30":1,"31":1,"32":0,"33":1,"34":2,"35":1,"36":1,"37":1,"38":0,"39":1,"40":3,"41":1,"42":2,"43":2,"44":0,"45":2,"46":2,"47":3,"48":0,"49":2,"50":2,"51":1,"52":1,"53":0,"54":1,"55":1,"56":0,"57":2,"58":1,"59":0,"60":1,"61":1,"62":1,"63":1,"64":0,"65":1,"66":0,"67":1,"68":1,"69":0,"70":1,"71":0,"72":1,"73":0,"74":1,"75":1,"76":0,"77":1,"78":1,"79":1,"80":0,"81":1,"82":1,"83":1,"84":1,"85":1,"86":1,"87":1,"88":0,"89":1,"90":1,"91":1,"92":1,"93":1,"94":1,"95":0,"96":1,"97":0,"98":1,"99":1},"f":{"0":3,"1":5,"2":2,"3":2,"4":2,"5":2,"6":3,"7":3,"8":1,"9":1,"10":1,"11":1,"12":1,"13":1},"b":{"0":[1,2],"1":[3,3],"2":[1,1],"3":[1,1],"4":[1,4],"5":[5,5],"6":[1,3],"7":[1,1,0,1,1,1,0,0],"8":[1,1],"9":[1,1],"10":[2,2,1],"11":[0,1],"12":[1,1],"13":[2,2,1],"14":[0,1],"15":[1,2],"16":[3,3],"17":[0,2],"18":[2,2],"19":[0,3],"20":[1,1],"21":[0,1],"22":[1,0],"23":[1,1],"24":[0,1],"25":[1,0],"26":[1,1,1,1],"27":[0,1],"28":[1,1],"29":[0,1],"30":[0,1],"31":[0,1],"32":[1,1],"33":[0,1],"34":[1,1],"35":[0,1],"36":[1,0],"37":[0,1],"38":[1,1,1],"39":[0,1],"40":[0,1]},"inputSourceMap":{"version":3,"file":"/Users/devinproothi/Desktop/University/UBCV/Year 3/CPSC 310/Project/project_team117/src/query/Parser.ts","sources":["/Users/devinproothi/Desktop/University/UBCV/Year 3/CPSC 310/Project/project_team117/src/query/Parser.ts"],"names":[],"mappings":";;;AAAA,iEAA0D;AAW1D,MAAa,MAAM;IAEX,UAAU,CAAC,KAAc;QAC/B,IAAI,OAAO,KAAK,KAAK,QAAQ,IAAI,KAAK,KAAK,IAAI,EAAE;YAChD,MAAM,IAAI,6BAAY,CAAC,yBAAyB,CAAC,CAAC;SAClD;QAGD,MAAM,WAAW,GAAG,IAAI,CAAC,gBAAgB,CAAE,KAAa,CAAC,OAAO,CAAC,CAAC,CAAC;QACnE,MAAM,aAAa,GAAG,IAAI,CAAC,kBAAkB,CAAE,KAAa,CAAC,SAAS,CAAC,CAAC,CAAC;QACzE,MAAM,qBAAqB,GAAI,KAAa,CAAC,iBAAiB,CAAC;YAC9D,CAAC,CAAC,IAAI,CAAC,0BAA0B,CAAE,KAAa,CAAC,iBAAiB,CAAC,CAAC;YACpE,CAAC,CAAC,SAAS,CAAC;QAGb,MAAM,WAAW,GAAU;YAC1B,KAAK,EAAE,WAAW;YAClB,OAAO,EAAE,aAAa;SACtB,CAAC;QAGF,IAAI,qBAAqB,EAAE;YAC1B,WAAW,CAAC,cAAc,GAAG,qBAAqB,CAAC;SACnD;QAED,OAAO,WAAW,CAAC;IACpB,CAAC;IAEM,gBAAgB,CAAC,KAAc;QACrC,IAAI,OAAO,KAAK,KAAK,QAAQ,IAAI,KAAK,KAAK,IAAI,EAAE;YAChD,MAAM,IAAI,KAAK,CAAC,gCAAgC,CAAC,CAAC;SAClD;QAED,IAAI,MAAM,CAAC,IAAI,CAAC,KAAK,CAAC,CAAC,MAAM,KAAK,CAAC,EAAE;YACpC,OAAO,EAAE,CAAC;SACV;QAED,MAAM,UAAU,GAAG,MAAM,CAAC,IAAI,CAAC,KAAK,CAAC,CAAC,CAAC,CAAC,CAAC;QACzC,MAAM,WAAW,GAAI,KAAa,CAAC,UAAU,CAAC,CAAC;QAC/C,QAAQ,UAAU,EAAE;YACnB,KAAK,KAAK,CAAC;YACX,KAAK,IAAI;gBACR,OAAO,IAAI,CAAC,sBAAsB,CAAC,UAAU,EAAE,WAAW,CAAC,CAAC;YAC7D,KAAK,IAAI,CAAC;YACV,KAAK,IAAI,CAAC;YACV,KAAK,IAAI;gBACR,OAAO,IAAI,CAAC,gBAAgB,CAAC,UAAU,EAAE,WAAW,CAAC,CAAC;YACvD,KAAK,IAAI;gBACR,OAAO,IAAI,CAAC,gBAAgB,CAAC,WAAW,CAAC,CAAC;YAC3C,KAAK,KAAK;gBACT,OAAO,EAAC,GAAG,EAAE,IAAI,CAAC,gBAAgB,CAAC,WAAW,CAAC,EAAC,CAAC;YAClD;gBACC,MAAM,IAAI,KAAK,CAAC,wBAAwB,UAAU,EAAE,CAAC,CAAC;SACvD;IACF,CAAC;IAEM,sBAAsB,CAAC,QAAgB,EAAE,OAAgB;QAC/D,IAAI,CAAC,KAAK,CAAC,OAAO,CAAC,OAAO,CAAC,EAAE;YAC5B,MAAM,IAAI,KAAK,CAAC,GAAG,QAAQ,yBAAyB,CAAC,CAAC;SACtD;QACD,OAAO;YACN,CAAC,QAAQ,CAAC,EAAE,OAAO,CAAC,GAAG,CAAC,CAAC,MAAM,EAAE,EAAE,CAAC,IAAI,CAAC,gBAAgB,CAAC,MAAM,CAAC,CAAC;SAClE,CAAC;IACH,CAAC;IAEM,gBAAgB,CAAC,QAAgB,EAAE,UAAmB;QAC5D,IAAI,OAAO,UAAU,KAAK,QAAQ,IAAI,UAAU,KAAK,IAAI,IAAI,MAAM,CAAC,IAAI,CAAC,UAAU,CAAC,CAAC,MAAM,KAAK,CAAC,EAAE;YAClG,MAAM,IAAI,KAAK,CAAC,GAAG,QAAQ,0DAA0D,CAAC,CAAC;SACvF;QACD,MAAM,CAAC,KAAK,EAAE,KAAK,CAAC,GAAG,MAAM,CAAC,OAAO,CAAC,UAAU,CAAC,CAAC,CAAC,CAAC,CAAC;QACrD,IAAI,OAAO,KAAK,KAAK,QAAQ,EAAE;YAC9B,MAAM,IAAI,KAAK,CAAC,aAAa,KAAK,OAAO,QAAQ,8BAA8B,CAAC,CAAC;SACjF;QACD,OAAO,EAAC,CAAC,QAAQ,CAAC,EAAE,EAAC,CAAC,KAAK,CAAC,EAAE,KAAK,EAAC,EAAC,CAAC;IACvC,CAAC;IAEM,gBAAgB,CAAC,UAAmB;QAC1C,IAAI,OAAO,UAAU,KAAK,QAAQ,IAAI,UAAU,KAAK,IAAI,IAAI,MAAM,CAAC,IAAI,CAAC,UAAU,CAAC,CAAC,MAAM,KAAK,CAAC,EAAE;YAClG,MAAM,IAAI,KAAK,CAAC,2DAA2D,CAAC,CAAC;SAC7E;QACD,MAAM,CAAC,KAAK,EAAE,KAAK,CAAC,GAAG,MAAM,CAAC,OAAO,CAAC,UAAU,CAAC,CAAC,CAAC,CAAC,CAAC;QACrD,IAAI,OAAO,KAAK,KAAK,QAAQ,EAAE;YAC9B,MAAM,IAAI,KAAK,CAAC,aAAa,KAAK,oCAAoC,CAAC,CAAC;SACxE;QACD,OAAO,EAAC,EAAE,EAAE,EAAC,CAAC,KAAK,CAAC,EAAE,KAAK,EAAC,EAAC,CAAC;IAC/B,CAAC;IAEM,kBAAkB,CAAC,OAAgB;QACzC,IAAI,OAAO,OAAO,KAAK,QAAQ,IAAI,OAAO,KAAK,IAAI,EAAE;YACpD,MAAM,IAAI,6BAAY,CAAC,2BAA2B,CAAC,CAAC;SACpD;QAED,MAAM,UAAU,GAAG,OAA2B,CAAC;QAC/C,IAAI,CAAC,KAAK,CAAC,OAAO,CAAC,UAAU,CAAC,OAAO,CAAC,IAAI,UAAU,CAAC,OAAO,CAAC,MAAM,KAAK,CAAC,EAAE;YAC1E,MAAM,IAAI,6BAAY,CAAC,mCAAmC,CAAC,CAAC;SAC5D;QAGD,MAAM,OAAO,GAAG,UAAU,CAAC,OAAO,CAAC;QACnC,OAAO,CAAC,OAAO,CAAC,CAAC,MAAM,EAAE,EAAE;YAC1B,IAAI,OAAO,MAAM,KAAK,QAAQ,EAAE;gBAC/B,MAAM,IAAI,6BAAY,CAAC,uCAAuC,CAAC,CAAC;aAChE;QACF,CAAC,CAAC,CAAC;QAEH,MAAM,aAAa,GAAY,EAAC,OAAO,EAAE,OAAO,EAAC,CAAC;QAGlD,IAAI,UAAU,CAAC,KAAK,KAAK,SAAS,EAAE;YACnC,MAAM,KAAK,GAAG,UAAU,CAAC,KAAK,CAAC;YAC/B,IAAI,OAAO,KAAK,KAAK,QAAQ,EAAE;gBAC9B,aAAa,CAAC,KAAK,GAAG,KAAK,CAAC;aAC5B;iBAAM,IAAI,OAAO,KAAK,KAAK,QAAQ,IAAI,KAAK,KAAK,IAAI,EAAE;gBACvD,aAAa,CAAC,KAAK,GAAG,IAAI,CAAC,gBAAgB,CAAC,KAAK,CAAC,CAAC;aACnD;iBAAM;gBACN,MAAM,IAAI,6BAAY,CAAC,sBAAsB,CAAC,CAAC;aAC/C;SACD;QAED,OAAO,aAAa,CAAC;IACtB,CAAC;IAEO,gBAAgB,CAAC,KAAc;QAEtC,IAAI,OAAO,KAAK,KAAK,QAAQ,EAAE;YAC9B,OAAO,KAAK,CAAC;SACb;QAGD,IAAI,OAAO,KAAK,KAAK,QAAQ,IAAI,KAAK,KAAK,IAAI,IAAI,KAAK,IAAI,KAAK,IAAI,MAAM,IAAI,KAAK,EAAE;YACrF,MAAM,GAAG,GAAI,KAAa,CAAC,GAAG,CAAC;YAC/B,MAAM,IAAI,GAAI,KAAa,CAAC,IAAI,CAAC;YACjC,IAAI,GAAG,KAAK,IAAI,IAAI,GAAG,KAAK,MAAM,EAAE;gBACnC,MAAM,IAAI,6BAAY,CAAC,oCAAoC,CAAC,CAAC;aAC7D;YACD,IAAI,CAAC,KAAK,CAAC,OAAO,CAAC,IAAI,CAAC,EAAE;gBACzB,MAAM,IAAI,6BAAY,CAAC,6BAA6B,CAAC,CAAC;aACtD;YACD,IAAI,CAAC,OAAO,CAAC,CAAC,GAAG,EAAE,EAAE;gBACpB,IAAI,OAAO,GAAG,KAAK,QAAQ,EAAE;oBAC5B,MAAM,IAAI,6BAAY,CAAC,iCAAiC,CAAC,CAAC;iBAC1D;YACF,CAAC,CAAC,CAAC;YACH,OAAO,EAAC,GAAG,EAAE,IAAI,EAAC,CAAC;SACnB;aAAM;YAEN,MAAM,IAAI,6BAAY,CAAC,sBAAsB,CAAC,CAAC;SAC/C;IACF,CAAC;IAEM,0BAA0B,CAAC,eAAwB;QACzD,IAAI,OAAO,eAAe,KAAK,QAAQ,IAAI,eAAe,KAAK,IAAI,EAAE;YACpE,MAAM,IAAI,6BAAY,CAAC,mCAAmC,CAAC,CAAC;SAC5D;QAED,MAAM,kBAAkB,GAAG,eAA2C,CAAC;QACvE,IAAI,CAAC,KAAK,CAAC,OAAO,CAAC,kBAAkB,CAAC,KAAK,CAAC,IAAI,kBAAkB,CAAC,KAAK,CAAC,MAAM,KAAK,CAAC,EAAE;YACtF,MAAM,IAAI,6BAAY,CAAC,iCAAiC,CAAC,CAAC;SAC1D;QAGD,MAAM,KAAK,GAAa,kBAAkB,CAAC,KAAK,CAAC;QACjD,KAAK,CAAC,OAAO,CAAC,CAAC,GAAG,EAAE,EAAE;YACrB,IAAI,OAAO,GAAG,KAAK,QAAQ,EAAE;gBAC5B,MAAM,IAAI,6BAAY,CAAC,oCAAoC,CAAC,CAAC;aAC7D;QACF,CAAC,CAAC,CAAC;QAGH,MAAM,KAAK,GAAgB,EAAE,CAAC;QAC9B,IAAI,KAAK,CAAC,OAAO,CAAC,kBAAkB,CAAC,KAAK,CAAC,EAAE;YAC5C,kBAAkB,CAAC,KAAK,CAAC,OAAO,CAAC,CAAC,IAAI,EAAE,EAAE;gBACzC,MAAM,QAAQ,GAAG,MAAM,CAAC,IAAI,CAAC,IAAI,CAAC,CAAC,CAAC,CAAC,CAAC;gBACtC,MAAM,UAAU,GAAG,MAAM,CAAC,IAAI,CAAC,IAAI,CAAC,QAAQ,CAAC,CAAC,CAAC,CAAC,CAAC,CAAC;gBAClD,MAAM,GAAG,GAAG,IAAI,CAAC,QAAQ,CAAC,CAAC,UAAU,CAAC,CAAC;gBACvC,IAAI,OAAO,QAAQ,KAAK,QAAQ,IAAI,OAAO,UAAU,KAAK,QAAQ,IAAI,OAAO,GAAG,KAAK,QAAQ,EAAE;oBAC9F,MAAM,IAAI,6BAAY,CAAC,2BAA2B,CAAC,CAAC;iBACpD;gBACD,KAAK,CAAC,IAAI,CAAC,EAAC,CAAC,QAAQ,CAAC,EAAE,EAAC,CAAC,UAAU,CAAC,EAAE,GAAG,EAAC,EAAC,CAAC,CAAC;YAC/C,CAAC,CAAC,CAAC;SACH;QACD,KAAK,CAAC,OAAO,CAAC,CAAC,IAAe,EAAE,EAAE;YACjC,MAAM,QAAQ,GAAG,MAAM,CAAC,IAAI,CAAC,IAAI,CAAC,CAAC,CAAC,CAAC,CAAC;YACtC,MAAM,UAAU,GAAG,MAAM,CAAC,IAAI,CAAC,IAAI,CAAC,QAAQ,CAAC,CAAC,CAAC,CAAC,CAAC,CAAC;YAClD,MAAM,UAAU,GAAG,IAAI,CAAC,QAAQ,CAAC,CAAC,UAAU,CAAC,CAAC;YAE9C,IAAI,CAAC,CAAC,KAAK,EAAE,KAAK,EAAE,KAAK,EAAE,OAAO,EAAE,KAAK,CAAC,CAAC,QAAQ,CAAC,UAAU,CAAC,EAAE;gBAChE,MAAM,IAAI,6BAAY,CAAC,wBAAwB,UAAU,EAAE,CAAC,CAAC;aAC7D;YAED,IAAI,OAAO,UAAU,KAAK,QAAQ,EAAE;gBACnC,MAAM,IAAI,6BAAY,CAAC,aAAa,UAAU,mBAAmB,CAAC,CAAC;aACnE;QACF,CAAC,CAAC,CAAC;QAEH,OAAO;YACN,KAAK,EAAE,KAAK;YACZ,KAAK,EAAE,KAAK;SACZ,CAAC;IACH,CAAC;CACD;AAxMD,wBAwMC","sourcesContent":["import {InsightError} from \"../controller/IInsightFacade\";\nimport {\n\tQuery,\n\tFilter,\n\tLogicComparison,\n\tMComparison,\n\tSComparison,\n\tOptions,\n\tApplyRule,\n\tTransformations, Order\n} from \"../dataModels/Query\";\nexport class Parser {\n\n\tpublic parseQuery(query: unknown): Query {\n\t\tif (typeof query !== \"object\" || query === null) {\n\t\t\tthrow new InsightError(\"Query must be an object\");\n\t\t}\n\n\t\t// Extract WHERE, OPTIONS, and optionally TRANSFORMATIONS from the query\n\t\tconst whereClause = this.parseWhereClause((query as any)[\"WHERE\"]);\n\t\tconst optionsClause = this.parseOptionsClause((query as any)[\"OPTIONS\"]);\n\t\tconst transformationsClause = (query as any)[\"TRANSFORMATIONS\"]\n\t\t\t? this.parseTransformationsClause((query as any)[\"TRANSFORMATIONS\"])\n\t\t\t: undefined; // incase there is no transformation\n\n\t\t// Construct and return the query object\n\t\tconst parsedQuery: Query = {\n\t\t\tWHERE: whereClause,\n\t\t\tOPTIONS: optionsClause,\n\t\t};\n\n\t\t// If TRANSFORMATIONS is present in the query\n\t\tif (transformationsClause) {\n\t\t\tparsedQuery.TRANSFORMATION = transformationsClause;\n\t\t}\n\n\t\treturn parsedQuery;\n\t}\n\n\tpublic parseWhereClause(where: unknown): Filter {\n\t\tif (typeof where !== \"object\" || where === null) {\n\t\t\tthrow new Error(\"WHERE clause must be an object\");\n\t\t}\n\n\t\tif (Object.keys(where).length === 0) {\n\t\t\treturn {}; // Represents no filter\n\t\t}\n\n\t\tconst filterType = Object.keys(where)[0];\n\t\tconst filterValue = (where as any)[filterType];\n\t\tswitch (filterType) {\n\t\t\tcase \"AND\":\n\t\t\tcase \"OR\":\n\t\t\t\treturn this.parseLogicalComparison(filterType, filterValue);\n\t\t\tcase \"LT\":\n\t\t\tcase \"GT\":\n\t\t\tcase \"EQ\":\n\t\t\t\treturn this.parseMComparison(filterType, filterValue);\n\t\t\tcase \"IS\":\n\t\t\t\treturn this.parseSComparison(filterValue);\n\t\t\tcase \"NOT\":\n\t\t\t\treturn {NOT: this.parseWhereClause(filterValue)};\n\t\t\tdefault:\n\t\t\t\tthrow new Error(`Invalid filter type: ${filterType}`);\n\t\t}\n\t}\n\n\tpublic parseLogicalComparison(operator: string, filters: unknown): LogicComparison {\n\t\tif (!Array.isArray(filters)) {\n\t\t\tthrow new Error(`${operator} value must be an array`);\n\t\t}\n\t\treturn {\n\t\t\t[operator]: filters.map((filter) => this.parseWhereClause(filter)),\n\t\t};\n\t}\n\n\tpublic parseMComparison(operator: string, comparison: unknown): MComparison {\n\t\tif (typeof comparison !== \"object\" || comparison === null || Object.keys(comparison).length !== 1) {\n\t\t\tthrow new Error(`${operator} comparison requires a single field with a numeric value`);\n\t\t}\n\t\tconst [field, value] = Object.entries(comparison)[0];\n\t\tif (typeof value !== \"number\") {\n\t\t\tthrow new Error(`Value for ${field} in ${operator} comparison must be a number`);\n\t\t}\n\t\treturn {[operator]: {[field]: value}};\n\t}\n\n\tpublic parseSComparison(comparison: unknown): SComparison {\n\t\tif (typeof comparison !== \"object\" || comparison === null || Object.keys(comparison).length !== 1) {\n\t\t\tthrow new Error(\"IS comparison requires a single field with a string value\");\n\t\t}\n\t\tconst [field, value] = Object.entries(comparison)[0];\n\t\tif (typeof value !== \"string\") {\n\t\t\tthrow new Error(`Value for ${field} in IS comparison must be a string`);\n\t\t}\n\t\treturn {IS: {[field]: value}};\n\t}\n\n\tpublic parseOptionsClause(options: unknown): Options {\n\t\tif (typeof options !== \"object\" || options === null) {\n\t\t\tthrow new InsightError(\"OPTIONS must be an object\");\n\t\t}\n\n\t\tconst optionsObj = options as Partial<Options>;\n\t\tif (!Array.isArray(optionsObj.COLUMNS) || optionsObj.COLUMNS.length === 0) {\n\t\t\tthrow new InsightError(\"COLUMNS must be a non-empty array\");\n\t\t}\n\n\t\t// Validate that each item in COLUMNS is a string\n\t\tconst columns = optionsObj.COLUMNS;\n\t\tcolumns.forEach((column) => {\n\t\t\tif (typeof column !== \"string\") {\n\t\t\t\tthrow new InsightError(\"Each item in COLUMNS must be a string\");\n\t\t\t}\n\t\t});\n\n\t\tconst parsedOptions: Options = {COLUMNS: columns};\n\n\t\t// If ORDER is specified, validate it\n\t\tif (optionsObj.ORDER !== undefined) {\n\t\t\tconst order = optionsObj.ORDER;\n\t\t\tif (typeof order === \"string\") {\n\t\t\t\tparsedOptions.ORDER = order;\n\t\t\t} else if (typeof order === \"object\" && order !== null) {\n\t\t\t\tparsedOptions.ORDER = this.parseOrderClause(order);\n\t\t\t} else {\n\t\t\t\tthrow new InsightError(\"Invalid ORDER format\");\n\t\t\t}\n\t\t}\n\n\t\treturn parsedOptions;\n\t}\n\n\tprivate parseOrderClause(order: unknown): Order | string {\n\t\t// Check if 'order' is a string, which is a simple case, return it directly\n\t\tif (typeof order === \"string\") {\n\t\t\treturn order;\n\t\t}\n\n\t\t// If 'order' is not a string, we need to ensure it's an object with the correct properties\n\t\tif (typeof order === \"object\" && order !== null && \"dir\" in order && \"keys\" in order) {\n\t\t\tconst dir = (order as any).dir;\n\t\t\tconst keys = (order as any).keys;\n\t\t\tif (dir !== \"UP\" && dir !== \"DOWN\") {\n\t\t\t\tthrow new InsightError(\"ORDER direction must be UP or DOWN\");\n\t\t\t}\n\t\t\tif (!Array.isArray(keys)) {\n\t\t\t\tthrow new InsightError(\"ORDER keys must be an array\");\n\t\t\t}\n\t\t\tkeys.forEach((key) => {\n\t\t\t\tif (typeof key !== \"string\") {\n\t\t\t\t\tthrow new InsightError(\"Each ORDER key must be a string\");\n\t\t\t\t}\n\t\t\t});\n\t\t\treturn {dir, keys};\n\t\t} else {\n\t\t\t// If 'order' is neither a string nor a properly structured object, throw an error\n\t\t\tthrow new InsightError(\"Invalid ORDER format\");\n\t\t}\n\t}\n\n\tpublic parseTransformationsClause(transformations: unknown): Transformations {\n\t\tif (typeof transformations !== \"object\" || transformations === null) {\n\t\t\tthrow new InsightError(\"TRANSFORMATIONS must be an object\");\n\t\t}\n\n\t\tconst transformationsObj = transformations as Partial<Transformations>;\n\t\tif (!Array.isArray(transformationsObj.GROUP) || transformationsObj.GROUP.length === 0) {\n\t\t\tthrow new InsightError(\"GROUP must be a non-empty array\");\n\t\t}\n\n\t\t// Parse GROUP array\n\t\tconst group: string[] = transformationsObj.GROUP;\n\t\tgroup.forEach((key) => {\n\t\t\tif (typeof key !== \"string\") {\n\t\t\t\tthrow new InsightError(\"Each key in GROUP must be a string\");\n\t\t\t}\n\t\t});\n\n\t\t// Parse APPLY array\n\t\tconst apply: ApplyRule[] = [];\n\t\tif (Array.isArray(transformationsObj.APPLY)) {\n\t\t\ttransformationsObj.APPLY.forEach((rule) => {\n\t\t\t\tconst applyKey = Object.keys(rule)[0];\n\t\t\t\tconst applyToken = Object.keys(rule[applyKey])[0];\n\t\t\t\tconst key = rule[applyKey][applyToken];\n\t\t\t\tif (typeof applyKey !== \"string\" || typeof applyToken !== \"string\" || typeof key !== \"string\") {\n\t\t\t\t\tthrow new InsightError(\"Invalid APPLY rule format\");\n\t\t\t\t}\n\t\t\t\tapply.push({[applyKey]: {[applyToken]: key}});\n\t\t\t});\n\t\t}\n\t\tapply.forEach((rule: ApplyRule) => {\n\t\t\tconst applyKey = Object.keys(rule)[0];\n\t\t\tconst applyToken = Object.keys(rule[applyKey])[0];\n\t\t\tconst tokenValue = rule[applyKey][applyToken];\n\n\t\t\tif (![\"MAX\", \"MIN\", \"AVG\", \"COUNT\", \"SUM\"].includes(applyToken)) {\n\t\t\t\tthrow new InsightError(`Invalid APPLY token: ${applyToken}`);\n\t\t\t}\n\n\t\t\tif (typeof tokenValue !== \"string\") {\n\t\t\t\tthrow new InsightError(`Value for ${applyToken} must be a string`);\n\t\t\t}\n\t\t});\n\n\t\treturn {\n\t\t\tGROUP: group,\n\t\t\tAPPLY: apply\n\t\t};\n\t}\n}\n\n\n"]},"_coverageSchema":"1a1c01bbd47fc00a2c39e90264f33305004495a9","hash":"8e8d7be00c49287e349b26cfaae4598e23f46035","contentHash":"9b90cd34dfe57f52160078cc9e72a3ddd66d00eb1c810e8a3a56af6b733922ae"},"/Users/devinproothi/Desktop/University/UBCV/Year 3/CPSC 310/Project/project_team117/src/query/Validator.ts":{"path":"/Users/devinproothi/Desktop/University/UBCV/Year 3/CPSC 310/Project/project_team117/src/query/Validator.ts","statementMap":{"0":{"start":{"line":2,"column":0},"end":{"line":2,"column":62}},"1":{"start":{"line":3,"column":0},"end":{"line":3,"column":27}},"2":{"start":{"line":4,"column":25},"end":{"line":4,"column":64}},"3":{"start":{"line":7,"column":8},"end":{"line":7,"column":46}},"4":{"start":{"line":8,"column":8},"end":{"line":8,"column":50}},"5":{"start":{"line":9,"column":8},"end":{"line":11,"column":9}},"6":{"start":{"line":10,"column":12},"end":{"line":10,"column":69}},"7":{"start":{"line":14,"column":8},"end":{"line":16,"column":9}},"8":{"start":{"line":15,"column":12},"end":{"line":15,"column":19}},"9":{"start":{"line":17,"column":8},"end":{"line":31,"column":9}},"10":{"start":{"line":18,"column":12},"end":{"line":18,"column":49}},"11":{"start":{"line":20,"column":13},"end":{"line":31,"column":9}},"12":{"start":{"line":21,"column":12},"end":{"line":21,"column":45}},"13":{"start":{"line":23,"column":13},"end":{"line":31,"column":9}},"14":{"start":{"line":24,"column":12},"end":{"line":24,"column":45}},"15":{"start":{"line":26,"column":13},"end":{"line":31,"column":9}},"16":{"start":{"line":27,"column":12},"end":{"line":27,"column":49}},"17":{"start":{"line":30,"column":12},"end":{"line":30,"column":91}},"18":{"start":{"line":34,"column":24},"end":{"line":34,"column":65}},"19":{"start":{"line":35,"column":8},"end":{"line":37,"column":9}},"20":{"start":{"line":36,"column":12},"end":{"line":36,"column":92}},"21":{"start":{"line":38,"column":8},"end":{"line":38,"column":70}},"22":{"start":{"line":38,"column":36},"end":{"line":38,"column":68}},"23":{"start":{"line":41,"column":27},"end":{"line":41,"column":77}},"24":{"start":{"line":42,"column":8},"end":{"line":44,"column":9}},"25":{"start":{"line":43,"column":12},"end":{"line":43,"column":104}},"26":{"start":{"line":45,"column":8},"end":{"line":47,"column":9}},"27":{"start":{"line":46,"column":12},"end":{"line":46,"column":98}},"28":{"start":{"line":50,"column":27},"end":{"line":50,"column":41}},"29":{"start":{"line":51,"column":8},"end":{"line":53,"column":9}},"30":{"start":{"line":52,"column":12},"end":{"line":52,"column":104}},"31":{"start":{"line":54,"column":8},"end":{"line":56,"column":9}},"32":{"start":{"line":55,"column":12},"end":{"line":55,"column":98}},"33":{"start":{"line":59,"column":8},"end":{"line":61,"column":9}},"34":{"start":{"line":60,"column":12},"end":{"line":60,"column":89}},"35":{"start":{"line":62,"column":8},"end":{"line":66,"column":11}},"36":{"start":{"line":63,"column":12},"end":{"line":65,"column":13}},"37":{"start":{"line":64,"column":16},"end":{"line":64,"column":97}},"38":{"start":{"line":67,"column":8},"end":{"line":75,"column":9}},"39":{"start":{"line":68,"column":26},"end":{"line":68,"column":39}},"40":{"start":{"line":69,"column":12},"end":{"line":74,"column":13}},"41":{"start":{"line":70,"column":16},"end":{"line":70,"column":65}},"42":{"start":{"line":73,"column":16},"end":{"line":73,"column":65}},"43":{"start":{"line":78,"column":8},"end":{"line":80,"column":9}},"44":{"start":{"line":79,"column":12},"end":{"line":79,"column":107}},"45":{"start":{"line":83,"column":8},"end":{"line":85,"column":9}},"46":{"start":{"line":84,"column":12},"end":{"line":84,"column":90}},"47":{"start":{"line":86,"column":8},"end":{"line":88,"column":9}},"48":{"start":{"line":87,"column":12},"end":{"line":87,"column":92}},"49":{"start":{"line":89,"column":8},"end":{"line":93,"column":11}},"50":{"start":{"line":90,"column":12},"end":{"line":92,"column":13}},"51":{"start":{"line":91,"column":16},"end":{"line":91,"column":115}},"52":{"start":{"line":96,"column":8},"end":{"line":96,"column":55}},"53":{"start":{"line":97,"column":8},"end":{"line":97,"column":55}},"54":{"start":{"line":100,"column":8},"end":{"line":104,"column":11}},"55":{"start":{"line":101,"column":12},"end":{"line":103,"column":13}},"56":{"start":{"line":102,"column":16},"end":{"line":102,"column":91}},"57":{"start":{"line":107,"column":30},"end":{"line":107,"column":39}},"58":{"start":{"line":108,"column":8},"end":{"line":117,"column":11}},"59":{"start":{"line":109,"column":29},"end":{"line":109,"column":49}},"60":{"start":{"line":110,"column":12},"end":{"line":112,"column":13}},"61":{"start":{"line":111,"column":16},"end":{"line":111,"column":119}},"62":{"start":{"line":113,"column":12},"end":{"line":113,"column":40}},"63":{"start":{"line":114,"column":31},"end":{"line":114,"column":61}},"64":{"start":{"line":115,"column":31},"end":{"line":115,"column":57}},"65":{"start":{"line":116,"column":12},"end":{"line":116,"column":60}},"66":{"start":{"line":120,"column":8},"end":{"line":122,"column":9}},"67":{"start":{"line":121,"column":12},"end":{"line":121,"column":90}},"68":{"start":{"line":123,"column":8},"end":{"line":125,"column":9}},"69":{"start":{"line":124,"column":12},"end":{"line":124,"column":96}},"70":{"start":{"line":128,"column":0},"end":{"line":128,"column":30}}},"fnMap":{"0":{"name":"(anonymous_0)","decl":{"start":{"line":6,"column":4},"end":{"line":6,"column":5}},"loc":{"start":{"line":6,"column":25},"end":{"line":12,"column":5}},"line":6},"1":{"name":"(anonymous_1)","decl":{"start":{"line":13,"column":4},"end":{"line":13,"column":5}},"loc":{"start":{"line":13,"column":32},"end":{"line":32,"column":5}},"line":13},"2":{"name":"(anonymous_2)","decl":{"start":{"line":33,"column":4},"end":{"line":33,"column":5}},"loc":{"start":{"line":33,"column":45},"end":{"line":39,"column":5}},"line":33},"3":{"name":"(anonymous_3)","decl":{"start":{"line":38,"column":24},"end":{"line":38,"column":25}},"loc":{"start":{"line":38,"column":36},"end":{"line":38,"column":68}},"line":38},"4":{"name":"(anonymous_4)","decl":{"start":{"line":40,"column":4},"end":{"line":40,"column":5}},"loc":{"start":{"line":40,"column":37},"end":{"line":48,"column":5}},"line":40},"5":{"name":"(anonymous_5)","decl":{"start":{"line":49,"column":4},"end":{"line":49,"column":5}},"loc":{"start":{"line":49,"column":37},"end":{"line":57,"column":5}},"line":49},"6":{"name":"(anonymous_6)","decl":{"start":{"line":58,"column":4},"end":{"line":58,"column":5}},"loc":{"start":{"line":58,"column":35},"end":{"line":76,"column":5}},"line":58},"7":{"name":"(anonymous_7)","decl":{"start":{"line":62,"column":32},"end":{"line":62,"column":33}},"loc":{"start":{"line":62,"column":44},"end":{"line":66,"column":9}},"line":62},"8":{"name":"(anonymous_8)","decl":{"start":{"line":77,"column":4},"end":{"line":77,"column":5}},"loc":{"start":{"line":77,"column":40},"end":{"line":81,"column":5}},"line":77},"9":{"name":"(anonymous_9)","decl":{"start":{"line":82,"column":4},"end":{"line":82,"column":5}},"loc":{"start":{"line":82,"column":40},"end":{"line":94,"column":5}},"line":82},"10":{"name":"(anonymous_10)","decl":{"start":{"line":89,"column":27},"end":{"line":89,"column":28}},"loc":{"start":{"line":89,"column":36},"end":{"line":93,"column":9}},"line":89},"11":{"name":"(anonymous_11)","decl":{"start":{"line":95,"column":4},"end":{"line":95,"column":5}},"loc":{"start":{"line":95,"column":51},"end":{"line":98,"column":5}},"line":95},"12":{"name":"(anonymous_12)","decl":{"start":{"line":99,"column":4},"end":{"line":99,"column":5}},"loc":{"start":{"line":99,"column":30},"end":{"line":105,"column":5}},"line":99},"13":{"name":"(anonymous_13)","decl":{"start":{"line":100,"column":22},"end":{"line":100,"column":23}},"loc":{"start":{"line":100,"column":31},"end":{"line":104,"column":9}},"line":100},"14":{"name":"(anonymous_14)","decl":{"start":{"line":106,"column":4},"end":{"line":106,"column":5}},"loc":{"start":{"line":106,"column":30},"end":{"line":118,"column":5}},"line":106},"15":{"name":"(anonymous_15)","decl":{"start":{"line":108,"column":22},"end":{"line":108,"column":23}},"loc":{"start":{"line":108,"column":32},"end":{"line":117,"column":9}},"line":108},"16":{"name":"(anonymous_16)","decl":{"start":{"line":119,"column":4},"end":{"line":119,"column":5}},"loc":{"start":{"line":119,"column":47},"end":{"line":126,"column":5}},"line":119}},"branchMap":{"0":{"loc":{"start":{"line":9,"column":8},"end":{"line":11,"column":9}},"type":"if","locations":[{"start":{"line":9,"column":8},"end":{"line":11,"column":9}},{"start":{"line":9,"column":8},"end":{"line":11,"column":9}}],"line":9},"1":{"loc":{"start":{"line":14,"column":8},"end":{"line":16,"column":9}},"type":"if","locations":[{"start":{"line":14,"column":8},"end":{"line":16,"column":9}},{"start":{"line":14,"column":8},"end":{"line":16,"column":9}}],"line":14},"2":{"loc":{"start":{"line":17,"column":8},"end":{"line":31,"column":9}},"type":"if","locations":[{"start":{"line":17,"column":8},"end":{"line":31,"column":9}},{"start":{"line":17,"column":8},"end":{"line":31,"column":9}}],"line":17},"3":{"loc":{"start":{"line":17,"column":12},"end":{"line":17,"column":45}},"type":"binary-expr","locations":[{"start":{"line":17,"column":12},"end":{"line":17,"column":27}},{"start":{"line":17,"column":31},"end":{"line":17,"column":45}}],"line":17},"4":{"loc":{"start":{"line":20,"column":13},"end":{"line":31,"column":9}},"type":"if","locations":[{"start":{"line":20,"column":13},"end":{"line":31,"column":9}},{"start":{"line":20,"column":13},"end":{"line":31,"column":9}}],"line":20},"5":{"loc":{"start":{"line":20,"column":17},"end":{"line":20,"column":67}},"type":"binary-expr","locations":[{"start":{"line":20,"column":17},"end":{"line":20,"column":31}},{"start":{"line":20,"column":35},"end":{"line":20,"column":49}},{"start":{"line":20,"column":53},"end":{"line":20,"column":67}}],"line":20},"6":{"loc":{"start":{"line":23,"column":13},"end":{"line":31,"column":9}},"type":"if","locations":[{"start":{"line":23,"column":13},"end":{"line":31,"column":9}},{"start":{"line":23,"column":13},"end":{"line":31,"column":9}}],"line":23},"7":{"loc":{"start":{"line":26,"column":13},"end":{"line":31,"column":9}},"type":"if","locations":[{"start":{"line":26,"column":13},"end":{"line":31,"column":9}},{"start":{"line":26,"column":13},"end":{"line":31,"column":9}}],"line":26},"8":{"loc":{"start":{"line":34,"column":24},"end":{"line":34,"column":65}},"type":"binary-expr","locations":[{"start":{"line":34,"column":24},"end":{"line":34,"column":43}},{"start":{"line":34,"column":47},"end":{"line":34,"column":65}}],"line":34},"9":{"loc":{"start":{"line":35,"column":8},"end":{"line":37,"column":9}},"type":"if","locations":[{"start":{"line":35,"column":8},"end":{"line":37,"column":9}},{"start":{"line":35,"column":8},"end":{"line":37,"column":9}}],"line":35},"10":{"loc":{"start":{"line":35,"column":12},"end":{"line":35,"column":59}},"type":"binary-expr","locations":[{"start":{"line":35,"column":12},"end":{"line":35,"column":35}},{"start":{"line":35,"column":39},"end":{"line":35,"column":59}}],"line":35},"11":{"loc":{"start":{"line":41,"column":27},"end":{"line":41,"column":77}},"type":"binary-expr","locations":[{"start":{"line":41,"column":27},"end":{"line":41,"column":41}},{"start":{"line":41,"column":45},"end":{"line":41,"column":59}},{"start":{"line":41,"column":63},"end":{"line":41,"column":77}}],"line":41},"12":{"loc":{"start":{"line":42,"column":8},"end":{"line":44,"column":9}},"type":"if","locations":[{"start":{"line":42,"column":8},"end":{"line":44,"column":9}},{"start":{"line":42,"column":8},"end":{"line":44,"column":9}}],"line":42},"13":{"loc":{"start":{"line":42,"column":12},"end":{"line":42,"column":82}},"type":"binary-expr","locations":[{"start":{"line":42,"column":12},"end":{"line":42,"column":42}},{"start":{"line":42,"column":46},"end":{"line":42,"column":82}}],"line":42},"14":{"loc":{"start":{"line":45,"column":8},"end":{"line":47,"column":9}},"type":"if","locations":[{"start":{"line":45,"column":8},"end":{"line":47,"column":9}},{"start":{"line":45,"column":8},"end":{"line":47,"column":9}}],"line":45},"15":{"loc":{"start":{"line":51,"column":8},"end":{"line":53,"column":9}},"type":"if","locations":[{"start":{"line":51,"column":8},"end":{"line":53,"column":9}},{"start":{"line":51,"column":8},"end":{"line":53,"column":9}}],"line":51},"16":{"loc":{"start":{"line":51,"column":12},"end":{"line":51,"column":82}},"type":"binary-expr","locations":[{"start":{"line":51,"column":12},"end":{"line":51,"column":42}},{"start":{"line":51,"column":46},"end":{"line":51,"column":82}}],"line":51},"17":{"loc":{"start":{"line":54,"column":8},"end":{"line":56,"column":9}},"type":"if","locations":[{"start":{"line":54,"column":8},"end":{"line":56,"column":9}},{"start":{"line":54,"column":8},"end":{"line":56,"column":9}}],"line":54},"18":{"loc":{"start":{"line":59,"column":8},"end":{"line":61,"column":9}},"type":"if","locations":[{"start":{"line":59,"column":8},"end":{"line":61,"column":9}},{"start":{"line":59,"column":8},"end":{"line":61,"column":9}}],"line":59},"19":{"loc":{"start":{"line":59,"column":12},"end":{"line":59,"column":60}},"type":"binary-expr","locations":[{"start":{"line":59,"column":12},"end":{"line":59,"column":28}},{"start":{"line":59,"column":32},"end":{"line":59,"column":60}}],"line":59},"20":{"loc":{"start":{"line":63,"column":12},"end":{"line":65,"column":13}},"type":"if","locations":[{"start":{"line":63,"column":12},"end":{"line":65,"column":13}},{"start":{"line":63,"column":12},"end":{"line":65,"column":13}}],"line":63},"21":{"loc":{"start":{"line":67,"column":8},"end":{"line":75,"column":9}},"type":"if","locations":[{"start":{"line":67,"column":8},"end":{"line":75,"column":9}},{"start":{"line":67,"column":8},"end":{"line":75,"column":9}}],"line":67},"22":{"loc":{"start":{"line":69,"column":12},"end":{"line":74,"column":13}},"type":"if","locations":[{"start":{"line":69,"column":12},"end":{"line":74,"column":13}},{"start":{"line":69,"column":12},"end":{"line":74,"column":13}}],"line":69},"23":{"loc":{"start":{"line":78,"column":8},"end":{"line":80,"column":9}},"type":"if","locations":[{"start":{"line":78,"column":8},"end":{"line":80,"column":9}},{"start":{"line":78,"column":8},"end":{"line":80,"column":9}}],"line":78},"24":{"loc":{"start":{"line":83,"column":8},"end":{"line":85,"column":9}},"type":"if","locations":[{"start":{"line":83,"column":8},"end":{"line":85,"column":9}},{"start":{"line":83,"column":8},"end":{"line":85,"column":9}}],"line":83},"25":{"loc":{"start":{"line":83,"column":12},"end"
[...]
om \"parse5\";\nimport * as http from \"http\";\nimport {GeoResponse} from \"../dataModels/GeoResponse\";\n\n\nexport class AddRoomsHelper {\n\n\tpublic async addRoomsDataset(id: string, content: string, idCollection: string[]\n\t\t, dataCollection: any[]): Promise<string[]> {\n\n\t\tconst rooms: Room[] = [];\n\n\t\t// Step 1: Decode the base64 content and unzip it\n\t\tconst zip = await JSZip.loadAsync(content, {base64: true});\n\n\t\t// Step 2: Find and parse index.htm to extract building links\n\t\tconst buildings = await this.parseIndexHtml(zip);\n\n\t\t// Step 3: For each building, extract room details and create Room objects\n\t\tconst buildingRoomPromises = buildings.map((building) => {\n\t\t\tbuilding = building.replace(/^\\.\\//, \"\");\n\t\t\treturn this.parseBuildingHtml(zip, building);\n\t\t});\n\t\tconst buildingRoomsArray = await Promise.all(buildingRoomPromises);\n\n\t\tbuildingRoomsArray.forEach((buildingRooms) => {\n\t\t\trooms.push(...buildingRooms);\n\t\t});\n\n\t\t// Step 4: Validate rooms and create a RoomData object\n\t\tif (rooms.length === 0) {\n\t\t\tthrow new Error(\"No valid rooms found.\");\n\t\t}\n\t\tconst roomData = new RoomData(id, rooms, InsightDatasetKind.Rooms);\n\n\t\tidCollection.push(id);\n\t\tdataCollection.push(roomData);\n\n\t\treturn idCollection;\n\t}\n\n\tprivate async parseIndexHtml(zip: JSZip): Promise<string[]> {\n\n\t\tconst tableRows: any[] = [];\n\n\t\tconst indexFile = zip.file(\"index.htm\");\n\t\tif (!indexFile) {\n\t\t\tthrow new Error(\"index.htm file does not exist in the zip file\");\n\t\t}\n\n\t\tconst htmlContent = await indexFile.async(\"string\");\n\t\tconst document = parse5.parse(htmlContent);\n\t\tconst buildingTable = this.findBuildingTable(document);\n\n\n\t\tif (buildingTable) {\n\t\t\tconst rows = this.getTableRows(buildingTable, tableRows);\n\t\t\treturn this.extractLinksFromRows(rows);\n\t\t} else {\n\t\t\tthrow new InsightError(\"Building table not found in index.htm\");\n\t\t}\n\t}\n\n\tprivate async parseBuildingHtml(zip: JSZip, buildingPath: string): Promise<Room[]> {\n\n\t\tconst buildingRooms: Room[] = [];\n\t\tconst file = zip.file(buildingPath);\n\n\t\tif (!file) {\n\t\t\tthrow new InsightError(`${buildingPath} not found`);\n\t\t}\n\n\t\tconst htmlContent = await file.async(\"string\");\n\t\tconst document = parse5.parse(htmlContent);\n\n\t\t// extracting room properties\n\t\tconst fName = this.findFullName(document);\n\t\tconst sName = this.findShortName(buildingPath);\n\t\tconst address = this.findAddress(document);\n\t\tlet lat: number | undefined;\n\t\tlet lon: number | undefined;\n\t\tlet geo: GeoResponse | undefined = {\n\t\t\tlat: 0,\n\t\t\tlon: 0,\n\t\t\terror: \"no coordinates\"\n\t\t};\n\t\tif (address) {\n\t\t\ttry {\n\t\t\t\tgeo = await this.getGeoLocation(address);\n\t\t\t\tlat = geo.lat;\n\t\t\t\tlon = geo.lon;\n\t\t\t} catch {\n\t\t\t\tthrow new InsightError(geo.error);\n\t\t\t}\n\t\t}\n\n\t\tconst roomsList = this.extractRoomRows(document);\n\t\tfor (const roomRow of roomsList) {\n\t\t\tconst tableProps = this.extractTableFeatures(roomRow);\n\t\t\tif (lat !== undefined && lon !== undefined) {\n\t\t\t\tconst room = new Room(fName, sName, tableProps[0], sName + \"_\" + tableProps[0], address, lat,\n\t\t\t\t\tlon, tableProps[1], tableProps[3].trim(), tableProps[2].trim(), tableProps[4]);\n\t\t\t\tbuildingRooms.push(room);\n\t\t\t}\n\t\t}\n\t\treturn buildingRooms;\n\t}\n\n\tprivate findBuildingTable(node: any): any {\n\t\tif (node.tagName === \"table\" && node.attrs && node.attrs.some((attr: {name: string; value: string;}) =>\n\t\t\tattr.name === \"class\" && attr.value.includes(\"views-table\"))) {\n\t\t\treturn node;\n\t\t}\n\n\t\tif (node.childNodes) {\n\t\t\tfor (const childNode of node.childNodes) {\n\t\t\t\tconst result = this.findBuildingTable(childNode);\n\t\t\t\tif (result) {\n\t\t\t\t\treturn result;\n\t\t\t\t}\n\t\t\t}\n\t\t}\n\t\treturn null;\n\t}\n\n\tprivate getTableRows(node: any, rowsList: any[]): any[] {\n\n\t\tif (node.tagName === \"tr\") {\n\t\t\trowsList.push(node);\n\t\t}\n\n\t\tif (node.childNodes) {\n\t\t\tfor (const cNode of node.childNodes) {\n\t\t\t\tthis.getTableRows(cNode, rowsList);\n\t\t\t}\n\t\t}\n\t\treturn rowsList;\n\t}\n\n\tprivate extractLinksFromRows(rows: any[]): string[] {\n\t\tconst links: string[] = [];\n\t\trows.forEach((row: any) => {\n\t\t\tif (row.childNodes) {\n\t\t\t\tfor (const cNode of row.childNodes) {\n\t\t\t\t\tthis.extractLinks(cNode, links);\n\t\t\t\t}\n\t\t\t}\n\t\t});\n\t\treturn links;\n\t}\n\n\tprivate extractLinks(node: any, links: string[]) {\n\t\t// Check if the current node is a <td> with the desired class\n\t\tif (node.tagName === \"td\" && node.attrs && node.attrs.some((attr: {name: string; value: string}) =>\n\t\t\tattr.name === \"class\" && attr.value.includes(\"views-field views-field-title\"))) {\n\t\t\t// If the node has child nodes, search for <a> tags\n\t\t\tif (node.childNodes) {\n\t\t\t\tnode.childNodes.forEach((childNode: any) => {\n\t\t\t\t\tif (childNode.tagName === \"a\" && childNode.attrs) {\n\t\t\t\t\t\tconst hrefAttr = childNode.attrs.find((attr: {name: string; value: string}) =>\n\t\t\t\t\t\t\tattr.name === \"href\");\n\t\t\t\t\t\tif (hrefAttr) {\n\t\t\t\t\t\t\tlinks.push(hrefAttr.value);\n\t\t\t\t\t\t}\n\t\t\t\t\t}\n\t\t\t\t});\n\t\t\t}\n\t\t}\n\t}\n\n\tprivate findFullName(node: any): string {\n\t\tif (node.tagName === \"div\" && node.attrs && node.attrs.some((attr: {name: string; value: string;}) =>\n\t\t\tattr.name === \"id\" && attr.value === \"building-info\")) {\n\t\t\tif (node.childNodes) {\n\t\t\t\treturn this.extractFullName(node);\n\t\t\t}\n\t\t}\n\t\tif (node.childNodes) {\n\t\t\tfor (const childNode of node.childNodes) {\n\t\t\t\tconst result = this.findFullName(childNode);\n\t\t\t\tif (result) {\n\t\t\t\t\treturn result;\n\t\t\t\t}\n\t\t\t}\n\t\t}\n\t\treturn \"\";\n\t}\n\n\tprivate extractFullName(node: any): string {\n\t\tif (node.attrs && node.attrs.some((attr: {name: string; value: string;}) =>\n\t\t\tattr.name === \"class\" && attr.value === \"field-content\")) {\n\t\t\tconst text = node.childNodes.find((child: any) => child.nodeName === \"#text\");\n\t\t\treturn text?.value;\n\t\t}\n\t\tif (node.childNodes) {\n\t\t\tfor (const childNode of node.childNodes) {\n\t\t\t\tconst result = this.extractFullName(childNode);\n\t\t\t\tif (result) {\n\t\t\t\t\treturn result;\n\t\t\t\t}\n\t\t\t}\n\t\t}\n\t\treturn \"\";\n\t}\n\n\tprivate findShortName(path: string): string {\n\t\tconst name = path.split(\"/\").pop();\n\t\tif (name) {\n\t\t\treturn name?.replace(/\\.htm$/i, \"\");\n\t\t} else {\n\t\t\treturn \"\";\n\t\t}\n\t}\n\n\tprivate findAddress(node: any): string {\n\t\tif (node.tagName === \"div\" && node.attrs && node.attrs.some((attr: {name: string; value: string;}) =>\n\t\t\tattr.name === \"class\" && attr.value.includes(\"building-field\"))) {\n\t\t\treturn node.childNodes[0].childNodes[0].value;\n\t\t}\n\t\tif (node.childNodes) {\n\t\t\tfor (const childNode of node.childNodes) {\n\t\t\t\tconst result = this.findAddress(childNode);\n\t\t\t\tif (result) {\n\t\t\t\t\treturn result;\n\t\t\t\t}\n\t\t\t}\n\t\t}\n\t\treturn \"\";\n\t}\n\n\tprivate async getGeoLocation(address: string): Promise<GeoResponse> {\n\t\treturn new Promise((resolve, reject) => {\n\t\t\tconst encodedAddress = encodeURIComponent(address);\n\t\t\tconst url = `http://cs310.students.cs.ubc.ca:11316/api/v1/project_team117/${encodedAddress}`;\n\n\t\t\thttp.get(url, (res) => {\n\t\t\t\tif (res.statusCode !== 200) {\n\t\t\t\t\treject(new Error(`Request Failed. Status Code: ${res.statusCode}`));\n\t\t\t\t\treturn;\n\t\t\t\t}\n\n\t\t\t\tlet data = \"\";\n\t\t\t\tres.on(\"data\", (chunk) => {\n\t\t\t\t\tdata += chunk;\n\t\t\t\t});\n\t\t\t\tres.on(\"end\", () => {\n\t\t\t\t\ttry {\n\t\t\t\t\t\tconst parsedData: GeoResponse = JSON.parse(data);\n\t\t\t\t\t\tresolve(parsedData);\n\t\t\t\t\t} catch (e) {\n\t\t\t\t\t\treject(e);\n\t\t\t\t\t}\n\t\t\t\t});\n\t\t\t}).on(\"error\", (e) => {\n\t\t\t\treject(e);\n\t\t\t});\n\t\t});\n\t}\n\n\tprivate extractRoomRows(document: any): any[] {\n\t\tconst roomRows: any[] = [];\n\t\tlet rows: any[] = [];\n\t\tconst roomsTable = this.findBuildingTable(document);\n\n\t\tif (roomsTable) {\n\t\t\tconst tbody = roomsTable.childNodes.find((child: any) => child.tagName === \"tbody\");\n\t\t\trows = this.getTableRows(tbody, roomRows);\n\t\t}\n\t\treturn rows;\n\t}\n\n\tprivate extractTableFeatures(roomRow: any): any[] {\n\t\tlet properties: any[] = [];\n\n\t\tproperties[0] = this.extractNumber(roomRow);\n\t\tproperties[1] = this.extractCapacity(roomRow);\n\t\tproperties[2] = this.extractFurnitureNType(roomRow, \"furniture\");\n\t\tproperties[3] = this.extractFurnitureNType(roomRow, \"type\");\n\t\tproperties[4] = this.extractHref(roomRow);\n\t\treturn properties;\n\t}\n\n\tprivate extractNumber(node: any): string | null {\n\t\tif (node.tagName === \"td\" && node.attrs && node.attrs.some((attr: {name: string; value: string;}) =>\n\t\t\tattr.name === \"class\" && attr.value.includes(\"views-field views-field-field-room-number\"))) {\n\t\t\treturn node.childNodes[1].childNodes[0].value as string;\n\t\t}\n\t\tif (node.childNodes) {\n\t\t\tfor (const childNode of node.childNodes) {\n\t\t\t\tconst result = this.extractNumber(childNode);\n\t\t\t\tif (result) {\n\t\t\t\t\treturn result;\n\t\t\t\t}\n\t\t\t}\n\t\t}\n\t\treturn null;\n\t}\n\n\tprivate extractCapacity(node: any): number | null {\n\t\tif (node.tagName === \"td\" && node.attrs && node.attrs.some((attr: {name: string; value: string;}) =>\n\t\t\tattr.name === \"class\" && attr.value.includes(\"views-field views-field-field-room-capacity\"))) {\n\t\t\treturn parseInt(node.childNodes[0].value.trim(), 10);\n\t\t}\n\t\tif (node.childNodes) {\n\t\t\tfor (const childNode of node.childNodes) {\n\t\t\t\tconst result = this.extractCapacity(childNode);\n\t\t\t\tif (result) {\n\t\t\t\t\treturn result;\n\t\t\t\t}\n\t\t\t}\n\t\t}\n\t\treturn null;\n\t}\n\n\tprivate extractFurnitureNType(node: any, property: string): string | null {\n\t\tif (node.tagName === \"td\" && node.attrs && node.attrs.some((attr: {name: string; value: string;}) =>\n\t\t\tattr.name === \"class\" && attr.value.includes(`views-field views-field-field-room-${property}`))) {\n\t\t\treturn node.childNodes[0].value as string;\n\t\t}\n\t\tif (node.childNodes) {\n\t\t\tfor (const childNode of node.childNodes) {\n\t\t\t\tconst result = this.extractFurnitureNType(childNode, property);\n\t\t\t\tif (result) {\n\t\t\t\t\treturn result;\n\t\t\t\t}\n\t\t\t}\n\t\t}\n\t\treturn null;\n\t}\n\n\tprivate extractHref(node: any): string | null {\n\t\tif (node.tagName === \"td\" && node.attrs && node.attrs.some((attr: {name: string; value: string;}) =>\n\t\t\tattr.name === \"class\" && attr.value.includes(\"views-field views-field-nothing\"))) {\n\t\t\treturn node.childNodes[1].attrs.find((attr: any) => attr.name === \"href\").value;\n\t\t}\n\t\tif (node.childNodes) {\n\t\t\tfor (const childNode of node.childNodes) {\n\t\t\t\tconst result = this.extractHref(childNode);\n\t\t\t\tif (result) {\n\t\t\t\t\treturn result;\n\t\t\t\t}\n\t\t\t}\n\t\t}\n\t\treturn null;\n\t}\n}\n"]},"_coverageSchema":"1a1c01bbd47fc00a2c39e90264f33305004495a9","hash":"06d9ebf54915862ead88b7399852d787376232bf","contentHash":"31a4d3374e1fffacbb51f4c0a83a5f3c4ad45bc3910cc9570aa3d7758fcbf7ad"},"/Users/devinproothi/Desktop/University/UBCV/Year 3/CPSC 310/Project/project_team117/src/dataModels/RoomData.ts":{"path":"/Users/devinproothi/Desktop/University/UBCV/Year 3/CPSC 310/Project/project_team117/src/dataModels/RoomData.ts","statementMap":{"0":{"start":{"line":2,"column":0},"end":{"line":2,"column":62}},"1":{"start":{"line":9,"column":8},"end":{"line":9,"column":27}},"2":{"start":{"line":10,"column":8},"end":{"line":10,"column":21}},"3":{"start":{"line":11,"column":8},"end":{"line":11,"column":25}},"4":{"start":{"line":12,"column":8},"end":{"line":12,"column":81}},"5":{"start":{"line":15,"column":0},"end":{"line":15,"column":27}}},"fnMap":{"0":{"name":"(anonymous_0)","decl":{"start":{"line":8,"column":4},"end":{"line":8,"column":5}},"loc":{"start":{"line":8,"column":33},"end":{"line":13,"column":5}},"line":8}},"branchMap":{},"s":{"0":1,"1":2,"2":2,"3":2,"4":2,"5":1},"f":{"0":2},"b":{},"inputSourceMap":{"version":3,"file":"/Users/devinproothi/Desktop/University/UBCV/Year 3/CPSC 310/Project/project_team117/src/dataModels/RoomData.ts","sources":["/Users/devinproothi/Desktop/University/UBCV/Year 3/CPSC 310/Project/project_team117/src/dataModels/RoomData.ts"],"names":[],"mappings":";;AAGA,MAAqB,QAAQ;IAErB,EAAE,CAAS;IACX,KAAK,CAAS;IACd,IAAI,CAAqB;IACzB,cAAc,CAAiB;IAEtC,YAAY,EAAU,EAAE,KAAa,EAAE,IAAwB;QAC9D,IAAI,CAAC,KAAK,GAAG,KAAK,CAAC;QACnB,IAAI,CAAC,EAAE,GAAG,EAAE,CAAC;QACb,IAAI,CAAC,IAAI,GAAG,IAAI,CAAC;QACjB,IAAI,CAAC,cAAc,GAAG,EAAC,EAAE,EAAE,EAAE,EAAE,OAAO,EAAE,IAAI,CAAC,KAAK,CAAC,MAAM,EAAE,IAAI,EAAE,IAAI,EAAmB,CAAC;IAC1F,CAAC;CACD;AAbD,2BAaC","sourcesContent":["import Room from \"./Room\";\nimport {InsightDataset, InsightDatasetKind} from \"../controller/IInsightFacade\";\n\nexport default class RoomData {\n\n\tpublic id: string;\n\tpublic rooms: Room[];\n\tpublic kind: InsightDatasetKind;\n\tpublic insightDataset: InsightDataset;\n\n\tconstructor(id: string, rooms: Room[], kind: InsightDatasetKind) {\n\t\tthis.rooms = rooms;\n\t\tthis.id = id;\n\t\tthis.kind = kind;\n\t\tthis.insightDataset = {id: id, numRows: this.rooms.length, kind: kind} as InsightDataset;\n\t}\n}\n"]},"_coverageSchema":"1a1c01bbd47fc00a2c39e90264f33305004495a9","hash":"c9a96fb0bf5ce1aa043f402966d2ba555a705929","contentHash":"347d38ea5d58be940e4503a2e02f91d372159f4ae4961795187bae75c185206e"},"/Users/devinproothi/Desktop/University/UBCV/Year 3/CPSC 310/Project/project_team117/src/util/AddSectionsHelper.ts":{"path":"/Users/devinproothi/Desktop/University/UBCV/Year 3/CPSC 310/Project/project_team117/src/util/AddSectionsHelper.ts","statementMap":{"0":{"start":{"line":2,"column":22},"end":{"line":4,"column":1}},"1":{"start":{"line":3,"column":4},"end":{"line":3,"column":62}},"2":{"start":{"line":5,"column":0},"end":{"line":5,"column":62}},"3":{"start":{"line":6,"column":0},"end":{"line":6,"column":35}},"4":{"start":{"line":7,"column":21},"end":{"line":7,"column":73}},"5":{"start":{"line":8,"column":16},"end":{"line":8,"column":49}},"6":{"start":{"line":9,"column":25},"end":{"line":9,"column":64}},"7":{"start":{"line":13,"column":27},"end":{"line":13,"column":34}},"8":{"start":{"line":14,"column":20},"end":{"line":14,"column":78}},"9":{"start":{"line":15,"column":30},"end":{"line":15,"column":51}},"10":{"start":{"line":16,"column":8},"end":{"line":18,"column":9}},"11":{"start":{"line":17,"column":12},"end":{"line":17,"column":93}},"12":{"start":{"line":19,"column":8},"end":{"line":21,"column":11}},"13":{"start":{"line":20,"column":12},"end":{"line":20,"column":50}},"14":{"start":{"line":22,"column":29},"end":{"line":22,"column":60}},"15":{"start":{"line":23,"column":8},"end":{"line":23,"column":107}},"16":{"start":{"line":24,"column":8},"end":{"line":26,"column":9}},"17":{"start":{"line":25,"column":12},"end":{"line":25,"column":80}},"18":{"start":{"line":27,"column":8},"end":{"line":27,"column":30}},"19":{"start":{"line":28,"column":8},"end":{"line":28,"column":37}},"20":{"start":{"line":29,"column":8},"end":{"line":29,"column":28}},"21":{"start":{"line":32,"column":0},"end":{"line":32,"column":46}}},"fnMap":{"0":{"name":"(anonymous_0)","decl":{"start":{"line":2,"column":56},"end":{"line":2,"column":57}},"loc":{"start":{"line":2,"column":71},"end":{"line":4,"column":1}},"line":2},"1":{"name":"(anonymous_1)","decl":{"start":{"line":11,"column":4},"end":{"line":11,"column":5}},"loc":{"start":{"line":11,"column":72},"end":{"line":30,"column":5}},"line":11},"2":{"name":"(anonymous_2)","decl":{"start":{"line":19,"column":30},"end":{"line":19,"column":31}},"loc":{"start":{"line":19,"column":54},"end":{"line":21,"column":9}},"line":19}},"branchMap":{"0":{"loc":{"start":{"line":2,"column":22},"end":{"line":4,"column":1}},"type":"binary-expr","locations":[{"start":{"line":2,"column":23},"end":{"line":2,"column":27}},{"start":{"line":2,"column":31},"end":{"line":2,"column":51}},{"start":{"line":2,"column":56},"end":{"line":4,"column":1}}],"line":2},"1":{"loc":{"start":{"line":3,"column":11},"end":{"line":3,"column":61}},"type":"cond-expr","locations":[{"start":{"line":3,"column":37},"end":{"line":3,"column":40}},{"start":{"line":3,"column":43},"end":{"line":3,"column":61}}],"line":3},"2":{"loc":{"start":{"line":3,"column":12},"end":{"line":3,"column":33}},"type":"binary-expr","locations":[{"start":{"line":3,"column":12},"end":{"line":3,"column":15}},{"start":{"line":3,"column":19},"end":{"line":3,"column":33}}],"line":3},"3":{"loc":{"start":{"line":16,"column":8},"end":{"line":18,"column":9}},"type":"if","locations":[{"start":{"line":16,"column":8},"end":{"line":18,"column":9}},{"start":{"line":16,"column":8},"end":{"line":18,"column":9}}],"line":16},"4":{"loc":{"start":{"line":24,"column":8},"end":{"line":26,"column":9}},"type":"if","locations":[{"start":{"line":24,"column":8},"end":{"line":26,"column":9}},{"start":{"line":24,"column":8},"end":{"line":26,"column":9}}],"line":24}},"s":{"0":1,"1":2,"2":1,"3":1,"4":1,"5":1,"6":1,"7":8,"8":8,"9":8,"10":8,"11":0,"12":8,"13":47552,"14":8,"15":8,"16":8,"17":0,"18":8,"19":8,"20":8,"21":1},"f":{"0":2,"1":8,"2":47552},"b":{"0":[1,1,1],"1":[1,1],"2":[2,2],"3":[0,8],"4":[0,8]},"inputSourceMap":{"version":3,"file":"/Users/devinproothi/Desktop/University/UBCV/Year 3/CPSC 310/Project/project_team117/src/util/AddSectionsHelper.ts","sources":["/Users/devinproothi/Desktop/University/UBCV/Year 3/CPSC 310/Project/project_team117/src/util/AddSectionsHelper.ts"],"names":[],"mappings":";;;;;;AAAA,0EAAkD;AAClD,kDAA0B;AAC1B,iEAA8E;AAE9E,MAAa,iBAAiB;IAEtB,KAAK,CAAC,kBAAkB,CAAC,EAAU,EAAE,OAAe,EAAE,YAAsB,EAClF,cAAqB;QAErB,IAAI,OAAmB,CAAC;QACxB,IAAI,YAAY,GAAG,KAAK,EAAmB,CAAC;QAE5C,MAAM,GAAG,GAAG,MAAM,eAAK,CAAC,SAAS,CAAC,OAAO,EAAE,EAAC,MAAM,EAAE,IAAI,EAAC,CAAC,CAAC;QAC3D,MAAM,aAAa,GAAG,GAAG,CAAC,MAAM,CAAC,SAAS,CAAC,CAAC;QAE5C,IAAI,CAAC,aAAa,EAAE;YACnB,MAAM,IAAI,6BAAY,CAAC,uCAAuC,CAAC,CAAC;SAChE;QAED,aAAa,CAAC,OAAO,CAAC,CAAC,YAAY,EAAE,IAAI,EAAE,EAAE;YAC5C,YAAY,CAAC,IAAI,CAAC,IAAI,CAAC,KAAK,CAAC,MAAM,CAAC,CAAC,CAAC;QACvC,CAAC,CAAC,CAAC;QAEH,MAAM,YAAY,GAAa,MAAM,OAAO,CAAC,GAAG,CAAC,YAAY,CAAC,CAAC;QAC/D,OAAO,GAAG,IAAI,oBAAU,CAAC,EAAE,EAAE,mCAAkB,CAAC,QAAQ,EAAE,YAAY,CAAC,CAAC;QAExE,IAAI,OAAO,CAAC,QAAQ,CAAC,MAAM,KAAK,CAAC,EAAE;YAClC,MAAM,IAAI,6BAAY,CAAC,0BAA0B,CAAC,CAAC;SACnD;QAED,YAAY,CAAC,IAAI,CAAC,EAAE,CAAC,CAAC;QACtB,cAAc,CAAC,IAAI,CAAC,OAAO,CAAC,CAAC;QAE7B,OAAO,YAAY,CAAC;IACrB,CAAC;CACD;AA/BD,8CA+BC","sourcesContent":["import CourseData from \"../dataModels/CourseData\";\nimport JSZip from \"jszip\";\nimport {InsightDatasetKind, InsightError} from \"../controller/IInsightFacade\";\n\nexport class AddSectionsHelper {\n\n\tpublic async addSectionsDataset(id: string, content: string, idCollection: string[],\n\t\tdataCollection: any[]): Promise<string[]> {\n\n\t\tlet dataset: CourseData;\n\t\tlet filePromises = Array<Promise<string>>();\n\n\t\tconst zip = await JSZip.loadAsync(content, {base64: true});\n\t\tconst coursesFolder = zip.folder(\"courses\");\n\n\t\tif (!coursesFolder) {\n\t\t\tthrow new InsightError(\"Folder does not exist in the zip file\");\n\t\t}\n\n\t\tcoursesFolder.forEach((relativePath, file) => {\n\t\t\tfilePromises.push(file.async(\"text\"));\n\t\t});\n\n\t\tconst filesContent: string[] = await Promise.all(filePromises);\n\t\tdataset = new CourseData(id, InsightDatasetKind.Sections, filesContent);\n\n\t\tif (dataset.sections.length === 0) {\n\t\t\tthrow new InsightError(\"No valid sections to add\");\n\t\t}\n\n\t\tidCollection.push(id);\n\t\tdataCollection.push(dataset);\n\n\t\treturn idCollection;\n\t}\n}\n"]},"_coverageSchema":"1a1c01bbd47fc00a2c39e90264f33305004495a9","hash":"426009e50baf851724b5d474c4f1531eb8231858","contentHash":"c1f1d543cf0458b69d99aeb1377025ec6308dd0e07eb19978718b5bc2ffdfcc1"}}