{"/Users/devinproothi/Desktop/University/UBCV/Year 3/CPSC 310/Project/project_team117/src/controller/InsightFacade.ts":{"path":"/Users/devinproothi/Desktop/University/UBCV/Year 3/CPSC 310/Project/project_team117/src/controller/InsightFacade.ts","statementMap":{"0":{"start":{"line":2,"column":22},"end":{"line":4,"column":1}},"1":{"start":{"line":3,"column":4},"end":{"line":3,"column":62}},"2":{"start":{"line":5,"column":0},"end":{"line":5,"column":62}},"3":{"start":{"line":6,"column":25},"end":{"line":6,"column":52}},"4":{"start":{"line":7,"column":16},"end":{"line":7,"column":49}},"5":{"start":{"line":8,"column":21},"end":{"line":8,"column":73}},"6":{"start":{"line":9,"column":17},"end":{"line":9,"column":43}},"7":{"start":{"line":10,"column":20},"end":{"line":10,"column":49}},"8":{"start":{"line":11,"column":19},"end":{"line":11,"column":47}},"9":{"start":{"line":13,"column":24},"end":{"line":13,"column":26}},"10":{"start":{"line":14,"column":27},"end":{"line":14,"column":29}},"11":{"start":{"line":19,"column":8},"end":{"line":19,"column":49}},"12":{"start":{"line":20,"column":8},"end":{"line":20,"column":49}},"13":{"start":{"line":21,"column":8},"end":{"line":21,"column":58}},"14":{"start":{"line":22,"column":8},"end":{"line":22,"column":55}},"15":{"start":{"line":25,"column":22},"end":{"line":25,"column":44}},"16":{"start":{"line":26,"column":19},"end":{"line":26,"column":26}},"17":{"start":{"line":29,"column":8},"end":{"line":73,"column":11}},"18":{"start":{"line":30,"column":12},"end":{"line":72,"column":13}},"19":{"start":{"line":31,"column":16},"end":{"line":33,"column":17}},"20":{"start":{"line":32,"column":20},"end":{"line":32,"column":74}},"21":{"start":{"line":34,"column":16},"end":{"line":36,"column":17}},"22":{"start":{"line":35,"column":20},"end":{"line":35,"column":81}},"23":{"start":{"line":37,"column":16},"end":{"line":39,"column":17}},"24":{"start":{"line":38,"column":20},"end":{"line":38,"column":81}},"25":{"start":{"line":40,"column":16},"end":{"line":42,"column":17}},"26":{"start":{"line":41,"column":20},"end":{"line":41,"column":91}},"27":{"start":{"line":43,"column":16},"end":{"line":68,"column":19}},"28":{"start":{"line":45,"column":20},"end":{"line":47,"column":21}},"29":{"start":{"line":46,"column":24},"end":{"line":46,"column":114}},"30":{"start":{"line":48,"column":42},"end":{"line":48,"column":63}},"31":{"start":{"line":49,"column":20},"end":{"line":51,"column":21}},"32":{"start":{"line":50,"column":24},"end":{"line":50,"column":105}},"33":{"start":{"line":52,"column":20},"end":{"line":54,"column":23}},"34":{"start":{"line":53,"column":24},"end":{"line":53,"column":54}},"35":{"start":{"line":55,"column":20},"end":{"line":65,"column":23}},"36":{"start":{"line":56,"column":24},"end":{"line":56,"column":78}},"37":{"start":{"line":57,"column":24},"end":{"line":59,"column":25}},"38":{"start":{"line":58,"column":28},"end":{"line":58,"column":105}},"39":{"start":{"line":60,"column":24},"end":{"line":60,"column":56}},"40":{"start":{"line":61,"column":24},"end":{"line":61,"column":64}},"41":{"start":{"line":62,"column":24},"end":{"line":62,"column":56}},"42":{"start":{"line":64,"column":24},"end":{"line":64,"column":40}},"43":{"start":{"line":67,"column":20},"end":{"line":67,"column":87}},"44":{"start":{"line":71,"column":16},"end":{"line":71,"column":30}},"45":{"start":{"line":76,"column":8},"end":{"line":92,"column":11}},"46":{"start":{"line":77,"column":12},"end":{"line":91,"column":13}},"47":{"start":{"line":78,"column":16},"end":{"line":80,"column":17}},"48":{"start":{"line":79,"column":20},"end":{"line":79,"column":74}},"49":{"start":{"line":81,"column":30},"end":{"line":81,"column":64}},"50":{"start":{"line":82,"column":16},"end":{"line":84,"column":17}},"51":{"start":{"line":83,"column":20},"end":{"line":83,"column":82}},"52":{"start":{"line":85,"column":16},"end":{"line":85,"column":56}},"53":{"start":{"line":86,"column":16},"end":{"line":86,"column":59}},"54":{"start":{"line":87,"column":16},"end":{"line":87,"column":28}},"55":{"start":{"line":90,"column":16},"end":{"line":90,"column":30}},"56":{"start":{"line":95,"column":28},"end":{"line":95,"column":32}},"57":{"start":{"line":96,"column":8},"end":{"line":118,"column":9}},"58":{"start":{"line":97,"column":32},"end":{"line":97,"column":66}},"59":{"start":{"line":98,"column":35},"end":{"line":98,"column":81}},"60":{"start":{"line":99,"column":30},"end":{"line":99,"column":78}},"61":{"start":{"line":100,"column":28},"end":{"line":100,"column":96}},"62":{"start":{"line":101,"column":12},"end":{"line":103,"column":13}},"63":{"start":{"line":102,"column":16},"end":{"line":102,"column":77}},"64":{"start":{"line":104,"column":36},"end":{"line":104,"column":95}},"65":{"start":{"line":105,"column":33},"end":{"line":105,"column":103}},"66":{"start":{"line":106,"column":12},"end":{"line":108,"column":13}},"67":{"start":{"line":107,"column":16},"end":{"line":107,"column":110}},"68":{"start":{"line":109,"column":12},"end":{"line":109,"column":32}},"69":{"start":{"line":112,"column":12},"end":{"line":117,"column":13}},"70":{"start":{"line":113,"column":16},"end":{"line":113,"column":69}},"71":{"start":{"line":116,"column":16},"end":{"line":116,"column":61}},"72":{"start":{"line":121,"column":8},"end":{"line":132,"column":11}},"73":{"start":{"line":122,"column":12},"end":{"line":131,"column":13}},"74":{"start":{"line":123,"column":36},"end":{"line":123,"column":38}},"75":{"start":{"line":124,"column":16},"end":{"line":126,"column":17}},"76":{"start":{"line":125,"column":20},"end":{"line":125,"column":64}},"77":{"start":{"line":127,"column":16},"end":{"line":127,"column":37}},"78":{"start":{"line":130,"column":16},"end":{"line":130,"column":85}},"79":{"start":{"line":135,"column":0},"end":{"line":135,"column":32}}},"fnMap":{"0":{"name":"(anonymous_0)","decl":{"start":{"line":2,"column":56},"end":{"line":2,"column":57}},"loc":{"start":{"line":2,"column":71},"end":{"line":4,"column":1}},"line":2},"1":{"name":"(anonymous_1)","decl":{"start":{"line":18,"column":4},"end":{"line":18,"column":5}},"loc":{"start":{"line":18,"column":18},"end":{"line":23,"column":5}},"line":18},"2":{"name":"(anonymous_2)","decl":{"start":{"line":24,"column":4},"end":{"line":24,"column":5}},"loc":{"start":{"line":24,"column":40},"end":{"line":74,"column":5}},"line":24},"3":{"name":"(anonymous_3)","decl":{"start":{"line":29,"column":27},"end":{"line":29,"column":28}},"loc":{"start":{"line":29,"column":48},"end":{"line":73,"column":9}},"line":29},"4":{"name":"(anonymous_4)","decl":{"start":{"line":44,"column":26},"end":{"line":44,"column":27}},"loc":{"start":{"line":44,"column":35},"end":{"line":66,"column":17}},"line":44},"5":{"name":"(anonymous_5)","decl":{"start":{"line":52,"column":42},"end":{"line":52,"column":43}},"loc":{"start":{"line":52,"column":72},"end":{"line":54,"column":21}},"line":52},"6":{"name":"(anonymous_6)","decl":{"start":{"line":55,"column":43},"end":{"line":55,"column":44}},"loc":{"start":{"line":55,"column":56},"end":{"line":63,"column":21}},"line":55},"7":{"name":"(anonymous_7)","decl":{"start":{"line":63,"column":29},"end":{"line":63,"column":30}},"loc":{"start":{"line":63,"column":38},"end":{"line":65,"column":21}},"line":63},"8":{"name":"(anonymous_8)","decl":{"start":{"line":66,"column":25},"end":{"line":66,"column":26}},"loc":{"start":{"line":66,"column":34},"end":{"line":68,"column":17}},"line":66},"9":{"name":"(anonymous_9)","decl":{"start":{"line":75,"column":4},"end":{"line":75,"column":5}},"loc":{"start":{"line":75,"column":28},"end":{"line":93,"column":5}},"line":75},"10":{"name":"(anonymous_10)","decl":{"start":{"line":76,"column":27},"end":{"line":76,"column":28}},"loc":{"start":{"line":76,"column":48},"end":{"line":92,"column":9}},"line":76},"11":{"name":"(anonymous_11)","decl":{"start":{"line":94,"column":4},"end":{"line":94,"column":5}},"loc":{"start":{"line":94,"column":30},"end":{"line":119,"column":5}},"line":94},"12":{"name":"(anonymous_12)","decl":{"start":{"line":120,"column":4},"end":{"line":120,"column":5}},"loc":{"start":{"line":120,"column":25},"end":{"line":133,"column":5}},"line":120},"13":{"name":"(anonymous_13)","decl":{"start":{"line":121,"column":27},"end":{"line":121,"column":28}},"loc":{"start":{"line":121,"column":48},"end":{"line":132,"column":9}},"line":121}},"branchMap":{"0":{"loc":{"start":{"line":2,"column":22},"end":{"line":4,"column":1}},"type":"binary-expr","locations":[{"start":{"line":2,"column":23},"end":{"line":2,"column":27}},{"start":{"line":2,"column":31},"end":{"line":2,"column":51}},{"start":{"line":2,"column":56},"end":{"line":4,"column":1}}],"line":2},"1":{"loc":{"start":{"line":3,"column":11},"end":{"line":3,"column":61}},"type":"cond-expr","locations":[{"start":{"line":3,"column":37},"end":{"line":3,"column":40}},{"start":{"line":3,"column":43},"end":{"line":3,"column":61}}],"line":3},"2":{"loc":{"start":{"line":3,"column":12},"end":{"line":3,"column":33}},"type":"binary-expr","locations":[{"start":{"line":3,"column":12},"end":{"line":3,"column":15}},{"start":{"line":3,"column":19},"end":{"line":3,"column":33}}],"line":3},"3":{"loc":{"start":{"line":31,"column":16},"end":{"line":33,"column":17}},"type":"if","locations":[{"start":{"line":31,"column":16},"end":{"line":33,"column":17}},{"start":{"line":31,"column":16},"end":{"line":33,"column":17}}],"line":31},"4":{"loc":{"start":{"line":31,"column":20},"end":{"line":31,"column":63}},"type":"binary-expr","locations":[{"start":{"line":31,"column":20},"end":{"line":31,"column":23}},{"start":{"line":31,"column":27},"end":{"line":31,"column":43}},{"start":{"line":31,"column":47},"end":{"line":31,"column":63}}],"line":31},"5":{"loc":{"start":{"line":34,"column":16},"end":{"line":36,"column":17}},"type":"if","locations":[{"start":{"line":34,"column":16},"end":{"line":36,"column":17}},{"start":{"line":34,"column":16},"end":{"line":36,"column":17}}],"line":34},"6":{"loc":{"start":{"line":37,"column":16},"end":{"line":39,"column":17}},"type":"if","locations":[{"start":{"line":37,"column":16},"end":{"line":39,"column":17}},{"start":{"line":37,"column":16},"end":{"line":39,"column":17}}],"line":37},"7":{"loc":{"start":{"line":40,"column":16},"end":{"line":42,"column":17}},"type":"if","locations":[{"start":{"line":40,"column":16},"end":{"line":42,"column":17}},{"start":{"line":40,"column":16},"end":{"line":42,"column":17}}],"line":40},"8":{"loc":{"start":{"line":45,"column":20},"end":{"line":47,"column":21}},"type":"if","locations":[{"start":{"line":45,"column":20},"end":{"line":47,"column":21}},{"start":{"line":45,"column":20},"end":{"line":47,"column":21}}],"line":45},"9":{"loc":{"start":{"line":49,"column":20},"end":{"line":51,"column":21}},"type":"if","locations":[{"start":{"line":49,"column":20},"end":{"line":51,"column":21}},{"start":{"line":49,"column":20},"end":{"line":51,"column":21}}],"line":49},"10":{"loc":{"start":{"line":57,"column":24},"end":{"line":59,"column":25}},"type":"if","locations":[{"start":{"line":57,"column":24},"end":{"line":59,"column":25}},{"start":{"line":57,"column":24},"end":{"line":59,"column":25}}],"line":57},"11":{"loc":{"start":{"line":78,"column":16},"end":{"line":80,"column":17}},"type":"if","locations":[{"start":{"line":78,"column":16},"end":{"line":80,"column":17}},{"start":{"line":78,"column":16},"end":{"line":80,"column":17}}],"line":78},"12":{"loc":{"start":{"line":78,"column":20},"end":{"line":78,"column":63}},"type":"binary-expr","locations":[{"start":{"line":78,"column":20},"end":{"line":78,"column":23}},{"start":{"line":78,"column":27},"end":{"line":78,"column":43}},{"start":{"line":78,"column":47},"end":{"line":78,"column":63}}],"line":78},"13":{"loc":{"start":{"line":82,"column":16},"end":{"line":84,"column":17}},"type":"if","locations":[{"start":{"line":82,"column":16},"end":{"line":84,"column":17}},{"start":{"line":82,"column":16},"end":{"line":84,"column":17}}],"line":82},"14":{"loc":{"start":{"line":101,"column":12},"end":{"line":103,"column":13}},"type":"if","locations":[{"start":{"line":101,"column":12},"end":{"line":103,"column":13}},{"start":{"line":101,"column":12},"end":{"line":103,"column":13}}],"line":101},"15":{"loc":{"start":{"line":106,"column":12},"end":{"line":108,"column":13}},"type":"if","locations":[{"start":{"line":106,"column":12},"end":{"line":108,"column":13}},{"start":{"line":106,"column":12},"end":{"line":108,"column":13}}],"line":106},"16":{"loc":{"start":{"line":112,"column":12},"end":{"line":117,"column":13}},"type":"if","locations":[{"start":{"line":112,"column":12},"end":{"line":117,"column":13}},{"start":{"line":112,"column":12},"end":{"line":117,"column":13}}],"line":112}},"s":{"0":1,"1":2,"2":1,"3":1,"4":1,"5":1,"6":1,"7":1,"8":1,"9":13,"10":13,"11":13,"12":13,"13":13,"14":13,"15":8,"16":8,"17":8,"18":8,"19":8,"20":1,"21":7,"22":0,"23":7,"24":0,"25":7,"26":0,"27":7,"28":7,"29":0,"30":7,"31":7,"32":0,"33":7,"34":41608,"35":7,"36":7,"37":7,"38":0,"39":7,"40":7,"41":7,"42":0,"43":0,"44":1,"45":8,"46":8,"47":8,"48":5,"49":3,"50":3,"51":1,"52":2,"53":2,"54":2,"55":6,"56":9,"57":9,"58":9,"59":8,"60":8,"61":8,"62":8,"63":0,"64":8,"65":8,"66":8,"67":0,"68":8,"69":1,"70":0,"71":1,"72":4,"73":4,"74":4,"75":4,"76":4,"77":4,"78":0,"79":1},"f":{"0":2,"1":13,"2":8,"3":8,"4":7,"5":41608,"6":7,"7":0,"8":0,"9":8,"10":8,"11":9,"12":4,"13":4},"b":{"0":[1,1,1],"1":[1,1],"2":[2,2],"3":[1,7],"4":[8,7,7],"5":[0,7],"6":[0,7],"7":[0,7],"8":[0,7],"9":[0,7],"10":[0,7],"11":[5,3],"12":[8,6,5],"13":[1,2],"14":[0,8],"15":[0,8],"16":[0,1]},"inputSourceMap":{"version":3,"file":"/Users/devinproothi/Desktop/University/UBCV/Year 3/CPSC 310/Project/project_team117/src/controller/InsightFacade.ts","sources":["/Users/devinproothi/Desktop/University/UBCV/Year 3/CPSC 310/Project/project_team117/src/controller/InsightFacade.ts"],"names":[],"mappings":";;;;;AAAA,qDAO0B;AAE1B,kDAA0B;AAC1B,0EAAkD;AAClD,4CAAuC;AACvC,kDAA6C;AAC7C,gDAA2C;AAM3C,MAAqB,aAAa;IACzB,iBAAiB,GAAa,EAAE,CAAC;IACjC,oBAAoB,GAAiB,EAAE,CAAC;IACxC,WAAW,CAAS;IACpB,cAAc,CAAY;IAC1B,aAAa,CAAW;IAChC;QACC,OAAO,CAAC,GAAG,CAAC,2BAA2B,CAAC,CAAC;QACzC,IAAI,CAAC,WAAW,GAAG,IAAI,eAAM,EAAE,CAAC;QAChC,IAAI,CAAC,cAAc,GAAG,IAAI,qBAAS,EAAE,CAAC;QACtC,IAAI,CAAC,aAAa,GAAG,IAAI,mBAAQ,EAAE,CAAC;IACrC,CAAC;IAEM,KAAK,CAAC,UAAU,CAAC,EAAU,EAAE,OAAe,EAAE,IAAwB;QAC5E,IAAI,OAAO,GAAG,IAAA,eAAK,GAAE,CAAC;QACtB,IAAI,IAAI,GAAG,KAAK,EAAmB,CAAC;QACpC,IAAI,eAAkC,CAAC;QACvC,IAAI,OAAmB,CAAC;QACxB,OAAO,IAAI,OAAO,CAAW,CAAC,OAAO,EAAE,MAAM,EAAE,EAAE;YAChD,IAAI;gBACH,IAAI,CAAC,EAAE,IAAI,EAAE,CAAC,QAAQ,CAAC,GAAG,CAAC,IAAI,EAAE,CAAC,IAAI,EAAE,KAAK,EAAE,EAAE;oBAChD,MAAM,IAAI,6BAAY,CAAC,YAAY,CAAC,CAAC;iBACrC;gBACD,IAAI,IAAI,CAAC,iBAAiB,CAAC,QAAQ,CAAC,EAAE,CAAC,EAAE;oBACxC,MAAM,IAAI,6BAAY,CAAC,mBAAmB,CAAC,CAAC;iBAC5C;gBACD,IAAI,IAAI,KAAK,mCAAkB,CAAC,QAAQ,EAAE;oBACzC,MAAM,IAAI,6BAAY,CAAC,mBAAmB,CAAC,CAAC;iBAC5C;gBACD,IAAI,OAAO,KAAK,IAAI,EAAE;oBACrB,MAAM,IAAI,6BAAY,CAAC,6BAA6B,CAAC,CAAC;iBACtD;gBACD,OAAO,CAAC,SAAS,CAAC,OAAO,EAAE,EAAC,MAAM,EAAE,IAAI,EAAC,CAAC;qBACxC,IAAI,CAAC,CAAC,GAAU,EAAE,EAAE;oBACpB,IAAI,MAAM,CAAC,IAAI,CAAC,GAAG,CAAC,KAAK,CAAC,CAAC,CAAC,CAAC,KAAK,UAAU,EAAE;wBAC7C,OAAO,MAAM,CAAC,IAAI,6BAAY,CAAC,uCAAuC,CAAC,CAAC,CAAC;qBACzE;oBACD,MAAM,aAAa,GAAG,GAAG,CAAC,MAAM,CAAC,SAAS,CAAC,CAAC;oBAC5C,IAAI,CAAC,aAAa,EAAE;wBACnB,MAAM,IAAI,6BAAY,CAAC,uCAAuC,CAAC,CAAC;qBAChE;oBACD,aAAa,CAAC,OAAO,CAAC,UAAU,YAAY,EAAE,IAAI;wBACjD,IAAI,CAAC,IAAI,CAAC,IAAI,CAAC,KAAK,CAAC,MAAM,CAAC,CAAC,CAAC;oBAC/B,CAAC,CAAC,CAAC;oBACH,OAAO,CAAC,GAAG,CAAC,IAAI,CAAC,CAAC,IAAI,CAAC,CAAC,OAAiB,EAAE,EAAE;wBAC5C,OAAO,GAAG,IAAI,oBAAU,CAAC,EAAE,EAAE,IAAI,EAAE,OAAO,CAAC,CAAC;wBAC5C,IAAI,OAAO,CAAC,QAAQ,CAAC,MAAM,KAAK,CAAC,EAAE;4BAClC,OAAO,MAAM,CAAC,IAAI,6BAAY,CAAC,0BAA0B,CAAC,CAAC,CAAC;yBAC5D;wBACD,IAAI,CAAC,iBAAiB,CAAC,IAAI,CAAC,EAAE,CAAC,CAAC;wBAChC,IAAI,CAAC,oBAAoB,CAAC,IAAI,CAAC,OAAO,CAAC,CAAC;wBACxC,OAAO,CAAC,IAAI,CAAC,iBAAiB,CAAC,CAAC;oBACjC,CAAC,CAAC,CAAC,KAAK,CAAC,CAAC,GAAQ,EAAE,EAAE;wBACrB,MAAM,CAAC,OAAO,CAAC,CAAC;oBACjB,CAAC,CAAC,CAAC;gBACJ,CAAC,CAAC,CAAC,KAAK,CAAC,CAAC,GAAQ,EAAE,EAAE;oBACrB,MAAM,CAAC,IAAI,6BAAY,CAAC,uBAAuB,CAAC,CAAC,CAAC;gBACnD,CAAC,CAAC,CAAC;aACJ;YAAC,OAAO,KAAK,EAAE;gBACf,MAAM,CAAC,KAAK,CAAC,CAAC;aACd;QACF,CAAC,CAAC,CAAC;IACJ,CAAC;IAEM,KAAK,CAAC,aAAa,CAAC,EAAU;QACpC,OAAO,IAAI,OAAO,CAAS,CAAC,OAAO,EAAE,MAAM,EAAE,EAAE;YAC9C,IAAI;gBACH,IAAI,CAAC,EAAE,IAAI,EAAE,CAAC,QAAQ,CAAC,GAAG,CAAC,IAAI,EAAE,CAAC,IAAI,EAAE,KAAK,EAAE,EAAE;oBAChD,MAAM,IAAI,6BAAY,CAAC,YAAY,CAAC,CAAC;iBACrC;gBAED,MAAM,KAAK,GAAG,IAAI,CAAC,iBAAiB,CAAC,OAAO,CAAC,EAAE,CAAC,CAAC;gBACjD,IAAI,KAAK,KAAK,CAAC,CAAC,EAAE;oBACjB,MAAM,IAAI,8BAAa,CAAC,mBAAmB,CAAC,CAAC;iBAC7C;gBAED,IAAI,CAAC,iBAAiB,CAAC,MAAM,CAAC,KAAK,EAAE,CAAC,CAAC,CAAC;gBACxC,IAAI,CAAC,oBAAoB,CAAC,MAAM,CAAC,KAAK,EAAE,CAAC,CAAC,CAAC;gBAE3C,OAAO,CAAC,EAAE,CAAC,CAAC;aACZ;YAAC,OAAO,KAAK,EAAE;gBACf,MAAM,CAAC,KAAK,CAAC,CAAC;aACd;QACF,CAAC,CAAC,CAAC;IACJ,CAAC;IAEM,KAAK,CAAC,YAAY,CAAC,KAAc;QACvC,MAAM,WAAW,GAAG,IAAI,CAAC;QACzB,IAAI;YAEH,MAAM,WAAW,GAAG,IAAI,CAAC,WAAW,CAAC,UAAU,CAAC,KAAK,CAAC,CAAC;YACvD,MAAM,cAAc,GAAG,IAAI,CAAC,cAAc,CAAC,aAAa,CAAC,WAAW,CAAC,CAAC;YAGtE,MAAM,SAAS,GAAG,IAAI,CAAC,aAAa,CAAC,gBAAgB,CAAC,WAAW,CAAC,CAAC;YACnE,MAAM,OAAO,GAAG,IAAI,CAAC,oBAAoB,CAAC,IAAI,CAAC,iBAAiB,CAAC,OAAO,CAAC,SAAS,CAAC,CAAC,CAAC;YACrF,IAAI,CAAC,OAAO,EAAE;gBACb,MAAM,IAAI,6BAAY,CAAC,mBAAmB,CAAC,CAAC;aAC5C;YAGD,MAAM,eAAe,GAAG,IAAI,CAAC,aAAa,CAAC,YAAY,CAAC,OAAO,EAAE,WAAW,CAAC,KAAK,CAAC,CAAC;YAGpF,MAAM,YAAY,GAAG,IAAI,CAAC,aAAa,CAAC,aAAa,CAAC,eAAe,EAAE,WAAW,CAAC,OAAO,CAAC,CAAC;YAG5F,IAAI,YAAY,CAAC,MAAM,GAAG,WAAW,EAAE;gBACtC,MAAM,IAAI,oCAAmB,CAAC,6CAA6C,CAAC,CAAC;aAC7E;YAED,OAAO,YAAY,CAAC;SACpB;QAAC,OAAO,KAAK,EAAE;YACf,IAAI,KAAK,YAAY,oCAAmB,EAAE;gBACzC,MAAM,IAAI,oCAAmB,CAAC,IAAI,CAAC,CAAC;aACpC;iBAAM;gBACN,MAAM,IAAI,6BAAY,CAAC,GAAG,CAAC,CAAC;aAC5B;SACD;IACF,CAAC;IAEM,KAAK,CAAC,YAAY;QACxB,OAAO,IAAI,OAAO,CAAmB,CAAC,OAAO,EAAE,MAAM,EAAE,EAAE;YACxD,IAAI;gBACH,MAAM,WAAW,GAAqB,EAAE,CAAC;gBACzC,KAAK,MAAM,UAAU,IAAI,IAAI,CAAC,oBAAoB,EAAE;oBACnD,WAAW,CAAC,IAAI,CAAC,UAAU,CAAC,cAAc,CAAC,CAAC;iBAC5C;gBACD,OAAO,CAAC,WAAW,CAAC,CAAC;aACrB;YAAC,OAAO,KAAK,EAAE;gBACf,MAAM,CAAC,IAAI,6BAAY,CAAC,yBAAyB,CAAC,CAAC,CAAC;aACpD;QACF,CAAC,CAAC,CAAC;IACJ,CAAC;CACD;AAtID,gCAsIC","sourcesContent":["import {\n\tIInsightFacade,\n\tInsightDataset,\n\tInsightDatasetKind,\n\tInsightError,\n\tInsightResult,\n\tNotFoundError, ResultTooLargeError\n} from \"./IInsightFacade\";\nimport Section from \"../dataModels/Section\";\nimport JSZip from \"jszip\";\nimport CourseData from \"../dataModels/CourseData\";\nimport {Parser} from \"../query/Parser\";\nimport {Validator} from \"../query/Validator\";\nimport {Executor} from \"../query/Executor\";\n/**\n * This is the main programmatic entry point for the project.\n * Method documentation is in IInsightFacade\n *\n */\nexport default class InsightFacade implements IInsightFacade {\n\tprivate datasetCollection: string[] = [];\n\tprivate courseDataCollection: CourseData[] = [];\n\tprivate queryParser: Parser;\n\tprivate queryValidator: Validator;\n\tprivate queryExecutor: Executor;\n\tconstructor() {\n\t\tconsole.log(\"InsightFacadeImpl::init()\");\n\t\tthis.queryParser = new Parser();\n\t\tthis.queryValidator = new Validator();\n\t\tthis.queryExecutor = new Executor();\n\t}\n\n\tpublic async addDataset(id: string, content: string, kind: InsightDatasetKind): Promise<string[]> {\n\t\tlet zipFile = JSZip();\n\t\tlet info = Array<Promise<string>>();\n\t\tlet functionPromise: Promise<string[]>;\n\t\tlet dataset: CourseData;\n\t\treturn new Promise<string[]>((resolve, reject) => {\n\t\t\ttry {\n\t\t\t\tif (!id || id.includes(\"_\") || id.trim() === \"\") {\n\t\t\t\t\tthrow new InsightError(\"Invalid ID\");\n\t\t\t\t}\n\t\t\t\tif (this.datasetCollection.includes(id)) {\n\t\t\t\t\tthrow new InsightError(\"ID already exists\");\n\t\t\t\t}\n\t\t\t\tif (kind !== InsightDatasetKind.Sections) {\n\t\t\t\t\tthrow new InsightError(\"Invalid Kind Type\");\n\t\t\t\t}\n\t\t\t\tif (content === null) {\n\t\t\t\t\tthrow new InsightError(\"Content should not be empty\");\n\t\t\t\t}\n\t\t\t\tzipFile.loadAsync(content, {base64: true})\n\t\t\t\t\t.then((zip: JSZip) => {\n\t\t\t\t\t\tif (Object.keys(zip.files)[0] !== \"courses/\") {\n\t\t\t\t\t\t\treturn reject(new InsightError(\"Folder does not exist in the zip file\"));\n\t\t\t\t\t\t}\n\t\t\t\t\t\tconst coursesFolder = zip.folder(\"courses\");\n\t\t\t\t\t\tif (!coursesFolder) {\n\t\t\t\t\t\t\tthrow new InsightError(\"Folder does not exist in the zip file\");\n\t\t\t\t\t\t}\n\t\t\t\t\t\tcoursesFolder.forEach(function (relativePath, file) {\n\t\t\t\t\t\t\tinfo.push(file.async(\"text\"));\n\t\t\t\t\t\t});\n\t\t\t\t\t\tPromise.all(info).then((promise: string[]) => {\n\t\t\t\t\t\t\tdataset = new CourseData(id, kind, promise);\n\t\t\t\t\t\t\tif (dataset.sections.length === 0) {\n\t\t\t\t\t\t\t\treturn reject(new InsightError(\"No valid sections to add\"));\n\t\t\t\t\t\t\t}\n\t\t\t\t\t\t\tthis.datasetCollection.push(id);\n\t\t\t\t\t\t\tthis.courseDataCollection.push(dataset);\n\t\t\t\t\t\t\tresolve(this.datasetCollection);\n\t\t\t\t\t\t}).catch((err: any) => {\n\t\t\t\t\t\t\treject(\"Error\");\n\t\t\t\t\t\t});\n\t\t\t\t\t}).catch((err: any) => {\n\t\t\t\t\t\treject(new InsightError(\"Failed to add dataset\"));\n\t\t\t\t\t});\n\t\t\t} catch (error) {\n\t\t\t\treject(error);\n\t\t\t}\n\t\t});\n\t}\n\n\tpublic async removeDataset(id: string): Promise<string> {\n\t\treturn new Promise<string>((resolve, reject) => {\n\t\t\ttry {\n\t\t\t\tif (!id || id.includes(\"_\") || id.trim() === \"\") {\n\t\t\t\t\tthrow new InsightError(\"Invalid ID\");\n\t\t\t\t}\n\n\t\t\t\tconst index = this.datasetCollection.indexOf(id);\n\t\t\t\tif (index === -1) {\n\t\t\t\t\tthrow new NotFoundError(\"Dataset not found\");\n\t\t\t\t}\n\n\t\t\t\tthis.datasetCollection.splice(index, 1);\n\t\t\t\tthis.courseDataCollection.splice(index, 1);\n\n\t\t\t\tresolve(id);\n\t\t\t} catch (error) {\n\t\t\t\treject(error);\n\t\t\t}\n\t\t});\n\t}\n\n\tpublic async performQuery(query: unknown): Promise<InsightResult[]> {\n\t\tconst MAX_RESULTS = 5000;\n\t\ttry {\n\t\t\t// Use QueryParser to parse the query\n\t\t\tconst parsedQuery = this.queryParser.parseQuery(query);\n\t\t\tconst validatedQuery = this.queryValidator.validateQuery(parsedQuery);\n\n\t\t\t// Step 2: Retrieve the dataset referenced in the query\n\t\t\tconst datasetId = this.queryExecutor.extractDatasetId(parsedQuery);\n\t\t\tconst dataset = this.courseDataCollection[this.datasetCollection.indexOf(datasetId)];\n\t\t\tif (!dataset) {\n\t\t\t\tthrow new InsightError(\"Dataset not found\");\n\t\t\t}\n\n\t\t\t// Step 3: Apply filters defined in the WHERE clause\n\t\t\tconst filteredResults = this.queryExecutor.applyFilters(dataset, parsedQuery.WHERE);\n\n\t\t\t// Step 4: Apply sorting and column selection based on OPTIONS\n\t\t\tconst finalResults = this.queryExecutor.formatResults(filteredResults, parsedQuery.OPTIONS);\n\t\t\t// console.log(finalResults.length);\n\t\t\t// Step 5: Check for result size constraints\n\t\t\tif (finalResults.length > MAX_RESULTS) {\n\t\t\t\tthrow new ResultTooLargeError(\"The query results exceed the allowed limit.\");\n\t\t\t}\n\n\t\t\treturn finalResults;\n\t\t} catch (error) {\n\t\t\tif (error instanceof ResultTooLargeError) {\n\t\t\t\tthrow new ResultTooLargeError(\"ll\");\n\t\t\t} else {\n\t\t\t\tthrow new InsightError(\"l\");\n\t\t\t}\n\t\t}\n\t}\n\n\tpublic async listDatasets(): Promise<InsightDataset[]> {\n\t\treturn new Promise<InsightDataset[]>((resolve, reject) => {\n\t\t\ttry {\n\t\t\t\tconst datasetList: InsightDataset[] = [];\n\t\t\t\tfor (const courseData of this.courseDataCollection) {\n\t\t\t\t\tdatasetList.push(courseData.insightDataset);\n\t\t\t\t}\n\t\t\t\tresolve(datasetList);\n\t\t\t} catch (error) {\n\t\t\t\treject(new InsightError(\"Failed to list datasets\"));\n\t\t\t}\n\t\t});\n\t}\n}\n"]},"_coverageSchema":"1a1c01bbd47fc00a2c39e90264f33305004495a9","hash":"df1d97124277d6a3d8e24eeab6815eb287cac401","contentHash":"649c84fd220851a21fbb657896dd4a65f38877c88498f089a49c56a0123c1dbd"},"/Users/devinproothi/Desktop/University/UBCV/Year 3/CPSC 310/Project/project_team117/src/controller/IInsightFacade.ts":{"path":"/Users/devinproothi/Desktop/University/UBCV/Year 3/CPSC 310/Project/project_team117/src/controller/IInsightFacade.ts","statementMap":{"0":{"start":{"line":2,"column":0},"end":{"line":2,"column":62}},"1":{"start":{"line":3,"column":0},"end":{"line":3,"column":113}},"2":{"start":{"line":5,"column":0},"end":{"line":8,"column":89}},"3":{"start":{"line":6,"column":4},"end":{"line":6,"column":48}},"4":{"start":{"line":7,"column":4},"end":{"line":7,"column":42}},"5":{"start":{"line":11,"column":8},"end":{"line":11,"column":23}},"6":{"start":{"line":12,"column":8},"end":{"line":12,"column":52}},"7":{"start":{"line":15,"column":0},"end":{"line":15,"column":36}},"8":{"start":{"line":18,"column":8},"end":{"line":18,"column":23}},"9":{"start":{"line":19,"column":8},"end":{"line":19,"column":53}},"10":{"start":{"line":22,"column":0},"end":{"line":22,"column":38}},"11":{"start":{"line":25,"column":8},"end":{"line":25,"column":23}},"12":{"start":{"line":26,"column":8},"end":{"line":26,"column":59}},"13":{"start":{"line":29,"column":0},"end":{"line":29,"column":50}}},"fnMap":{"0":{"name":"(anonymous_0)","decl":{"start":{"line":5,"column":1},"end":{"line":5,"column":2}},"loc":{"start":{"line":5,"column":31},"end":{"line":8,"column":1}},"line":5},"1":{"name":"(anonymous_1)","decl":{"start":{"line":10,"column":4},"end":{"line":10,"column":5}},"loc":{"start":{"line":10,"column":25},"end":{"line":13,"column":5}},"line":10},"2":{"name":"(anonymous_2)","decl":{"start":{"line":17,"column":4},"end":{"line":17,"column":5}},"loc":{"start":{"line":17,"column":25},"end":{"line":20,"column":5}},"line":17},"3":{"name":"(anonymous_3)","decl":{"start":{"line":24,"column":4},"end":{"line":24,"column":5}},"loc":{"start":{"line":24,"column":25},"end":{"line":27,"column":5}},"line":24}},"branchMap":{"0":{"loc":{"start":{"line":8,"column":24},"end":{"line":8,"column":87}},"type":"binary-expr","locations":[{"start":{"line":8,"column":24},"end":{"line":8,"column":50}},{"start":{"line":8,"column":55},"end":{"line":8,"column":86}}],"line":8}},"s":{"0":1,"1":1,"2":1,"3":1,"4":1,"5":7,"6":7,"7":1,"8":1,"9":1,"10":1,"11":0,"12":0,"13":1},"f":{"0":1,"1":7,"2":1,"3":0},"b":{"0":[1,1]},"inputSourceMap":{"version":3,"file":"/Users/devinproothi/Desktop/University/UBCV/Year 3/CPSC 310/Project/project_team117/src/controller/IInsightFacade.ts","sources":["/Users/devinproothi/Desktop/University/UBCV/Year 3/CPSC 310/Project/project_team117/src/controller/IInsightFacade.ts"],"names":[],"mappings":";;;AAMA,IAAY,kBAGX;AAHD,WAAY,kBAAkB;IAC7B,2CAAqB,CAAA;IACrB,qCAAe,CAAA;AAChB,CAAC,EAHW,kBAAkB,GAAlB,0BAAkB,KAAlB,0BAAkB,QAG7B;AAYD,MAAa,YAAa,SAAQ,KAAK;IACtC,YAAY,OAAgB;QAC3B,KAAK,CAAC,OAAO,CAAC,CAAC;QACf,KAAK,CAAC,iBAAiB,CAAC,IAAI,EAAE,YAAY,CAAC,CAAC;IAC7C,CAAC;CACD;AALD,oCAKC;AAED,MAAa,aAAc,SAAQ,KAAK;IACvC,YAAY,OAAgB;QAC3B,KAAK,CAAC,OAAO,CAAC,CAAC;QACf,KAAK,CAAC,iBAAiB,CAAC,IAAI,EAAE,aAAa,CAAC,CAAC;IAC9C,CAAC;CACD;AALD,sCAKC;AAED,MAAa,mBAAoB,SAAQ,KAAK;IAC7C,YAAY,OAAgB;QAC3B,KAAK,CAAC,OAAO,CAAC,CAAC;QACf,KAAK,CAAC,iBAAiB,CAAC,IAAI,EAAE,mBAAmB,CAAC,CAAC;IACpD,CAAC;CACD;AALD,kDAKC","sourcesContent":["/*\n * This is the primary high-level API for the project. In this folder there should be:\n * A class called InsightFacade, this should be in a file called InsightFacade.ts.\n * You should not change this interface at all or the test suite will not work.\n */\n\nexport enum InsightDatasetKind {\n\tSections = \"sections\",\n\tRooms = \"rooms\",\n}\n\nexport interface InsightDataset {\n\tid: string;\n\tkind: InsightDatasetKind;\n\tnumRows: number;\n}\n\nexport interface InsightResult {\n\t[key: string]: string | number;\n}\n\nexport class InsightError extends Error {\n\tconstructor(message?: string) {\n\t\tsuper(message);\n\t\tError.captureStackTrace(this, InsightError);\n\t}\n}\n\nexport class NotFoundError extends Error {\n\tconstructor(message?: string) {\n\t\tsuper(message);\n\t\tError.captureStackTrace(this, NotFoundError);\n\t}\n}\n\nexport class ResultTooLargeError extends Error {\n\tconstructor(message?: string) {\n\t\tsuper(message);\n\t\tError.captureStackTrace(this, ResultTooLargeError);\n\t}\n}\n\nexport interface IInsightFacade {\n\t/**\n\t * Add a dataset to insightUBC.\n\t *\n\t * @param id  The id of the dataset being added. Follows the format /^[^_]+$/\n\t * @param content  The base64 content of the dataset. This content should be in the form of a serialized zip file.\n\t * @param kind  The kind of the dataset\n\t *\n\t * @return Promise <string[]>\n\t *\n\t * The promise should fulfill on a successful add, reject for any failures.\n\t * The promise should fulfill with a string array,\n\t * containing the ids of all currently added datasets upon a successful add.\n\t * The promise should reject with an InsightError describing the error.\n\t *\n\t * An id is invalid if it contains an underscore, or is only whitespace characters.\n\t * If id is the same as the id of an already added dataset, the dataset should be rejected and not saved.\n\t *\n\t * After receiving the dataset, it should be processed into a data structure of\n\t * your design. The processed data structure should be persisted to disk; your\n\t * system should be able to load this persisted value into memory for answering\n\t * queries.\n\t *\n\t * Ultimately, a dataset must be added or loaded from disk before queries can\n\t * be successfully answered.\n\t */\n\taddDataset(id: string, content: string, kind: InsightDatasetKind): Promise<string[]>;\n\n\t/**\n\t * Remove a dataset from insightUBC.\n\t *\n\t * @param id  The id of the dataset to remove. Follows the format /^[^_]+$/\n\t *\n\t * @return Promise <string>\n\t *\n\t * The promise should fulfill upon a successful removal, reject on any error.\n\t * Attempting to remove a dataset that hasn't been added yet counts as an error.\n\t *\n\t * An id is invalid if it contains an underscore, or is only whitespace characters.\n\t *\n\t * The promise should fulfill the id of the dataset that was removed.\n\t * The promise should reject with a NotFoundError (if a valid id was not yet added)\n\t * or an InsightError (invalid id or any other source of failure) describing the error.\n\t *\n\t * This will delete both disk and memory caches for the dataset for the id meaning\n\t * that subsequent queries for that id should fail unless a new addDataset happens first.\n\t */\n\tremoveDataset(id: string): Promise<string>;\n\n\t/**\n\t * Perform a query on insightUBC.\n\t *\n\t * @param query  The query to be performed.\n\t *\n\t * If a query is incorrectly formatted, references a dataset not added (in memory or on disk),\n\t * or references multiple datasets, it should be rejected.\n\t *\n\t * @return Promise <InsightResult[]>\n\t *\n\t * The promise should fulfill with an array of results.\n\t * The promise should reject with a ResultTooLargeError (if the query returns too many results)\n\t * or an InsightError (for any other source of failure) describing the error.\n\t */\n\tperformQuery(query: unknown): Promise<InsightResult[]>;\n\n\t/**\n\t * List all currently added datasets, their types, and number of rows.\n\t * working on it right now\n\t * @return Promise <InsightDataset[]>\n\t * The promise should fulfill an array of currently added InsightDatasets, and will only fulfill.\n\t */\n\tlistDatasets(): Promise<InsightDataset[]>;\n}\n"]},"_coverageSchema":"1a1c01bbd47fc00a2c39e90264f33305004495a9","hash":"5ea058a8951534e381ea7eb3e5ebf4eda8116d38","contentHash":"e35980544c8480659682d9c04ecef077fc0f7cca7ed3f078a300474252cfe626"},"/Users/devinproothi/Desktop/University/UBCV/Year 3/CPSC 310/Project/project_team117/src/dataModels/CourseData.ts":{"path":"/Users/devinproothi/Desktop/University/UBCV/Year 3/CPSC 310/Project/project_team117/src/dataModels/CourseData.ts","statementMap":{"0":{"start":{"line":2,"column":22},"end":{"line":4,"column":1}},"1":{"start":{"line":3,"column":4},"end":{"line":3,"column":62}},"2":{"start":{"line":5,"column":0},"end":{"line":5,"column":62}},"3":{"start":{"line":6,"column":18},"end":{"line":6,"column":55}},"4":{"start":{"line":13,"column":8},"end":{"line":13,"column":21}},"5":{"start":{"line":14,"column":8},"end":{"line":14,"column":53}},"6":{"start":{"line":15,"column":8},"end":{"line":15,"column":27}},"7":{"start":{"line":16,"column":8},"end":{"line":16,"column":98}},"8":{"start":{"line":17,"column":8},"end":{"line":20,"column":9}},"9":{"start":{"line":18,"column":31},"end":{"line":18,"column":49}},"10":{"start":{"line":19,"column":12},"end":{"line":19,"column":37}},"11":{"start":{"line":23,"column":8},"end":{"line":25,"column":9}},"12":{"start":{"line":24,"column":12},"end":{"line":24,"column":51}},"13":{"start":{"line":26,"column":8},"end":{"line":42,"column":9}},"14":{"start":{"line":27,"column":23},"end":{"line":27,"column":32}},"15":{"start":{"line":28,"column":27},"end":{"line":28,"column":40}},"16":{"start":{"line":29,"column":24},"end":{"line":29,"column":36}},"17":{"start":{"line":30,"column":29},"end":{"line":30,"column":45}},"18":{"start":{"line":31,"column":23},"end":{"line":31,"column":37}},"19":{"start":{"line":32,"column":23},"end":{"line":32,"column":34}},"20":{"start":{"line":33,"column":22},"end":{"line":33,"column":32}},"21":{"start":{"line":34,"column":23},"end":{"line":34,"column":34}},"22":{"start":{"line":35,"column":23},"end":{"line":35,"column":34}},"23":{"start":{"line":36,"column":24},"end":{"line":36,"column":36}},"24":{"start":{"line":37,"column":12},"end":{"line":39,"column":13}},"25":{"start":{"line":38,"column":16},"end":{"line":38,"column":28}},"26":{"start":{"line":40,"column":26},"end":{"line":40,"column":118}},"27":{"start":{"line":41,"column":12},"end":{"line":41,"column":40}},"28":{"start":{"line":43,"column":8},"end":{"line":43,"column":59}},"29":{"start":{"line":46,"column":0},"end":{"line":46,"column":29}}},"fnMap":{"0":{"name":"(anonymous_0)","decl":{"start":{"line":2,"column":56},"end":{"line":2,"column":57}},"loc":{"start":{"line":2,"column":71},"end":{"line":4,"column":1}},"line":2},"1":{"name":"(anonymous_1)","decl":{"start":{"line":12,"column":4},"end":{"line":12,"column":5}},"loc":{"start":{"line":12,"column":53},"end":{"line":21,"column":5}},"line":12},"2":{"name":"(anonymous_2)","decl":{"start":{"line":22,"column":4},"end":{"line":22,"column":5}},"loc":{"start":{"line":22,"column":19},"end":{"line":44,"column":5}},"line":22}},"branchMap":{"0":{"loc":{"start":{"line":2,"column":22},"end":{"line":4,"column":1}},"type":"binary-expr","locations":[{"start":{"line":2,"column":23},"end":{"line":2,"column":27}},{"start":{"line":2,"column":31},"end":{"line":2,"column":51}},{"start":{"line":2,"column":56},"end":{"line":4,"column":1}}],"line":2},"1":{"loc":{"start":{"line":3,"column":11},"end":{"line":3,"column":61}},"type":"cond-expr","locations":[{"start":{"line":3,"column":37},"end":{"line":3,"column":40}},{"start":{"line":3,"column":43},"end":{"line":3,"column":61}}],"line":3},"2":{"loc":{"start":{"line":3,"column":12},"end":{"line":3,"column":33}},"type":"binary-expr","locations":[{"start":{"line":3,"column":12},"end":{"line":3,"column":15}},{"start":{"line":3,"column":19},"end":{"line":3,"column":33}}],"line":3},"3":{"loc":{"start":{"line":23,"column":8},"end":{"line":25,"column":9}},"type":"if","locations":[{"start":{"line":23,"column":8},"end":{"line":25,"column":9}},{"start":{"line":23,"column":8},"end":{"line":25,"column":9}}],"line":23},"4":{"loc":{"start":{"line":23,"column":12},"end":{"line":23,"column":73}},"type":"binary-expr","locations":[{"start":{"line":23,"column":12},"end":{"line":23,"column":20}},{"start":{"line":23,"column":24},"end":{"line":23,"column":39}},{"start":{"line":23,"column":43},"end":{"line":23,"column":73}}],"line":23},"5":{"loc":{"start":{"line":37,"column":12},"end":{"line":39,"column":13}},"type":"if","locations":[{"start":{"line":37,"column":12},"end":{"line":39,"column":13}},{"start":{"line":37,"column":12},"end":{"line":39,"column":13}}],"line":37}},"s":{"0":1,"1":1,"2":1,"3":1,"4":7,"5":7,"6":7,"7":7,"8":7,"9":41608,"10":41608,"11":41608,"12":0,"13":41608,"14":452284,"15":452284,"16":452284,"17":452284,"18":452284,"19":452284,"20":452284,"21":452284,"22":452284,"23":452284,"24":452284,"25":172347,"26":452284,"27":452284,"28":41608,"29":1},"f":{"0":1,"1":7,"2":41608},"b":{"0":[1,1,1],"1":[1,0],"2":[1,1],"3":[0,41608],"4":[41608,41608,41608],"5":[172347,279937]},"inputSourceMap":{"version":3,"file":"/Users/devinproothi/Desktop/University/UBCV/Year 3/CPSC 310/Project/project_team117/src/dataModels/CourseData.ts","sources":["/Users/devinproothi/Desktop/University/UBCV/Year 3/CPSC 310/Project/project_team117/src/dataModels/CourseData.ts"],"names":[],"mappings":";;;;;AACA,wDAAgC;AAEhC,MAAqB,UAAU;IACvB,EAAE,CAAS;IACX,kBAAkB,CAAqB;IACvC,cAAc,CAAiB;IAC/B,QAAQ,CAAY;IAE3B,YAAY,EAAU,EAAE,kBAAsC,EAAE,WAAqB;QACpF,IAAI,CAAC,EAAE,GAAG,EAAE,CAAC;QACb,IAAI,CAAC,kBAAkB,GAAG,kBAAkB,CAAC;QAC7C,IAAI,CAAC,QAAQ,GAAG,EAAE,CAAC;QACnB,IAAI,CAAC,cAAc,GAAG,EAAC,EAAE,EAAE,EAAE,EAAE,IAAI,EAAE,kBAAkB,EAAE,OAAO,EAAE,IAAI,CAAC,QAAQ,CAAC,MAAM,EAAC,CAAC;QAExF,KAAK,IAAI,MAAM,IAAI,WAAW,EAAE;YAC/B,IAAI,YAAY,GAAG,IAAI,CAAC,KAAK,CAAC,MAAM,CAAC,CAAC;YACtC,IAAI,CAAC,KAAK,CAAC,YAAY,CAAC,CAAC;SACzB;IACF,CAAC;IAEM,KAAK,CAAC,OAAY;QACxB,IAAI,CAAC,OAAO,IAAI,CAAC,OAAO,CAAC,MAAM,IAAI,CAAC,KAAK,CAAC,OAAO,CAAC,OAAO,CAAC,MAAM,CAAC,EAAE;YAClE,MAAM,IAAI,KAAK,CAAC,qBAAqB,CAAC,CAAC;SACvC;QAED,KAAK,IAAI,MAAM,IAAI,OAAO,CAAC,MAAM,EAAE;YAClC,IAAI,IAAI,GAAG,MAAM,CAAC,EAAE,CAAC;YACrB,IAAI,QAAQ,GAAG,MAAM,CAAC,MAAM,CAAC;YAC7B,IAAI,KAAK,GAAG,MAAM,CAAC,KAAK,CAAC;YACzB,IAAI,UAAU,GAAG,MAAM,CAAC,SAAS,CAAC;YAClC,IAAI,IAAI,GAAG,MAAM,CAAC,OAAO,CAAC;YAC1B,IAAI,IAAI,GAAG,MAAM,CAAC,IAAI,CAAC;YACvB,IAAI,GAAG,GAAG,MAAM,CAAC,GAAG,CAAC;YACrB,IAAI,IAAI,GAAG,MAAM,CAAC,IAAI,CAAC;YACvB,IAAI,IAAI,GAAG,MAAM,CAAC,IAAI,CAAC;YACvB,IAAI,KAAK,GAAG,MAAM,CAAC,KAAK,CAAC;YACzB,IAAI,MAAM,CAAC,OAAO,KAAK,SAAS,EAAE;gBACjC,IAAI,GAAG,IAAI,CAAC;aACZ;YACD,IAAI,OAAO,GAAG,IAAI,iBAAO,CAAC,IAAI,EAAE,QAAQ,EAAE,KAAK,EAAE,UAAU,EAAE,IAAI,EAAE,IAAI,EAAE,GAAG,EAAE,IAAI,EAAE,IAAI,EAAE,KAAK,CAAC,CAAC;YACjG,IAAI,CAAC,QAAQ,CAAC,IAAI,CAAC,OAAO,CAAC,CAAC;SAC5B;QAED,IAAI,CAAC,cAAc,CAAC,OAAO,GAAG,IAAI,CAAC,QAAQ,CAAC,MAAM,CAAC;IACpD,CAAC;CACD;AA3CD,6BA2CC","sourcesContent":["import {InsightDataset, InsightDatasetKind} from \"../controller/IInsightFacade\";\nimport Section from \"./Section\";\n\nexport default class CourseData {\n\tpublic id: string;\n\tpublic insightDatasetKind: InsightDatasetKind;\n\tpublic insightDataset: InsightDataset;\n\tpublic sections: Section[];\n\n\tconstructor(id: string, insightDatasetKind: InsightDatasetKind, coursesList: string[]) {\n\t\tthis.id = id;\n\t\tthis.insightDatasetKind = insightDatasetKind;\n\t\tthis.sections = [];\n\t\tthis.insightDataset = {id: id, kind: insightDatasetKind, numRows: this.sections.length};\n\n\t\tfor (let course of coursesList) {\n\t\t\tlet parsedCourse = JSON.parse(course);\n\t\t\tthis.parse(parsedCourse);\n\t\t}\n\t}\n\n\tpublic parse(courses: any) {\n\t\tif (!courses || !courses.result || !Array.isArray(courses.result)) {\n\t\t\tthrow new Error(\"Invalid JSON format\");\n\t\t}\n\n\t\tfor (let course of courses.result) {\n\t\t\tlet uuid = course.id;\n\t\t\tlet courseID = course.Course;\n\t\t\tlet title = course.Title;\n\t\t\tlet instructor = course.Professor; // Corrected property name\n\t\t\tlet dept = course.Subject;\n\t\t\tlet year = course.Year;\n\t\t\tlet avg = course.Avg;\n\t\t\tlet pass = course.Pass;\n\t\t\tlet fail = course.Fail;\n\t\t\tlet audit = course.Audit;\n\t\t\tif (course.Section === \"overall\") { // Corrected property name\n\t\t\t\tyear = 1900;\n\t\t\t}\n\t\t\tlet section = new Section(uuid, courseID, title, instructor, dept, year, avg, pass, fail, audit);\n\t\t\tthis.sections.push(section);\n\t\t}\n\n\t\tthis.insightDataset.numRows = this.sections.length;\n\t}\n}\n"]},"_coverageSchema":"1a1c01bbd47fc00a2c39e90264f33305004495a9","hash":"6b0003e9be1e7485c001a244b8514359c5b3692e","contentHash":"8e84a631a75940758657f5c6a88915c676b7630714e87d8f90742d59c46559f7"},"/Users/devinproothi/Desktop/University/UBCV/Year 3/CPSC 310/Project/project_team117/src/dataModels/Section.ts":{"path":"/Users/devinproothi/Desktop/University/UBCV/Year 3/CPSC 310/Project/project_team117/src/dataModels/Section.ts","statementMap":{"0":{"start":{"line":2,"column":0},"end":{"line":2,"column":62}},"1":{"start":{"line":15,"column":8},"end":{"line":15,"column":25}},"2":{"start":{"line":16,"column":8},"end":{"line":16,"column":35}},"3":{"start":{"line":17,"column":8},"end":{"line":17,"column":27}},"4":{"start":{"line":18,"column":8},"end":{"line":18,"column":37}},"5":{"start":{"line":19,"column":8},"end":{"line":19,"column":25}},"6":{"start":{"line":20,"column":8},"end":{"line":20,"column":25}},"7":{"start":{"line":21,"column":8},"end":{"line":21,"column":23}},"8":{"start":{"line":22,"column":8},"end":{"line":22,"column":25}},"9":{"start":{"line":23,"column":8},"end":{"line":23,"column":25}},"10":{"start":{"line":24,"column":8},"end":{"line":24,"column":27}},"11":{"start":{"line":27,"column":8},"end":{"line":56,"column":9}},"12":{"start":{"line":28,"column":12},"end":{"line":28,"column":29}},"13":{"start":{"line":30,"column":13},"end":{"line":56,"column":9}},"14":{"start":{"line":31,"column":12},"end":{"line":31,"column":34}},"15":{"start":{"line":33,"column":13},"end":{"line":56,"column":9}},"16":{"start":{"line":34,"column":12},"end":{"line":34,"column":30}},"17":{"start":{"line":36,"column":13},"end":{"line":56,"column":9}},"18":{"start":{"line":37,"column":12},"end":{"line":37,"column":35}},"19":{"start":{"line":39,"column":13},"end":{"line":56,"column":9}},"20":{"start":{"line":40,"column":12},"end":{"line":40,"column":29}},"21":{"start":{"line":42,"column":13},"end":{"line":56,"column":9}},"22":{"start":{"line":43,"column":12},"end":{"line":43,"column":29}},"23":{"start":{"line":45,"column":13},"end":{"line":56,"column":9}},"24":{"start":{"line":46,"column":12},"end":{"line":46,"column":28}},"25":{"start":{"line":48,"column":13},"end":{"line":56,"column":9}},"26":{"start":{"line":49,"column":12},"end":{"line":49,"column":29}},"27":{"start":{"line":51,"column":13},"end":{"line":56,"column":9}},"28":{"start":{"line":52,"column":12},"end":{"line":52,"column":29}},"29":{"start":{"line":54,"column":13},"end":{"line":56,"column":9}},"30":{"start":{"line":55,"column":12},"end":{"line":55,"column":30}},"31":{"start":{"line":59,"column":0},"end":{"line":59,"column":26}}},"fnMap":{"0":{"name":"(anonymous_0)","decl":{"start":{"line":14,"column":4},"end":{"line":14,"column":5}},"loc":{"start":{"line":14,"column":88},"end":{"line":25,"column":5}},"line":14},"1":{"name":"(anonymous_1)","decl":{"start":{"line":26,"column":4},"end":{"line":26,"column":5}},"loc":{"start":{"line":26,"column":15},"end":{"line":57,"column":5}},"line":26}},"branchMap":{"0":{"loc":{"start":{"line":27,"column":8},"end":{"line":56,"column":9}},"type":"if","locations":[{"start":{"line":27,"column":8},"end":{"line":56,"column":9}},{"start":{"line":27,"column":8},"end":{"line":56,"column":9}}],"line":27},"1":{"loc":{"start":{"line":30,"column":13},"end":{"line":56,"column":9}},"type":"if","locations":[{"start":{"line":30,"column":13},"end":{"line":56,"column":9}},{"start":{"line":30,"column":13},"end":{"line":56,"column":9}}],"line":30},"2":{"loc":{"start":{"line":33,"column":13},"end":{"line":56,"column":9}},"type":"if","locations":[{"start":{"line":33,"column":13},"end":{"line":56,"column":9}},{"start":{"line":33,"column":13},"end":{"line":56,"column":9}}],"line":33},"3":{"loc":{"start":{"line":36,"column":13},"end":{"line":56,"column":9}},"type":"if","locations":[{"start":{"line":36,"column":13},"end":{"line":56,"column":9}},{"start":{"line":36,"column":13},"end":{"line":56,"column":9}}],"line":36},"4":{"loc":{"start":{"line":39,"column":13},"end":{"line":56,"column":9}},"type":"if","locations":[{"start":{"line":39,"column":13},"end":{"line":56,"column":9}},{"start":{"line":39,"column":13},"end":{"line":56,"column":9}}],"line":39},"5":{"loc":{"start":{"line":42,"column":13},"end":{"line":56,"column":9}},"type":"if","locations":[{"start":{"line":42,"column":13},"end":{"line":56,"column":9}},{"start":{"line":42,"column":13},"end":{"line":56,"column":9}}],"line":42},"6":{"loc":{"start":{"line":45,"column":13},"end":{"line":56,"column":9}},"type":"if","locations":[{"start":{"line":45,"column":13},"end":{"line":56,"column":9}},{"start":{"line":45,"column":13},"end":{"line":56,"column":9}}],"line":45},"7":{"loc":{"start":{"line":48,"column":13},"end":{"line":56,"column":9}},"type":"if","locations":[{"start":{"line":48,"column":13},"end":{"line":56,"column":9}},{"start":{"line":48,"column":13},"end":{"line":56,"column":9}}],"line":48},"8":{"loc":{"start":{"line":51,"column":13},"end":{"line":56,"column":9}},"type":"if","locations":[{"start":{"line":51,"column":13},"end":{"line":56,"column":9}},{"start":{"line":51,"column":13},"end":{"line":56,"column":9}}],"line":51},"9":{"loc":{"start":{"line":54,"column":13},"end":{"line":56,"column":9}},"type":"if","locations":[{"start":{"line":54,"column":13},"end":{"line":56,"column":9}},{"start":{"line":54,"column":13},"end":{"line":56,"column":9}}],"line":54}},"s":{"0":1,"1":452284,"2":452284,"3":452284,"4":452284,"5":452284,"6":452284,"7":452284,"8":452284,"9":452284,"10":452284,"11":587920,"12":0,"13":587920,"14":56,"15":587864,"16":0,"17":587864,"18":0,"19":587864,"20":133973,"21":453891,"22":0,"23":453891,"24":453891,"25":0,"26":0,"27":0,"28":0,"29":0,"30":0,"31":1},"f":{"0":452284,"1":587920},"b":{"0":[0,587920],"1":[56,587864],"2":[0,587864],"3":[0,587864],"4":[133973,453891],"5":[0,453891],"6":[453891,0],"7":[0,0],"8":[0,0],"9":[0,0]},"inputSourceMap":{"version":3,"file":"/Users/devinproothi/Desktop/University/UBCV/Year 3/CPSC 310/Project/project_team117/src/dataModels/Section.ts","sources":["/Users/devinproothi/Desktop/University/UBCV/Year 3/CPSC 310/Project/project_team117/src/dataModels/Section.ts"],"names":[],"mappings":";;AAAA,MAAqB,OAAO;IAEV,IAAI,CAAS;IACb,SAAS,CAAS;IAClB,KAAK,CAAS;IACd,UAAU,CAAS;IACnB,IAAI,CAAS;IACb,IAAI,CAAS;IACb,GAAG,CAAS;IACZ,IAAI,CAAS;IACb,IAAI,CAAS;IACb,KAAK,CAAS;IAE/B,YAAY,IAAY,EAAE,SAAiB,EAAE,KAAa,EAAE,UAAkB,EAAE,IAAY,EAC3F,IAAY,EAAE,GAAW,EAAE,IAAY,EAAE,IAAY,EAAE,KAAa;QACpE,IAAI,CAAC,IAAI,GAAG,IAAI,CAAC;QACjB,IAAI,CAAC,SAAS,GAAG,SAAS,CAAC;QAC3B,IAAI,CAAC,KAAK,GAAG,KAAK,CAAC;QACnB,IAAI,CAAC,UAAU,GAAG,UAAU,CAAC;QAC7B,IAAI,CAAC,IAAI,GAAG,IAAI,CAAC;QACjB,IAAI,CAAC,IAAI,GAAG,IAAI,CAAC;QACjB,IAAI,CAAC,GAAG,GAAG,GAAG,CAAC;QACf,IAAI,CAAC,IAAI,GAAG,IAAI,CAAC;QACjB,IAAI,CAAC,IAAI,GAAG,IAAI,CAAC;QACjB,IAAI,CAAC,KAAK,GAAG,KAAK,CAAC;IACpB,CAAC;IAEM,GAAG,CAAC,KAAa;QACvB,IAAI,KAAK,KAAK,MAAM,EAAE;YACrB,OAAO,IAAI,CAAC,IAAI,CAAC;SACjB;aAAM,IAAI,KAAK,KAAK,IAAI,EAAE;YAC1B,OAAO,IAAI,CAAC,SAAS,CAAC;SACtB;aAAM,IAAI,KAAK,KAAK,OAAO,EAAE;YAC7B,OAAO,IAAI,CAAC,KAAK,CAAC;SAClB;aAAM,IAAI,KAAK,KAAK,YAAY,EAAE;YAClC,OAAO,IAAI,CAAC,UAAU,CAAC;SACvB;aAAM,IAAI,KAAK,KAAK,MAAM,EAAE;YAC5B,OAAO,IAAI,CAAC,IAAI,CAAC;SACjB;aAAM,IAAI,KAAK,KAAK,MAAM,EAAE;YAC5B,OAAO,IAAI,CAAC,IAAI,CAAC;SACjB;aAAM,IAAI,KAAK,KAAK,KAAK,EAAE;YAC3B,OAAO,IAAI,CAAC,GAAG,CAAC;SAChB;aAAM,IAAI,KAAK,KAAK,MAAM,EAAE;YAC5B,OAAO,IAAI,CAAC,IAAI,CAAC;SACjB;aAAM,IAAI,KAAK,KAAK,MAAM,EAAE;YAC5B,OAAO,IAAI,CAAC,IAAI,CAAC;SACjB;aAAM,IAAI,KAAK,KAAK,OAAO,EAAE;YAC7B,OAAO,IAAI,CAAC,KAAK,CAAC;SAClB;IACF,CAAC;CACD;AAlDD,0BAkDC","sourcesContent":["export default class Section {\n\n\tprivate readonly uuid: string;\n\tprivate readonly course_id: string;\n\tprivate readonly title: string;\n\tprivate readonly instructor: string;\n\tprivate readonly dept: string;\n\tprivate readonly year: number;\n\tprivate readonly avg: number;\n\tprivate readonly pass: number;\n\tprivate readonly fail: number;\n\tprivate readonly audit: number;\n\n\tconstructor(uuid: string, course_id: string, title: string, instructor: string, dept: string,\n\t\tyear: number, avg: number, pass: number, fail: number, audit: number) {\n\t\tthis.uuid = uuid;\n\t\tthis.course_id = course_id;\n\t\tthis.title = title;\n\t\tthis.instructor = instructor;\n\t\tthis.dept = dept;\n\t\tthis.year = year;\n\t\tthis.avg = avg;\n\t\tthis.pass = pass;\n\t\tthis.fail = fail;\n\t\tthis.audit = audit;\n\t}\n\n\tpublic get(keyID: string) {\n\t\tif (keyID === \"uuid\") {\n\t\t\treturn this.uuid;\n\t\t} else if (keyID === \"id\") {\n\t\t\treturn this.course_id;\n\t\t} else if (keyID === \"title\") {\n\t\t\treturn this.title;\n\t\t} else if (keyID === \"instructor\") {\n\t\t\treturn this.instructor;\n\t\t} else if (keyID === \"dept\") {\n\t\t\treturn this.dept;\n\t\t} else if (keyID === \"year\") {\n\t\t\treturn this.year;\n\t\t} else if (keyID === \"avg\") {\n\t\t\treturn this.avg;\n\t\t} else if (keyID === \"pass\") {\n\t\t\treturn this.pass;\n\t\t} else if (keyID === \"fail\") {\n\t\t\treturn this.fail;\n\t\t} else if (keyID === \"audit\") {\n\t\t\treturn this.audit;\n\t\t}\n\t}\n}\n"]},"_coverageSchema":"1a1c01bbd47fc00a2c39e90264f33305004495a9","hash":"122788b87e531b19f1e15db637bfbdc8201a536a","contentHash":"ca3ab526c69755a6bd771e4e99d09b13f3a0ca5363161b154ce055432273dc42"},"/Users/devinproothi/Desktop/University/UBCV/Year 3/CPSC 310/Project/project_team117/src/query/Parser.ts":{"path":"/Users/devinproothi/Desktop/University/UBCV/Year 3/CPSC 310/Project/project_team117/src/query/Parser.ts","statementMap":{"0":{"start":{"line":2,"column":0},"end":{"line":2,"column":62}},"1":{"start":{"line":3,"column":0},"end":{"line":3,"column":24}},"2":{"start":{"line":4,"column":25},"end":{"line":4,"column":64}},"3":{"start":{"line":7,"column":8},"end":{"line":9,"column":9}},"4":{"start":{"line":8,"column":12},"end":{"line":8,"column":79}},"5":{"start":{"line":10,"column":28},"end":{"line":10,"column":65}},"6":{"start":{"line":11,"column":30},"end":{"line":11,"column":71}},"7":{"start":{"line":12,"column":8},"end":{"line":12,"column":62}},"8":{"start":{"line":15,"column":8},"end":{"line":17,"column":9}},"9":{"start":{"line":16,"column":12},"end":{"line":16,"column":62}},"10":{"start":{"line":18,"column":8},"end":{"line":20,"column":9}},"11":{"start":{"line":19,"column":12},"end":{"line":19,"column":22}},"12":{"start":{"line":21,"column":27},"end":{"line":21,"column":48}},"13":{"start":{"line":22,"column":28},"end":{"line":22,"column":45}},"14":{"start":{"line":23,"column":8},"end":{"line":37,"column":9}},"15":{"start":{"line":26,"column":16},"end":{"line":26,"column":76}},"16":{"start":{"line":30,"column":16},"end":{"line":30,"column":70}},"17":{"start":{"line":32,"column":16},"end":{"line":32,"column":58}},"18":{"start":{"line":34,"column":16},"end":{"line":34,"column":67}},"19":{"start":{"line":36,"column":16},"end":{"line":36,"column":70}},"20":{"start":{"line":40,"column":8},"end":{"line":42,"column":9}},"21":{"start":{"line":41,"column":12},"end":{"line":41,"column":66}},"22":{"start":{"line":43,"column":8},"end":{"line":45,"column":10}},"23":{"start":{"line":44,"column":48},"end":{"line":44,"column":77}},"24":{"start":{"line":48,"column":8},"end":{"line":50,"column":9}},"25":{"start":{"line":49,"column":12},"end":{"line":49,"column":99}},"26":{"start":{"line":51,"column":31},"end":{"line":51,"column":60}},"27":{"start":{"line":52,"column":8},"end":{"line":54,"column":9}},"28":{"start":{"line":53,"column":12},"end":{"line":53,"column":93}},"29":{"start":{"line":55,"column":8},"end":{"line":55,"column":50}},"30":{"start":{"line":58,"column":8},"end":{"line":60,"column":9}},"31":{"start":{"line":59,"column":12},"end":{"line":59,"column":89}},"32":{"start":{"line":61,"column":31},"end":{"line":61,"column":60}},"33":{"start":{"line":62,"column":8},"end":{"line":64,"column":9}},"34":{"start":{"line":63,"column":12},"end":{"line":63,"column":84}},"35":{"start":{"line":65,"column":8},"end":{"line":65,"column":42}},"36":{"start":{"line":68,"column":8},"end":{"line":70,"column":9}},"37":{"start":{"line":69,"column":12},"end":{"line":69,"column":57}},"38":{"start":{"line":71,"column":27},"end":{"line":71,"column":34}},"39":{"start":{"line":72,"column":8},"end":{"line":74,"column":9}},"40":{"start":{"line":73,"column":12},"end":{"line":73,"column":65}},"41":{"start":{"line":75,"column":24},"end":{"line":75,"column":42}},"42":{"start":{"line":76,"column":8},"end":{"line":80,"column":11}},"43":{"start":{"line":77,"column":12},"end":{"line":79,"column":13}},"44":{"start":{"line":78,"column":16},"end":{"line":78,"column":73}},"45":{"start":{"line":81,"column":30},"end":{"line":83,"column":9}},"46":{"start":{"line":84,"column":8},"end":{"line":89,"column":9}},"47":{"start":{"line":85,"column":12},"end":{"line":87,"column":13}},"48":{"start":{"line":86,"column":16},"end":{"line":86,"column":58}},"49":{"start":{"line":88,"column":12},"end":{"line":88,"column":51}},"50":{"start":{"line":90,"column":8},"end":{"line":90,"column":29}},"51":{"start":{"line":93,"column":0},"end":{"line":93,"column":24}}},"fnMap":{"0":{"name":"(anonymous_0)","decl":{"start":{"line":6,"column":4},"end":{"line":6,"column":5}},"loc":{"start":{"line":6,"column":22},"end":{"line":13,"column":5}},"line":6},"1":{"name":"(anonymous_1)","decl":{"start":{"line":14,"column":4},"end":{"line":14,"column":5}},"loc":{"start":{"line":14,"column":28},"end":{"line":38,"column":5}},"line":14},"2":{"name":"(anonymous_2)","decl":{"start":{"line":39,"column":4},"end":{"line":39,"column":5}},"loc":{"start":{"line":39,"column":46},"end":{"line":46,"column":5}},"line":39},"3":{"name":"(anonymous_3)","decl":{"start":{"line":44,"column":36},"end":{"line":44,"column":37}},"loc":{"start":{"line":44,"column":48},"end":{"line":44,"column":77}},"line":44},"4":{"name":"(anonymous_4)","decl":{"start":{"line":47,"column":4},"end":{"line":47,"column":5}},"loc":{"start":{"line":47,"column":43},"end":{"line":56,"column":5}},"line":47},"5":{"name":"(anonymous_5)","decl":{"start":{"line":57,"column":4},"end":{"line":57,"column":5}},"loc":{"start":{"line":57,"column":33},"end":{"line":66,"column":5}},"line":57},"6":{"name":"(anonymous_6)","decl":{"start":{"line":67,"column":4},"end":{"line":67,"column":5}},"loc":{"start":{"line":67,"column":32},"end":{"line":91,"column":5}},"line":67},"7":{"name":"(anonymous_7)","decl":{"start":{"line":76,"column":24},"end":{"line":76,"column":25}},"loc":{"start":{"line":76,"column":36},"end":{"line":80,"column":9}},"line":76}},"branchMap":{"0":{"loc":{"start":{"line":7,"column":8},"end":{"line":9,"column":9}},"type":"if","locations":[{"start":{"line":7,"column":8},"end":{"line":9,"column":9}},{"start":{"line":7,"column":8},"end":{"line":9,"column":9}}],"line":7},"1":{"loc":{"start":{"line":7,"column":12},"end":{"line":7,"column":55}},"type":"binary-expr","locations":[{"start":{"line":7,"column":12},"end":{"line":7,"column":37}},{"start":{"line":7,"column":41},"end":{"line":7,"column":55}}],"line":7},"2":{"loc":{"start":{"line":15,"column":8},"end":{"line":17,"column":9}},"type":"if","locations":[{"start":{"line":15,"column":8},"end":{"line":17,"column":9}},{"start":{"line":15,"column":8},"end":{"line":17,"column":9}}],"line":15},"3":{"loc":{"start":{"line":15,"column":12},"end":{"line":15,"column":55}},"type":"binary-expr","locations":[{"start":{"line":15,"column":12},"end":{"line":15,"column":37}},{"start":{"line":15,"column":41},"end":{"line":15,"column":55}}],"line":15},"4":{"loc":{"start":{"line":18,"column":8},"end":{"line":20,"column":9}},"type":"if","locations":[{"start":{"line":18,"column":8},"end":{"line":20,"column":9}},{"start":{"line":18,"column":8},"end":{"line":20,"column":9}}],"line":18},"5":{"loc":{"start":{"line":23,"column":8},"end":{"line":37,"column":9}},"type":"switch","locations":[{"start":{"line":24,"column":12},"end":{"line":24,"column":23}},{"start":{"line":25,"column":12},"end":{"line":26,"column":76}},{"start":{"line":27,"column":12},"end":{"line":27,"column":22}},{"start":{"line":28,"column":12},"end":{"line":28,"column":22}},{"start":{"line":29,"column":12},"end":{"line":30,"column":70}},{"start":{"line":31,"column":12},"end":{"line":32,"column":58}},{"start":{"line":33,"column":12},"end":{"line":34,"column":67}},{"start":{"line":35,"column":12},"end":{"line":36,"column":70}}],"line":23},"6":{"loc":{"start":{"line":40,"column":8},"end":{"line":42,"column":9}},"type":"if","locations":[{"start":{"line":40,"column":8},"end":{"line":42,"column":9}},{"start":{"line":40,"column":8},"end":{"line":42,"column":9}}],"line":40},"7":{"loc":{"start":{"line":48,"column":8},"end":{"line":50,"column":9}},"type":"if","locations":[{"start":{"line":48,"column":8},"end":{"line":50,"column":9}},{"start":{"line":48,"column":8},"end":{"line":50,"column":9}}],"line":48},"8":{"loc":{"start":{"line":48,"column":12},"end":{"line":48,"column":105}},"type":"binary-expr","locations":[{"start":{"line":48,"column":12},"end":{"line":48,"column":42}},{"start":{"line":48,"column":46},"end":{"line":48,"column":65}},{"start":{"line":48,"column":69},"end":{"line":48,"column":105}}],"line":48},"9":{"loc":{"start":{"line":52,"column":8},"end":{"line":54,"column":9}},"type":"if","locations":[{"start":{"line":52,"column":8},"end":{"line":54,"column":9}},{"start":{"line":52,"column":8},"end":{"line":54,"column":9}}],"line":52},"10":{"loc":{"start":{"line":58,"column":8},"end":{"line":60,"column":9}},"type":"if","locations":[{"start":{"line":58,"column":8},"end":{"line":60,"column":9}},{"start":{"line":58,"column":8},"end":{"line":60,"column":9}}],"line":58},"11":{"loc":{"start":{"line":58,"column":12},"end":{"line":58,"column":105}},"type":"binary-expr","locations":[{"start":{"line":58,"column":12},"end":{"line":58,"column":42}},{"start":{"line":58,"column":46},"end":{"line":58,"column":65}},{"start":{"line":58,"column":69},"end":{"line":58,"column":105}}],"line":58},"12":{"loc":{"start":{"line":62,"column":8},"end":{"line":64,"column":9}},"type":"if","locations":[{"start":{"line":62,"column":8},"end":{"line":64,"column":9}},{"start":{"line":62,"column":8},"end":{"line":64,"column":9}}],"line":62},"13":{"loc":{"start":{"line":68,"column":8},"end":{"line":70,"column":9}},"type":"if","locations":[{"start":{"line":68,"column":8},"end":{"line":70,"column":9}},{"start":{"line":68,"column":8},"end":{"line":70,"column":9}}],"line":68},"14":{"loc":{"start":{"line":68,"column":12},"end":{"line":68,"column":59}},"type":"binary-expr","locations":[{"start":{"line":68,"column":12},"end":{"line":68,"column":39}},{"start":{"line":68,"column":43},"end":{"line":68,"column":59}}],"line":68},"15":{"loc":{"start":{"line":72,"column":8},"end":{"line":74,"column":9}},"type":"if","locations":[{"start":{"line":72,"column":8},"end":{"line":74,"column":9}},{"start":{"line":72,"column":8},"end":{"line":74,"column":9}}],"line":72},"16":{"loc":{"start":{"line":72,"column":12},"end":{"line":72,"column":81}},"type":"binary-expr","locations":[{"start":{"line":72,"column":12},"end":{"line":72,"column":46}},{"start":{"line":72,"column":50},"end":{"line":72,"column":81}}],"line":72},"17":{"loc":{"start":{"line":77,"column":12},"end":{"line":79,"column":13}},"type":"if","locations":[{"start":{"line":77,"column":12},"end":{"line":79,"column":13}},{"start":{"line":77,"column":12},"end":{"line":79,"column":13}}],"line":77},"18":{"loc":{"start":{"line":84,"column":8},"end":{"line":89,"column":9}},"type":"if","locations":[{"start":{"line":84,"column":8},"end":{"line":89,"column":9}},{"start":{"line":84,"column":8},"end":{"line":89,"column":9}}],"line":84},"19":{"loc":{"start":{"line":85,"column":12},"end":{"line":87,"column":13}},"type":"if","locations":[{"start":{"line":85,"column":12},"end":{"line":87,"column":13}},{"start":{"line":85,"column":12},"end":{"line":87,"column":13}}],"line":85}},"s":{"0":1,"1":1,"2":1,"3":9,"4":0,"5":9,"6":8,"7":8,"8":14,"9":1,"10":13,"11":0,"12":13,"13":13,"14":13,"15":2,"16":7,"17":3,"18":1,"19":0,"20":2,"21":0,"22":2,"23":4,"24":7,"25":0,"26":7,"27":7,"28":0,"29":7,"30":3,"31":0,"32":3,"33":3,"34":0,"35":3,"36":8,"37":0,"38":8,"39":8,"40":0,"41":8,"42":8,"43":17,"44":0,"45":8,"46":8,"47":1,"48":0,"49":1,"50":8,"51":1},"f":{"0":9,"1":14,"2":2,"3":4,"4":7,"5":3,"6":8,"7":17},"b":{"0":[0,9],"1":[9,9],"2":[1,13],"3":[14,13],"4":[0,13],"5":[1,2,2,5,7,3,1,0],"6":[0,2],"7":[0,7],"8":[7,7,7],"9":[0,7],"10":[0,3],"11":[3,3,3],"12":[0,3],"13":[0,8],"14":[8,8],"15":[0,8],"16":[8,8],"17":[0,17],"18":[1,7],"19":[0,1]},"inputSourceMap":{"version":3,"file":"/Users/devinproothi/Desktop/University/UBCV/Year 3/CPSC 310/Project/project_team117/src/query/Parser.ts","sources":["/Users/devinproothi/Desktop/University/UBCV/Year 3/CPSC 310/Project/project_team117/src/query/Parser.ts"],"names":[],"mappings":";;;AAAA,iEAA0D;AAE1D,MAAa,MAAM;IACX,UAAU,CAAC,KAAc;QAE/B,IAAI,OAAO,KAAK,KAAK,QAAQ,IAAI,KAAK,KAAK,IAAI,EAAE;YAChD,MAAM,IAAI,6BAAY,CAAC,yBAAyB,CAAC,CAAC;SAClD;QAED,MAAM,WAAW,GAAG,IAAI,CAAC,gBAAgB,CAAE,KAAa,CAAC,OAAO,CAAC,CAAC,CAAC;QACnE,MAAM,aAAa,GAAG,IAAI,CAAC,kBAAkB,CAAE,KAAa,CAAC,SAAS,CAAC,CAAC,CAAC;QAEzE,OAAO,EAAC,KAAK,EAAE,WAAW,EAAE,OAAO,EAAE,aAAa,EAAC,CAAC;IACrD,CAAC;IAEO,gBAAgB,CAAC,KAAc;QACtC,IAAI,OAAO,KAAK,KAAK,QAAQ,IAAI,KAAK,KAAK,IAAI,EAAE;YAChD,MAAM,IAAI,KAAK,CAAC,gCAAgC,CAAC,CAAC;SAClD;QAGD,IAAI,MAAM,CAAC,IAAI,CAAC,KAAK,CAAC,CAAC,MAAM,KAAK,CAAC,EAAE;YACpC,OAAO,EAAE,CAAC;SACV;QAED,MAAM,UAAU,GAAG,MAAM,CAAC,IAAI,CAAC,KAAK,CAAC,CAAC,CAAC,CAAC,CAAC;QACzC,MAAM,WAAW,GAAI,KAAa,CAAC,UAAU,CAAC,CAAC;QAC/C,QAAQ,UAAU,EAAE;YACnB,KAAK,KAAK,CAAC;YACX,KAAK,IAAI;gBACR,OAAO,IAAI,CAAC,sBAAsB,CAAC,UAAU,EAAE,WAAW,CAAC,CAAC;YAC7D,KAAK,IAAI,CAAC;YACV,KAAK,IAAI,CAAC;YACV,KAAK,IAAI;gBACR,OAAO,IAAI,CAAC,gBAAgB,CAAC,UAAU,EAAE,WAAW,CAAC,CAAC;YACvD,KAAK,IAAI;gBACR,OAAO,IAAI,CAAC,gBAAgB,CAAC,WAAW,CAAC,CAAC;YAC3C,KAAK,KAAK;gBACT,OAAO,EAAC,GAAG,EAAE,IAAI,CAAC,gBAAgB,CAAC,WAAW,CAAC,EAAC,CAAC;YAClD;gBACC,MAAM,IAAI,KAAK,CAAC,wBAAwB,UAAU,EAAE,CAAC,CAAC;SACvD;IACF,CAAC;IAEO,sBAAsB,CAAC,QAAgB,EAAE,OAAgB;QAChE,IAAI,CAAC,KAAK,CAAC,OAAO,CAAC,OAAO,CAAC,EAAE;YAC5B,MAAM,IAAI,KAAK,CAAC,GAAG,QAAQ,yBAAyB,CAAC,CAAC;SACtD;QACD,OAAO;YACN,CAAC,QAAQ,CAAC,EAAE,OAAO,CAAC,GAAG,CAAC,CAAC,MAAM,EAAE,EAAE,CAAC,IAAI,CAAC,gBAAgB,CAAC,MAAM,CAAC,CAAC;SAClE,CAAC;IACH,CAAC;IAEO,gBAAgB,CAAC,QAAgB,EAAE,UAAmB;QAC7D,IAAI,OAAO,UAAU,KAAK,QAAQ,IAAI,UAAU,KAAK,IAAI,IAAI,MAAM,CAAC,IAAI,CAAC,UAAU,CAAC,CAAC,MAAM,KAAK,CAAC,EAAE;YAClG,MAAM,IAAI,KAAK,CAAC,GAAG,QAAQ,0DAA0D,CAAC,CAAC;SACvF;QACD,MAAM,CAAC,KAAK,EAAE,KAAK,CAAC,GAAG,MAAM,CAAC,OAAO,CAAC,UAAU,CAAC,CAAC,CAAC,CAAC,CAAC;QACrD,IAAI,OAAO,KAAK,KAAK,QAAQ,EAAE;YAC9B,MAAM,IAAI,KAAK,CAAC,aAAa,KAAK,OAAO,QAAQ,8BAA8B,CAAC,CAAC;SACjF;QACD,OAAO,EAAC,CAAC,QAAQ,CAAC,EAAE,EAAC,CAAC,KAAK,CAAC,EAAE,KAAK,EAAC,EAAC,CAAC;IACvC,CAAC;IAEO,gBAAgB,CAAC,UAAmB;QAC3C,IAAI,OAAO,UAAU,KAAK,QAAQ,IAAI,UAAU,KAAK,IAAI,IAAI,MAAM,CAAC,IAAI,CAAC,UAAU,CAAC,CAAC,MAAM,KAAK,CAAC,EAAE;YAClG,MAAM,IAAI,KAAK,CAAC,2DAA2D,CAAC,CAAC;SAC7E;QACD,MAAM,CAAC,KAAK,EAAE,KAAK,CAAC,GAAG,MAAM,CAAC,OAAO,CAAC,UAAU,CAAC,CAAC,CAAC,CAAC,CAAC;QACrD,IAAI,OAAO,KAAK,KAAK,QAAQ,EAAE;YAC9B,MAAM,IAAI,KAAK,CAAC,aAAa,KAAK,oCAAoC,CAAC,CAAC;SACxE;QACD,OAAO,EAAC,EAAE,EAAE,EAAC,CAAC,KAAK,CAAC,EAAE,KAAK,EAAC,EAAC,CAAC;IAC/B,CAAC;IAEO,kBAAkB,CAAC,OAAgB;QAC1C,IAAI,OAAO,OAAO,KAAK,QAAQ,IAAI,OAAO,KAAK,IAAI,EAAE;YACpD,MAAM,IAAI,KAAK,CAAC,2BAA2B,CAAC,CAAC;SAC7C;QAED,MAAM,UAAU,GAAG,OAAsD,CAAC;QAC1E,IAAI,CAAC,KAAK,CAAC,OAAO,CAAC,UAAU,CAAC,OAAO,CAAC,IAAI,UAAU,CAAC,OAAO,CAAC,MAAM,KAAK,CAAC,EAAE;YAC1E,MAAM,IAAI,KAAK,CAAC,mCAAmC,CAAC,CAAC;SACrD;QAGD,MAAM,OAAO,GAAG,UAAU,CAAC,OAAO,CAAC;QACnC,OAAO,CAAC,OAAO,CAAC,CAAC,MAAM,EAAE,EAAE;YAC1B,IAAI,OAAO,MAAM,KAAK,QAAQ,EAAE;gBAC/B,MAAM,IAAI,KAAK,CAAC,uCAAuC,CAAC,CAAC;aACzD;QACF,CAAC,CAAC,CAAC;QAEH,MAAM,aAAa,GAAY;YAC9B,OAAO,EAAE,OAAO;SAChB,CAAC;QAGF,IAAI,UAAU,CAAC,KAAK,KAAK,SAAS,EAAE;YACnC,IAAI,OAAO,UAAU,CAAC,KAAK,KAAK,QAAQ,EAAE;gBACzC,MAAM,IAAI,KAAK,CAAC,wBAAwB,CAAC,CAAC;aAC1C;YACD,aAAa,CAAC,KAAK,GAAG,UAAU,CAAC,KAAK,CAAC;SACvC;QAED,OAAO,aAAa,CAAC;IACtB,CAAC;CACD;AAzGD,wBAyGC","sourcesContent":["import {InsightError} from \"../controller/IInsightFacade\";\nimport {Query, Filter, LogicComparison, MComparison, SComparison, Options} from \"../dataModels/Query\";\nexport class Parser {\n\tpublic parseQuery(query: unknown): Query {\n\t\t// Initial validation of the query object\n\t\tif (typeof query !== \"object\" || query === null) {\n\t\t\tthrow new InsightError(\"Query must be an object\");\n\t\t}\n\t\t// Parse the WHERE and OPTIONS parts of the query\n\t\tconst whereClause = this.parseWhereClause((query as any)[\"WHERE\"]);\n\t\tconst optionsClause = this.parseOptionsClause((query as any)[\"OPTIONS\"]);\n\t\t// Construct and return the parsed query object\n\t\treturn {WHERE: whereClause, OPTIONS: optionsClause};\n\t}\n\n\tprivate parseWhereClause(where: unknown): Filter {\n\t\tif (typeof where !== \"object\" || where === null) {\n\t\t\tthrow new Error(\"WHERE clause must be an object\");\n\t\t}\n\n\t\t// An empty WHERE object matches all entries\n\t\tif (Object.keys(where).length === 0) {\n\t\t\treturn {}; // Represents no filter\n\t\t}\n\n\t\tconst filterType = Object.keys(where)[0];\n\t\tconst filterValue = (where as any)[filterType];\n\t\tswitch (filterType) {\n\t\t\tcase \"AND\":\n\t\t\tcase \"OR\":\n\t\t\t\treturn this.parseLogicalComparison(filterType, filterValue);\n\t\t\tcase \"LT\":\n\t\t\tcase \"GT\":\n\t\t\tcase \"EQ\":\n\t\t\t\treturn this.parseMComparison(filterType, filterValue);\n\t\t\tcase \"IS\":\n\t\t\t\treturn this.parseSComparison(filterValue);\n\t\t\tcase \"NOT\":\n\t\t\t\treturn {NOT: this.parseWhereClause(filterValue)};\n\t\t\tdefault:\n\t\t\t\tthrow new Error(`Invalid filter type: ${filterType}`);\n\t\t}\n\t}\n\n\tprivate parseLogicalComparison(operator: string, filters: unknown): LogicComparison {\n\t\tif (!Array.isArray(filters)) {\n\t\t\tthrow new Error(`${operator} value must be an array`);\n\t\t}\n\t\treturn {\n\t\t\t[operator]: filters.map((filter) => this.parseWhereClause(filter)),\n\t\t};\n\t}\n\n\tprivate parseMComparison(operator: string, comparison: unknown): MComparison {\n\t\tif (typeof comparison !== \"object\" || comparison === null || Object.keys(comparison).length !== 1) {\n\t\t\tthrow new Error(`${operator} comparison requires a single field with a numeric value`);\n\t\t}\n\t\tconst [field, value] = Object.entries(comparison)[0];\n\t\tif (typeof value !== \"number\") {\n\t\t\tthrow new Error(`Value for ${field} in ${operator} comparison must be a number`);\n\t\t}\n\t\treturn {[operator]: {[field]: value}};\n\t}\n\n\tprivate parseSComparison(comparison: unknown): SComparison {\n\t\tif (typeof comparison !== \"object\" || comparison === null || Object.keys(comparison).length !== 1) {\n\t\t\tthrow new Error(\"IS comparison requires a single field with a string value\");\n\t\t}\n\t\tconst [field, value] = Object.entries(comparison)[0];\n\t\tif (typeof value !== \"string\") {\n\t\t\tthrow new Error(`Value for ${field} in IS comparison must be a string`);\n\t\t}\n\t\treturn {IS: {[field]: value}};\n\t}\n\n\tprivate parseOptionsClause(options: unknown): Options {\n\t\tif (typeof options !== \"object\" || options === null) {\n\t\t\tthrow new Error(\"OPTIONS must be an object\");\n\t\t}\n\n\t\tconst optionsObj = options as Partial<{COLUMNS: unknown; ORDER: unknown}>;\n\t\tif (!Array.isArray(optionsObj.COLUMNS) || optionsObj.COLUMNS.length === 0) {\n\t\t\tthrow new Error(\"COLUMNS must be a non-empty array\");\n\t\t}\n\n\t\t// Validate that each item in COLUMNS is a string\n\t\tconst columns = optionsObj.COLUMNS;\n\t\tcolumns.forEach((column) => {\n\t\t\tif (typeof column !== \"string\") {\n\t\t\t\tthrow new Error(\"Each item in COLUMNS must be a string\");\n\t\t\t}\n\t\t});\n\n\t\tconst parsedOptions: Options = {\n\t\t\tCOLUMNS: columns,\n\t\t};\n\n\t\t// If ORDER is specified, validate it\n\t\tif (optionsObj.ORDER !== undefined) {\n\t\t\tif (typeof optionsObj.ORDER !== \"string\") {\n\t\t\t\tthrow new Error(\"ORDER must be a string\");\n\t\t\t}\n\t\t\tparsedOptions.ORDER = optionsObj.ORDER;\n\t\t}\n\n\t\treturn parsedOptions;\n\t}\n}\n\n\n"]},"_coverageSchema":"1a1c01bbd47fc00a2c39e90264f33305004495a9","hash":"fec8a3f7afb6c2559d7c1a0e1a887d68b51cf88a","contentHash":"b038bce64f1f7b874df9a68b50eecb751de680f59002bf7bb3a4f9e539abaeb7"},"/Users/devinproothi/Desktop/University/UBCV/Year 3/CPSC 310/Project/project_team117/src/query/Validator.ts":{"path":"/Users/devinproothi/Desktop/University/UBCV/Year 3/CPSC 310/Project/project_team117/src/query/Validator.ts","statementMap":{"0":{"start":{"line":2,"column":0},"end":{"line":2,"column":62}},"1":{"start":{"line":3,"column":0},"end":{"line":3,"column":27}},"2":{"start":{"line":4,"column":25},"end":{"line":4,"column":64}},"3":{"start":{"line":7,"column":8},"end":{"line":7,"column":46}},"4":{"start":{"line":8,"column":8},"end":{"line":8,"column":50}},"5":{"start":{"line":11,"column":8},"end":{"line":13,"column":9}},"6":{"start":{"line":12,"column":12},"end":{"line":12,"column":19}},"7":{"start":{"line":14,"column":8},"end":{"line":28,"column":9}},"8":{"start":{"line":15,"column":12},"end":{"line":15,"column":49}},"9":{"start":{"line":17,"column":13},"end":{"line":28,"column":9}},"10":{"start":{"line":18,"column":12},"end":{"line":18,"column":45}},"11":{"start":{"line":20,"column":13},"end":{"line":28,"column":9}},"12":{"start":{"line":21,"column":12},"end":{"line":21,"column":45}},"13":{"start":{"line":23,"column":13},"end":{"line":28,"column":9}},"14":{"start":{"line":24,"column":12},"end":{"line":24,"column":49}},"15":{"start":{"line":27,"column":12},"end":{"line":27,"column":91}},"16":{"start":{"line":31,"column":24},"end":{"line":31,"column":65}},"17":{"start":{"line":32,"column":8},"end":{"line":34,"column":9}},"18":{"start":{"line":33,"column":12},"end":{"line":33,"column":92}},"19":{"start":{"line":35,"column":8},"end":{"line":35,"column":70}},"20":{"start":{"line":35,"column":36},"end":{"line":35,"column":68}},"21":{"start":{"line":38,"column":27},"end":{"line":38,"column":77}},"22":{"start":{"line":39,"column":8},"end":{"line":41,"column":9}},"23":{"start":{"line":40,"column":12},"end":{"line":40,"column":104}},"24":{"start":{"line":42,"column":8},"end":{"line":44,"column":9}},"25":{"start":{"line":43,"column":12},"end":{"line":43,"column":98}},"26":{"start":{"line":47,"column":27},"end":{"line":47,"column":41}},"27":{"start":{"line":48,"column":8},"end":{"line":50,"column":9}},"28":{"start":{"line":49,"column":12},"end":{"line":49,"column":104}},"29":{"start":{"line":51,"column":8},"end":{"line":53,"column":9}},"30":{"start":{"line":52,"column":12},"end":{"line":52,"column":98}},"31":{"start":{"line":56,"column":8},"end":{"line":58,"column":9}},"32":{"start":{"line":57,"column":12},"end":{"line":57,"column":89}},"33":{"start":{"line":59,"column":8},"end":{"line":63,"column":11}},"34":{"start":{"line":60,"column":12},"end":{"line":62,"column":13}},"35":{"start":{"line":61,"column":16},"end":{"line":61,"column":97}},"36":{"start":{"line":64,"column":8},"end":{"line":66,"column":9}},"37":{"start":{"line":65,"column":12},"end":{"line":65,"column":78}},"38":{"start":{"line":69,"column":0},"end":{"line":69,"column":30}}},"fnMap":{"0":{"name":"(anonymous_0)","decl":{"start":{"line":6,"column":4},"end":{"line":6,"column":5}},"loc":{"start":{"line":6,"column":25},"end":{"line":9,"column":5}},"line":6},"1":{"name":"(anonymous_1)","decl":{"start":{"line":10,"column":4},"end":{"line":10,"column":5}},"loc":{"start":{"line":10,"column":32},"end":{"line":29,"column":5}},"line":10},"2":{"name":"(anonymous_2)","decl":{"start":{"line":30,"column":4},"end":{"line":30,"column":5}},"loc":{"start":{"line":30,"column":45},"end":{"line":36,"column":5}},"line":30},"3":{"name":"(anonymous_3)","decl":{"start":{"line":35,"column":24},"end":{"line":35,"column":25}},"loc":{"start":{"line":35,"column":36},"end":{"line":35,"column":68}},"line":35},"4":{"name":"(anonymous_4)","decl":{"start":{"line":37,"column":4},"end":{"line":37,"column":5}},"loc":{"start":{"line":37,"column":37},"end":{"line":45,"column":5}},"line":37},"5":{"name":"(anonymous_5)","decl":{"start":{"line":46,"column":4},"end":{"line":46,"column":5}},"loc":{"start":{"line":46,"column":37},"end":{"line":54,"column":5}},"line":46},"6":{"name":"(anonymous_6)","decl":{"start":{"line":55,"column":4},"end":{"line":55,"column":5}},"loc":{"start":{"line":55,"column":35},"end":{"line":67,"column":5}},"line":55},"7":{"name":"(anonymous_7)","decl":{"start":{"line":59,"column":32},"end":{"line":59,"column":33}},"loc":{"start":{"line":59,"column":44},"end":{"line":63,"column":9}},"line":59}},"branchMap":{"0":{"loc":{"start":{"line":11,"column":8},"end":{"line":13,"column":9}},"type":"if","locations":[{"start":{"line":11,"column":8},"end":{"line":13,"column":9}},{"start":{"line":11,"column":8},"end":{"line":13,"column":9}}],"line":11},"1":{"loc":{"start":{"line":14,"column":8},"end":{"line":28,"column":9}},"type":"if","locations":[{"start":{"line":14,"column":8},"end":{"line":28,"column":9}},{"start":{"line":14,"column":8},"end":{"line":28,"column":9}}],"line":14},"2":{"loc":{"start":{"line":14,"column":12},"end":{"line":14,"column":45}},"type":"binary-expr","locations":[{"start":{"line":14,"column":12},"end":{"line":14,"column":27}},{"start":{"line":14,"column":31},"end":{"line":14,"column":45}}],"line":14},"3":{"loc":{"start":{"line":17,"column":13},"end":{"line":28,"column":9}},"type":"if","locations":[{"start":{"line":17,"column":13},"end":{"line":28,"column":9}},{"start":{"line":17,"column":13},"end":{"line":28,"column":9}}],"line":17},"4":{"loc":{"start":{"line":17,"column":17},"end":{"line":17,"column":67}},"type":"binary-expr","locations":[{"start":{"line":17,"column":17},"end":{"line":17,"column":31}},{"start":{"line":17,"column":35},"end":{"line":17,"column":49}},{"start":{"line":17,"column":53},"end":{"line":17,"column":67}}],"line":17},"5":{"loc":{"start":{"line":20,"column":13},"end":{"line":28,"column":9}},"type":"if","locations":[{"start":{"line":20,"column":13},"end":{"line":28,"column":9}},{"start":{"line":20,"column":13},"end":{"line":28,"column":9}}],"line":20},"6":{"loc":{"start":{"line":23,"column":13},"end":{"line":28,"column":9}},"type":"if","locations":[{"start":{"line":23,"column":13},"end":{"line":28,"column":9}},{"start":{"line":23,"column":13},"end":{"line":28,"column":9}}],"line":23},"7":{"loc":{"start":{"line":31,"column":24},"end":{"line":31,"column":65}},"type":"binary-expr","locations":[{"start":{"line":31,"column":24},"end":{"line":31,"column":43}},{"start":{"line":31,"column":47},"end":{"line":31,"column":65}}],"line":31},"8":{"loc":{"start":{"line":32,"column":8},"end":{"line":34,"column":9}},"type":"if","locations":[{"start":{"line":32,"column":8},"end":{"line":34,"column":9}},{"start":{"line":32,"column":8},"end":{"line":34,"column":9}}],"line":32},"9":{"loc":{"start":{"line":32,"column":12},"end":{"line":32,"column":59}},"type":"binary-expr","locations":[{"start":{"line":32,"column":12},"end":{"line":32,"column":35}},{"start":{"line":32,"column":39},"end":{"line":32,"column":59}}],"line":32},"10":{"loc":{"start":{"line":38,"column":27},"end":{"line":38,"column":77}},"type":"binary-expr","locations":[{"start":{"line":38,"column":27},"end":{"line":38,"column":41}},{"start":{"line":38,"column":45},"end":{"line":38,"column":59}},{"start":{"line":38,"column":63},"end":{"line":38,"column":77}}],"line":38},"11":{"loc":{"start":{"line":39,"column":8},"end":{"line":41,"column":9}},"type":"if","locations":[{"start":{"line":39,"column":8},"end":{"line":41,"column":9}},{"start":{"line":39,"column":8},"end":{"line":41,"column":9}}],"line":39},"12":{"loc":{"start":{"line":39,"column":12},"end":{"line":39,"column":82}},"type":"binary-expr","locations":[{"start":{"line":39,"column":12},"end":{"line":39,"column":42}},{"start":{"line":39,"column":46},"end":{"line":39,"column":82}}],"line":39},"13":{"loc":{"start":{"line":42,"column":8},"end":{"line":44,"column":9}},"type":"if","locations":[{"start":{"line":42,"column":8},"end":{"line":44,"column":9}},{"start":{"line":42,"column":8},"end":{"line":44,"column":9}}],"line":42},"14":{"loc":{"start":{"line":48,"column":8},"end":{"line":50,"column":9}},"type":"if","locations":[{"start":{"line":48,"column":8},"end":{"line":50,"column":9}},{"start":{"line":48,"column":8},"end":{"line":50,"column":9}}],"line":48},"15":{"loc":{"start":{"line":48,"column":12},"end":{"line":48,"column":82}},"type":"binary-expr","locations":[{"start":{"line":48,"column":12},"end":{"line":48,"column":42}},{"start":{"line":48,"column":46},"end":{"line":48,"column":82}}],"line":48},"16":{"loc":{"start":{"line":51,"column":8},"end":{"line":53,"column":9}},"type":"if","locations":[{"start":{"line":51,"column":8},"end":{"line":53,"column":9}},{"start":{"line":51,"column":8},"end":{"line":53,"column":9}}],"line":51},"17":{"loc":{"start":{"line":56,"column":8},"end":{"line":58,"column":9}},"type":"if","locations":[{"start":{"line":56,"column":8},"end":{"line":58,"column":9}},{"start":{"line":56,"column":8},"end":{"line":58,"column":9}}],"line":56},"18":{"loc":{"start":{"line":56,"column":12},"end":{"line":56,"column":60}},"type":"binary-expr","locations":[{"start":{"line":56,"column":12},"end":{"line":56,"column":28}},{"start":{"line":56,"column":32},"end":{"line":56,"column":60}}],"line":56},"19":{"loc":{"start":{"line":60,"column":12},"end":{"line":62,"column":13}},"type":"if","locations":[{"start":{"line":60,"column":12},"end":{"line":62,"column":13}},{"start":{"line":60,"column":12},"end":{"line":62,"column":13}}],"line":60},"20":{"loc":{"start":{"line":64,"column":8},"end":{"line":66,"column":9}},"type":"if","locations":[{"start":{"line":64,"column":8},"end":{"line":66,"column":9}},{"start":{"line":64,"column":8},"end":{"line":66,"column":9}}],"line":64},"21":{"loc":{"start":{"line":64,"column":12},"end":{"line":64,"column":62}},"type":"binary-expr","locations":[{"start":{"line":64,"column":12},"end":{"line":64,"column":25}},{"start":{"line":64,"column":29},"end":{"line":64,"column":62}}],"line":64}},"s":{"0":1,"1":1,"2":1,"3":8,"4":8,"5":13,"6":0,"7":13,"8":2,"9":11,"10":7,"11":4,"12":3,"13":1,"14":1,"15":0,"16":2,"17":2,"18":0,"19":2,"20":4,"21":7,"22":7,"23":0,"24":7,"25":0,"26":3,"27":3,"28":0,"29":3,"30":0,"31":8,"32":0,"33":8,"34":17,"35":0,"36":8,"37":0,"38":1},"f":{"0":8,"1":13,"2":2,"3":4,"4":7,"5":3,"6":8,"7":17},"b":{"0":[0,13],"1":[2,11],"2":[13,12],"3":[7,4],"4":[11,9,6],"5":[3,1],"6":[1,0],"7":[2,1],"8":[0,2],"9":[2,2],"10":[7,5,2],"11":[0,7],"12":[7,7],"13":[0,7],"14":[0,3],"15":[3,3],"16":[0,3],"17":[0,8],"18":[8,8],"19":[0,17],"20":[0,8],"21":[8,1]},"inputSourceMap":{"version":3,"file":"/Users/devinproothi/Desktop/University/UBCV/Year 3/CPSC 310/Project/project_team117/src/query/Validator.ts","sources":["/Users/devinproothi/Desktop/University/UBCV/Year 3/CPSC 310/Project/project_team117/src/query/Validator.ts"],"names":[],"mappings":";;;AAAA,iEAA0D;AAG1D,MAAa,SAAS;IACd,aAAa,CAAC,KAAY;QAChC,IAAI,CAAC,mBAAmB,CAAC,KAAK,CAAC,KAAK,CAAC,CAAC;QACtC,IAAI,CAAC,qBAAqB,CAAC,KAAK,CAAC,OAAO,CAAC,CAAC;IAC3C,CAAC;IAEO,mBAAmB,CAAC,MAAc;QACzC,IAAI,MAAM,CAAC,IAAI,CAAC,MAAM,CAAC,CAAC,MAAM,KAAK,CAAC,EAAE;YAErC,OAAO;SACP;QAGD,IAAI,KAAK,IAAI,MAAM,IAAI,IAAI,IAAI,MAAM,EAAE;YACtC,IAAI,CAAC,uBAAuB,CAAC,MAAyB,CAAC,CAAC;SACxD;aAAM,IAAI,IAAI,IAAI,MAAM,IAAI,IAAI,IAAI,MAAM,IAAI,IAAI,IAAI,MAAM,EAAE;YAC9D,IAAI,CAAC,mBAAmB,CAAC,MAAqB,CAAC,CAAC;SAChD;aAAM,IAAI,IAAI,IAAI,MAAM,EAAE;YAC1B,IAAI,CAAC,mBAAmB,CAAC,MAAqB,CAAC,CAAC;SAChD;aAAM,IAAI,KAAK,IAAI,MAAM,EAAE;YAC3B,IAAI,CAAC,mBAAmB,CAAE,MAAc,CAAC,GAAG,CAAC,CAAC;SAC9C;aAAM;YACN,MAAM,IAAI,6BAAY,CAAC,qCAAqC,CAAC,CAAC;SAC9D;IACF,CAAC;IAEO,uBAAuB,CAAC,eAAgC;QAC/D,MAAM,OAAO,GAAG,eAAe,CAAC,GAAG,IAAI,eAAe,CAAC,EAAE,CAAC;QAC1D,IAAI,CAAC,KAAK,CAAC,OAAO,CAAC,OAAO,CAAC,IAAI,OAAO,CAAC,MAAM,KAAK,CAAC,EAAE;YACpD,MAAM,IAAI,6BAAY,CAAC,sCAAsC,CAAC,CAAC;SAC/D;QACD,OAAO,CAAC,OAAO,CAAC,CAAC,MAAM,EAAE,EAAE,CAAC,IAAI,CAAC,mBAAmB,CAAC,MAAM,CAAC,CAAC,CAAC;IAC/D,CAAC;IAEO,mBAAmB,CAAC,WAAwB;QACnD,MAAM,UAAU,GAAG,WAAW,CAAC,EAAE,IAAI,WAAW,CAAC,EAAE,IAAI,WAAW,CAAC,EAAE,CAAC;QACtE,IAAI,OAAO,UAAU,KAAK,QAAQ,IAAI,MAAM,CAAC,IAAI,CAAC,UAAU,CAAC,CAAC,MAAM,KAAK,CAAC,EAAE;YAC3E,MAAM,IAAI,6BAAY,CAAC,kDAAkD,CAAC,CAAC;SAC3E;QACD,IAAI,OAAO,MAAM,CAAC,MAAM,CAAC,UAAU,CAAC,CAAC,CAAC,CAAC,KAAK,QAAQ,EAAE;YACrD,MAAM,IAAI,6BAA
[...]
:126},"18":{"name":"(anonymous_18)","decl":{"start":{"line":137,"column":25},"end":{"line":137,"column":26}},"loc":{"start":{"line":137,"column":35},"end":{"line":147,"column":13}},"line":137}},"branchMap":{"0":{"loc":{"start":{"line":11,"column":12},"end":{"line":13,"column":13}},"type":"if","locations":[{"start":{"line":11,"column":12},"end":{"line":13,"column":13}},{"start":{"line":11,"column":12},"end":{"line":13,"column":13}}],"line":11},"1":{"loc":{"start":{"line":15,"column":8},"end":{"line":17,"column":9}},"type":"if","locations":[{"start":{"line":15,"column":8},"end":{"line":17,"column":9}},{"start":{"line":15,"column":8},"end":{"line":17,"column":9}}],"line":15},"2":{"loc":{"start":{"line":21,"column":8},"end":{"line":23,"column":9}},"type":"if","locations":[{"start":{"line":21,"column":8},"end":{"line":23,"column":9}},{"start":{"line":21,"column":8},"end":{"line":23,"column":9}}],"line":21},"3":{"loc":{"start":{"line":25,"column":12},"end":{"line":37,"column":13}},"type":"if","locations":[{"start":{"line":25,"column":12},"end":{"line":37,"column":13}},{"start":{"line":25,"column":12},"end":{"line":37,"column":13}}],"line":25},"4":{"loc":{"start":{"line":25,"column":16},"end":{"line":25,"column":45}},"type":"binary-expr","locations":[{"start":{"line":25,"column":16},"end":{"line":25,"column":29}},{"start":{"line":25,"column":33},"end":{"line":25,"column":45}}],"line":25},"5":{"loc":{"start":{"line":28,"column":17},"end":{"line":37,"column":13}},"type":"if","locations":[{"start":{"line":28,"column":17},"end":{"line":37,"column":13}},{"start":{"line":28,"column":17},"end":{"line":37,"column":13}}],"line":28},"6":{"loc":{"start":{"line":34,"column":16},"end":{"line":36,"column":17}},"type":"if","locations":[{"start":{"line":34,"column":16},"end":{"line":36,"column":17}},{"start":{"line":34,"column":16},"end":{"line":36,"column":17}}],"line":34},"7":{"loc":{"start":{"line":42,"column":8},"end":{"line":44,"column":9}},"type":"if","locations":[{"start":{"line":42,"column":8},"end":{"line":44,"column":9}},{"start":{"line":42,"column":8},"end":{"line":44,"column":9}}],"line":42},"8":{"loc":{"start":{"line":48,"column":8},"end":{"line":50,"column":9}},"type":"if","locations":[{"start":{"line":48,"column":8},"end":{"line":50,"column":9}},{"start":{"line":48,"column":8},"end":{"line":50,"column":9}}],"line":48},"9":{"loc":{"start":{"line":56,"column":15},"end":{"line":56,"column":48}},"type":"binary-expr","locations":[{"start":{"line":56,"column":15},"end":{"line":56,"column":30}},{"start":{"line":56,"column":34},"end":{"line":56,"column":48}}],"line":56},"10":{"loc":{"start":{"line":59,"column":15},"end":{"line":59,"column":65}},"type":"binary-expr","locations":[{"start":{"line":59,"column":15},"end":{"line":59,"column":29}},{"start":{"line":59,"column":33},"end":{"line":59,"column":47}},{"start":{"line":59,"column":51},"end":{"line":59,"column":65}}],"line":59},"11":{"loc":{"start":{"line":68,"column":8},"end":{"line":121,"column":9}},"type":"if","locations":[{"start":{"line":68,"column":8},"end":{"line":121,"column":9}},{"start":{"line":68,"column":8},"end":{"line":121,"column":9}}],"line":68},"12":{"loc":{"start":{"line":69,"column":12},"end":{"line":77,"column":13}},"type":"if","locations":[{"start":{"line":69,"column":12},"end":{"line":77,"column":13}},{"start":{"line":69,"column":12},"end":{"line":77,"column":13}}],"line":69},"13":{"loc":{"start":{"line":72,"column":17},"end":{"line":77,"column":13}},"type":"if","locations":[{"start":{"line":72,"column":17},"end":{"line":77,"column":13}},{"start":{"line":72,"column":17},"end":{"line":77,"column":13}}],"line":72},"14":{"loc":{"start":{"line":79,"column":13},"end":{"line":121,"column":9}},"type":"if","locations":[{"start":{"line":79,"column":13},"end":{"line":121,"column":9}},{"start":{"line":79,"column":13},"end":{"line":121,"column":9}}],"line":79},"15":{"loc":{"start":{"line":82,"column":13},"end":{"line":121,"column":9}},"type":"if","locations":[{"start":{"line":82,"column":13},"end":{"line":121,"column":9}},{"start":{"line":82,"column":13},"end":{"line":121,"column":9}}],"line":82},"16":{"loc":{"start":{"line":87,"column":12},"end":{"line":101,"column":13}},"type":"if","locations":[{"start":{"line":87,"column":12},"end":{"line":101,"column":13}},{"start":{"line":87,"column":12},"end":{"line":101,"column":13}}],"line":87},"17":{"loc":{"start":{"line":87,"column":16},"end":{"line":87,"column":80}},"type":"binary-expr","locations":[{"start":{"line":87,"column":16},"end":{"line":87,"column":47}},{"start":{"line":87,"column":51},"end":{"line":87,"column":80}}],"line":87},"18":{"loc":{"start":{"line":91,"column":17},"end":{"line":101,"column":13}},"type":"if","locations":[{"start":{"line":91,"column":17},"end":{"line":101,"column":13}},{"start":{"line":91,"column":17},"end":{"line":101,"column":13}}],"line":91},"19":{"loc":{"start":{"line":95,"column":17},"end":{"line":101,"column":13}},"type":"if","locations":[{"start":{"line":95,"column":17},"end":{"line":101,"column":13}},{"start":{"line":95,"column":17},"end":{"line":101,"column":13}}],"line":95},"20":{"loc":{"start":{"line":103,"column":13},"end":{"line":121,"column":9}},"type":"if","locations":[{"start":{"line":103,"column":13},"end":{"line":121,"column":9}},{"start":{"line":103,"column":13},"end":{"line":121,"column":9}}],"line":103},"21":{"loc":{"start":{"line":109,"column":12},"end":{"line":111,"column":13}},"type":"if","locations":[{"start":{"line":109,"column":12},"end":{"line":111,"column":13}},{"start":{"line":109,"column":12},"end":{"line":111,"column":13}}],"line":109},"22":{"loc":{"start":{"line":112,"column":12},"end":{"line":117,"column":13}},"type":"switch","locations":[{"start":{"line":113,"column":16},"end":{"line":113,"column":61}},{"start":{"line":114,"column":16},"end":{"line":114,"column":61}},{"start":{"line":115,"column":16},"end":{"line":115,"column":63}},{"start":{"line":116,"column":16},"end":{"line":116,"column":81}}],"line":112},"23":{"loc":{"start":{"line":132,"column":8},"end":{"line":134,"column":9}},"type":"if","locations":[{"start":{"line":132,"column":8},"end":{"line":134,"column":9}},{"start":{"line":132,"column":8},"end":{"line":134,"column":9}}],"line":132},"24":{"loc":{"start":{"line":135,"column":8},"end":{"line":148,"column":9}},"type":"if","locations":[{"start":{"line":135,"column":8},"end":{"line":148,"column":9}},{"start":{"line":135,"column":8},"end":{"line":148,"column":9}}],"line":135},"25":{"loc":{"start":{"line":138,"column":16},"end":{"line":146,"column":17}},"type":"if","locations":[{"start":{"line":138,"column":16},"end":{"line":146,"column":17}},{"start":{"line":138,"column":16},"end":{"line":146,"column":17}}],"line":138},"26":{"loc":{"start":{"line":141,"column":21},"end":{"line":146,"column":17}},"type":"if","locations":[{"start":{"line":141,"column":21},"end":{"line":146,"column":17}},{"start":{"line":141,"column":21},"end":{"line":146,"column":17}}],"line":141}},"s":{"0":1,"1":1,"2":1,"3":8,"4":8,"5":8,"6":17,"7":17,"8":17,"9":8,"10":0,"11":8,"12":13,"13":0,"14":13,"15":13,"16":2,"17":4,"18":11,"19":1,"20":10,"21":10,"22":10,"23":10,"24":27,"25":27,"26":27,"27":0,"28":8,"29":0,"30":8,"31":516896,"32":778456,"33":452269,"34":584620,"35":649232,"36":778456,"37":129224,"38":64612,"39":67739,"40":64612,"41":64612,"42":129209,"43":0,"44":649232,"45":64612,"46":584620,"47":132351,"48":132351,"49":132351,"50":132351,"51":132351,"52":0,"53":0,"54":132351,"55":64612,"56":64612,"57":67739,"58":0,"59":0,"60":67739,"61":452269,"62":452269,"63":452269,"64":452269,"65":452269,"66":452269,"67":452269,"68":0,"69":452269,"70":129224,"71":193836,"72":129209,"73":0,"74":0,"75":8,"76":1622,"77":1622,"78":3300,"79":3300,"80":1622,"81":8,"82":0,"83":8,"84":1,"85":1,"86":214,"87":122,"88":92,"89":67,"90":25,"91":8,"92":1},"f":{"0":8,"1":17,"2":13,"3":13,"4":4,"5":27,"6":8,"7":516896,"8":778456,"9":452269,"10":584620,"11":649232,"12":778456,"13":67739,"14":129209,"15":8,"16":1622,"17":3300,"18":214},"b":{"0":[17,0],"1":[0,8],"2":[0,13],"3":[2,11],"4":[13,12],"5":[1,10],"6":[10,0],"7":[27,0],"8":[0,8],"9":[778456,713844],"10":[452269,323045,129209],"11":[129224,649232],"12":[64612,64612],"13":[64612,0],"14":[64612,584620],"15":[132351,452269],"16":[0,132351],"17":[132351,64612],"18":[64612,67739],"19":[0,67739],"20":[452269,0],"21":[0,452269],"22":[129224,193836,129209,0],"23":[0,8],"24":[1,7],"25":[122,92],"26":[67,25]},"inputSourceMap":{"version":3,"file":"/Users/devinproothi/Desktop/University/UBCV/Year 3/CPSC 310/Project/project_team117/src/query/Executor.ts","sources":["/Users/devinproothi/Desktop/University/UBCV/Year 3/CPSC 310/Project/project_team117/src/query/Executor.ts"],"names":[],"mappings":";;;AAGA,iEAAiE;AAEjE,MAAa,QAAQ;IACb,gBAAgB,CAAC,KAAY;QAEnC,IAAI,UAAU,GAAG,IAAI,GAAG,EAAU,CAAC;QAGnC,IAAI,CAAC,oBAAoB,CAAC,KAAK,CAAC,KAAK,EAAE,UAAU,CAAC,CAAC;QAGnD,KAAK,CAAC,OAAO,CAAC,OAAO,CAAC,OAAO,CAAC,CAAC,MAAM,EAAE,EAAE;YACxC,MAAM,SAAS,GAAG,IAAI,CAAC,gBAAgB,CAAC,MAAM,CAAC,CAAC;YAChD,IAAI,SAAS,EAAE;gBACd,UAAU,CAAC,GAAG,CAAC,SAAS,CAAC,CAAC;aAC1B;QACF,CAAC,CAAC,CAAC;QAGH,IAAI,UAAU,CAAC,IAAI,KAAK,CAAC,EAAE;YAC1B,MAAM,IAAI,KAAK,CAAC,oCAAoC,CAAC,CAAC;SACtD;QAED,OAAO,UAAU,CAAC,MAAM,EAAE,CAAC,IAAI,EAAE,CAAC,KAAK,CAAC;IACzC,CAAC;IAEO,oBAAoB,CAAC,MAAc,EAAE,UAAuB;QACnE,IAAI,MAAM,CAAC,IAAI,CAAC,MAAM,CAAC,CAAC,MAAM,KAAK,CAAC,EAAE;YAErC,OAAO;SACP;QAED,MAAM,CAAC,OAAO,CAAC,MAAM,CAAC,CAAC,OAAO,CAAC,CAAC,CAAC,GAAG,EAAE,KAAK,CAAC,EAAE,EAAE;YAC/C,IAAI,GAAG,KAAK,KAAK,IAAI,GAAG,KAAK,IAAI,EAAE;gBACjC,KAAkB,CAAC,OAAO,CAAC,CAAC,SAAS,EAAE,EAAE,CAAC,IAAI,CAAC,oBAAoB,CAAC,SAAS,EAAE,UAAU,CAAC,CAAC,CAAC;aAC7F;iBAAM,IAAI,GAAG,KAAK,KAAK,EAAE;gBACzB,IAAI,CAAC,oBAAoB,CAAC,KAAe,EAAE,UAAU,CAAC,CAAC;aACvD;iBAAM;gBAEN,MAAM,QAAQ,GAAG,MAAM,CAAC,IAAI,CAAC,KAAK,CAAC,CAAC,CAAC,CAAC,CAAC;gBACvC,MAAM,SAAS,GAAG,IAAI,CAAC,gBAAgB,CAAC,QAAQ,CAAC,CAAC;gBAClD,IAAI,SAAS,EAAE;oBACd,UAAU,CAAC,GAAG,CAAC,SAAS,CAAC,CAAC;iBAC1B;aACD;QACF,CAAC,CAAC,CAAC;IACJ,CAAC;IAEO,gBAAgB,CAAC,GAAW;QACnC,MAAM,eAAe,GAAG,GAAG,CAAC,OAAO,CAAC,GAAG,CAAC,CAAC;QACzC,IAAI,eAAe,KAAK,CAAC,CAAC,EAAE;YAC3B,OAAO,GAAG,CAAC,SAAS,CAAC,CAAC,EAAE,eAAe,CAAC,CAAC;SACzC;QACD,OAAO,IAAI,CAAC;IACb,CAAC;IAEM,YAAY,CAAC,UAAsB,EAAE,MAAc;QACzD,IAAI,MAAM,CAAC,IAAI,CAAC,MAAM,CAAC,CAAC,MAAM,KAAK,CAAC,EAAE;YAErC,OAAO,UAAU,CAAC,QAAQ,CAAC;SAC3B;QAED,OAAO,UAAU,CAAC,QAAQ,CAAC,MAAM,CAAC,CAAC,OAAO,EAAE,EAAE;YAC7C,OAAO,IAAI,CAAC,cAAc,CAAC,OAAO,EAAE,MAAM,CAAC,CAAC;QAC7C,CAAC,CAAC,CAAC;IACJ,CAAC;IAEO,iBAAiB,CAAC,MAAc;QACvC,OAAO,KAAK,IAAI,MAAM,IAAI,IAAI,IAAI,MAAM,CAAC;IAC1C,CAAC;IAEO,aAAa,CAAC,MAAc;QACnC,OAAO,IAAI,IAAI,MAAM,IAAI,IAAI,IAAI,MAAM,IAAI,IAAI,IAAI,MAAM,CAAC;IAC3D,CAAC;IAEO,aAAa,CAAC,MAAc;QACnC,OAAO,IAAI,IAAI,MAAM,CAAC;IACvB,CAAC;IAEO,UAAU,CAAC,MAAc;QAChC,OAAO,KAAK,IAAI,MAAM,CAAC;IACxB,CAAC;IAEO,cAAc,CAAC,OAAgB,EAAE,MAAc;QACtD,IAAI,IAAI,CAAC,iBAAiB,CAAC,MAAM,CAAC,EAAE;YACnC,IAAI,MAAM,CAAC,GAAG,EAAE;gBACf,OAAO,MAAM,CAAC,GAAG,CAAC,KAAK,CAAC,CAAC,SAAS,EAAE,EAAE,CAAC,IAAI,CAAC,cAAc,CAAC,OAAO,EAAE,SAAS,CAAC,CAAC,CAAC;aAChF;iBAAM,IAAI,MAAM,CAAC,EAAE,EAAE;gBACrB,OAAO,MAAM,CAAC,EAAE,CAAC,IAAI,CAAC,CAAC,SAAS,EAAE,EAAE,CAAC,IAAI,CAAC,cAAc,CAAC,OAAO,EAAE,SAAS,CAAC,CAAC,CAAC;aAC9E;iBAAM;gBACN,OAAO,KAAK,CAAC;aACb;SACD;aAAM,IAAI,IAAI,CAAC,UAAU,CAAC,MAAM,CAAC,EAAE;YACnC,OAAO,CAAC,IAAI,CAAC,cAAc,CAAC,OAAO,EAAE,MAAM,CAAC,GAAG,CAAC,CAAC;SACjD;aAAM,IAAI,IAAI,CAAC,aAAa,CAAC,MAAM,CAAC,EAAE;YACtC,MAAM,CAAC,GAAG,EAAE,eAAe,CAAC,GAAG,MAAM,CAAC,OAAO,CAAC,MAAM,CAAC,EAAE,CAAC,CAAC,CAAC,CAAC,CAAC;YAC5D,MAAM,QAAQ,GAAG,GAAG,CAAC,KAAK,CAAC,GAAG,CAAC,CAAC;YAChC,MAAM,KAAK,GAAG,MAAM,CAAC,EAAE,CAAC,GAAG,CAAC,CAAC;YAC7B,MAAM,QAAQ,GAAG,OAAO,CAAC,GAAG,CAAC,QAAQ,CAAC,CAAC,CAAC,CAAW,CAAC;YAEpD,IAAI,eAAe,CAAC,UAAU,CAAC,GAAG,CAAC,IAAI,eAAe,CAAC,QAAQ,CAAC,GAAG,CAAC,EAAE;gBACrE,MAAM,YAAY,GAAG,eAAe,CAAC,KAAK,CAAC,CAAC,EAAE,CAAC,CAAC,CAAC,CAAC;gBAClD,OAAO,QAAQ,CAAC,QAAQ,CAAC,YAAY,CAAC,CAAC;aACvC;iBAAM,IAAI,eAAe,CAAC,UAAU,CAAC,GAAG,CAAC,EAAE;gBAC3C,MAAM,YAAY,GAAG,eAAe,CAAC,KAAK,CAAC,CAAC,CAAC,CAAC;gBAC9C,OAAO,QAAQ,CAAC,QAAQ,CAAC,YAAY,CAAC,CAAC;aACvC;iBAAM,IAAI,eAAe,CAAC,QAAQ,CAAC,GAAG,CAAC,EAAE;gBACzC,MAAM,YAAY,GAAG,eAAe,CAAC,KAAK,CAAC,CAAC,EAAE,CAAC,CAAC,CAAC,CAAC;gBAClD,OAAO,QAAQ,CAAC,UAAU,CAAC,YAAY,CAAC,CAAC;aACzC;iBAAM;gBACN,OAAO,QAAQ,KAAK,KAAK,CAAC;aAC1B;SACD;aAAM,IAAI,IAAI,CAAC,aAAa,CAAC,MAAM,CAAC,EAAE;YACtC,MAAM,aAAa,GAAG,MAAM,CAAC,IAAI,CAAC,MAAM,CAAC,CAAC,CAAC,CAAC,CAAC;YAC7C,MAAM,GAAG,GAAG,MAAM,CAAC,IAAI,CAAE,MAAc,CAAC,aAAa,CAAC,CAAC,CAAC,CAAC,CAAC,CAAC;YAC3D,MAAM,WAAW,GAAI,MAAc,CAAC,aAAa,CAAC,CAAC,GAAG,CAAC,CAAC;YACxD,MAAM,QAAQ,GAAG,GAAG,CAAC,KAAK,CAAC,GAAG,CAAC,CAAC;YAChC,MAAM,YAAY,GAAG,OAAO,CAAC,GAAG,CAAC,QAAQ,CAAC,CAAC,CAAC,CAAC,CAAC;YAE9C,IAAI,YAAY,KAAK,SAAS,EAAE;gBAC/B,MAAM,IAAI,KAAK,CAAC,yCAAyC,CAAC,CAAC;aAC3D;YAED,QAAQ,aAAa,EAAE;gBACtB,KAAK,IAAI,CAAC,CAAC,OAAO,YAAY,GAAG,WAAW,CAAC;gBAC7C,KAAK,IAAI,CAAC,CAAC,OAAO,YAAY,GAAG,WAAW,CAAC;gBAC7C,KAAK,IAAI,CAAC,CAAC,OAAO,YAAY,KAAK,WAAW,CAAC;gBAC/C,OAAO,CAAC,CAAC,MAAM,IAAI,KAAK,CAAC,uBAAuB,aAAa,EAAE,CAAC,CAAC;aACjE;SACD;aAAM;YACN,MAAM,IAAI,KAAK,CAAC,qBAAqB,CAAC,CAAC;SACvC;IACF,CAAC;IAEM,aAAa,CAAC,QAAmB,EAAE,OAAgB;QAEzD,MAAM,OAAO,GAAG,QAAQ,CAAC,GAAG,CAAC,CAAC,OAAO,EAAE,EAAE;YACxC,MAAM,MAAM,GAAQ,EAAE,CAAC;YACvB,OAAO,CAAC,OAAO,CAAC,OAAO,CAAC,CAAC,MAAM,EAAE,EAAE;gBAClC,MAAM,QAAQ,GAAG,MAAM,CAAC,KAAK,CAAC,GAAG,CAAC,CAAC;gBACnC,MAAM,CAAC,MAAM,CAAC,GAAG,OAAO,CAAC,GAAG,CAAC,QAAQ,CAAC,CAAC,CAAC,CAAC,CAAC;YAC3C,CAAC,CAAC,CAAC;YACH,OAAO,MAAM,CAAC;QACf,CAAC,CAAC,CAAC;QACH,IAAI,OAAO,CAAC,MAAM,GAAG,IAAI,EAAE;YAC1B,MAAM,IAAI,oCAAmB,CAAC,OAAO,CAAC,CAAC;SACvC;QAED,IAAI,OAAO,CAAC,KAAK,EAAE;YAClB,MAAM,QAAQ,GAAG,OAAO,CAAC,KAAK,CAAC;YAC/B,OAAO,CAAC,IAAI,CAAC,CAAC,CAAC,EAAE,CAAC,EAAE,EAAE;gBACrB,IAAI,CAAC,CAAC,QAAQ,CAAC,GAAG,CAAC,CAAC,QAAQ,CAAC,EAAE;oBAC9B,OAAO,CAAC,CAAC,CAAC;iBACV;qBAAM,IAAI,CAAC,CAAC,QAAQ,CAAC,GAAG,CAAC,CAAC,QAAQ,CAAC,EAAE;oBACrC,OAAO,CAAC,CAAC;iBACT;qBAAM;oBACN,OAAO,CAAC,CAAC;iBACT;YACF,CAAC,CAAC,CAAC;SACH;QAED,OAAO,OAAO,CAAC;IAChB,CAAC;CAED;AAlKD,4BAkKC","sourcesContent":["import {Query, Filter, LogicComparison, MComparison, SComparison, Options, Negation} from \"../dataModels/Query\";\nimport CourseData from \"../dataModels/CourseData\";\nimport Section from \"../dataModels/Section\";\nimport {ResultTooLargeError} from \"../controller/IInsightFacade\";\n\nexport class Executor {\n\tpublic extractDatasetId(query: Query): string {\n\t\t// Initialize an empty set to collect unique dataset IDs\n\t\tlet datasetIds = new Set<string>();\n\n\t\t// Extract dataset IDs from the WHERE clause\n\t\tthis.extractIdsFromFilter(query.WHERE, datasetIds);\n\n\t\t// Extract dataset IDs from the OPTIONS clause\n\t\tquery.OPTIONS.COLUMNS.forEach((column) => {\n\t\t\tconst datasetId = this.extractIdFromKey(column);\n\t\t\tif (datasetId) {\n\t\t\t\tdatasetIds.add(datasetId);\n\t\t\t}\n\t\t});\n\n\t\t// Assuming consistency, there should only be one dataset ID\n\t\tif (datasetIds.size !== 1) {\n\t\t\tthrow new Error(\"Query must use a single dataset ID\");\n\t\t}\n\n\t\treturn datasetIds.values().next().value;\n\t}\n\n\tprivate extractIdsFromFilter(filter: Filter, datasetIds: Set<string>): void {\n\t\tif (Object.keys(filter).length === 0) {\n\t\t\t// Base case: empty filter\n\t\t\treturn;\n\t\t}\n\n\t\tObject.entries(filter).forEach(([key, value]) => {\n\t\t\tif (key === \"AND\" || key === \"OR\") {\n\t\t\t\t(value as Filter[]).forEach((subFilter) => this.extractIdsFromFilter(subFilter, datasetIds));\n\t\t\t} else if (key === \"NOT\") {\n\t\t\t\tthis.extractIdsFromFilter(value as Filter, datasetIds);\n\t\t\t} else {\n\t\t\t\t// MComparison, SComparison\n\t\t\t\tconst fieldKey = Object.keys(value)[0];\n\t\t\t\tconst datasetId = this.extractIdFromKey(fieldKey);\n\t\t\t\tif (datasetId) {\n\t\t\t\t\tdatasetIds.add(datasetId);\n\t\t\t\t}\n\t\t\t}\n\t\t});\n\t}\n\n\tprivate extractIdFromKey(key: string): string | null {\n\t\tconst underscoreIndex = key.indexOf(\"_\");\n\t\tif (underscoreIndex !== -1) {\n\t\t\treturn key.substring(0, underscoreIndex);\n\t\t}\n\t\treturn null;\n\t}\n\n\tpublic applyFilters(courseData: CourseData, filter: Filter): Section[] {\n\t\tif (Object.keys(filter).length === 0) {\n\t\t\t// If the filter is empty, return all sections\n\t\t\treturn courseData.sections;\n\t\t}\n\n\t\treturn courseData.sections.filter((section) => {\n\t\t\treturn this.evaluateFilter(section, filter);\n\t\t});\n\t}\n\n\tprivate isLogicComparison(filter: Filter): filter is LogicComparison {\n\t\treturn \"AND\" in filter || \"OR\" in filter;\n\t}\n\n\tprivate isMComparison(filter: Filter): filter is MComparison {\n\t\treturn \"LT\" in filter || \"GT\" in filter || \"EQ\" in filter;\n\t}\n\n\tprivate isSComparison(filter: Filter): filter is SComparison {\n\t\treturn \"IS\" in filter;\n\t}\n\n\tprivate isNegation(filter: Filter): filter is Negation {\n\t\treturn \"NOT\" in filter;\n\t}\n\n\tprivate evaluateFilter(section: Section, filter: Filter): boolean {\n\t\tif (this.isLogicComparison(filter)) {\n\t\t\tif (filter.AND) {\n\t\t\t\treturn filter.AND.every((subFilter) => this.evaluateFilter(section, subFilter));\n\t\t\t} else if (filter.OR) {\n\t\t\t\treturn filter.OR.some((subFilter) => this.evaluateFilter(section, subFilter));\n\t\t\t} else {\n\t\t\t\treturn false;\n\t\t\t}\n\t\t} else if (this.isNegation(filter)) {\n\t\t\treturn !this.evaluateFilter(section, filter.NOT);\n\t\t} else if (this.isSComparison(filter)) {\n\t\t\tconst [key, comparisonValue] = Object.entries(filter.IS)[0];\n\t\t\tconst keyParts = key.split(\"_\");\n\t\t\tconst value = filter.IS[key];\n\t\t\tconst getValue = section.get(keyParts[1]) as string;\n\t\t\t// Assuming wildcards are not to be implemented in this example\n\t\t\tif (comparisonValue.startsWith(\"*\") && comparisonValue.endsWith(\"*\")) {\n\t\t\t\tconst trimmedValue = comparisonValue.slice(1, -1);\n\t\t\t\treturn getValue.includes(trimmedValue);\n\t\t\t} else if (comparisonValue.startsWith(\"*\")) {\n\t\t\t\tconst trimmedValue = comparisonValue.slice(1);\n\t\t\t\treturn getValue.endsWith(trimmedValue);\n\t\t\t} else if (comparisonValue.endsWith(\"*\")) {\n\t\t\t\tconst trimmedValue = comparisonValue.slice(0, -1);\n\t\t\t\treturn getValue.startsWith(trimmedValue);\n\t\t\t} else {\n\t\t\t\treturn getValue === value;\n\t\t\t}\n\t\t} else if (this.isMComparison(filter)) {\n\t\t\tconst comparatorKey = Object.keys(filter)[0];\n\t\t\tconst key = Object.keys((filter as any)[comparatorKey])[0];\n\t\t\tconst targetValue = (filter as any)[comparatorKey][key];\n\t\t\tconst keyParts = key.split(\"_\");\n\t\t\tconst sectionValue = section.get(keyParts[1]);\n\n\t\t\tif (sectionValue === undefined) {\n\t\t\t\tthrow new Error(\"Attempted to compare an undefined value\");\n\t\t\t}\n\n\t\t\tswitch (comparatorKey) {\n\t\t\t\tcase \"LT\": return sectionValue < targetValue;\n\t\t\t\tcase \"GT\": return sectionValue > targetValue;\n\t\t\t\tcase \"EQ\": return sectionValue === targetValue;\n\t\t\t\tdefault: throw new Error(`Unknown comparison: ${comparatorKey}`);\n\t\t\t}\n\t\t} else {\n\t\t\tthrow new Error(\"Unknown filter type\");\n\t\t}\n\t}\n\n\tpublic formatResults(sections: Section[], options: Options): any[] {\n\t\t// Step 1: Select the specified columns\n\t\tconst results = sections.map((section) => {\n\t\t\tconst result: any = {};\n\t\t\toptions.COLUMNS.forEach((column) => {\n\t\t\t\tconst colParts = column.split(\"_\");\n\t\t\t\tresult[column] = section.get(colParts[1]);\n\t\t\t});\n\t\t\treturn result;\n\t\t});\n\t\tif (results.length > 5000) {\n\t\t\tthrow new ResultTooLargeError(\"Oh no\");\n\t\t}\n\t\t// Step 2: Sort the results if an ORDER key is specified\n\t\tif (options.ORDER) {\n\t\t\tconst orderKey = options.ORDER;\n\t\t\tresults.sort((a, b) => {\n\t\t\t\tif (a[orderKey] < b[orderKey]) {\n\t\t\t\t\treturn -1;\n\t\t\t\t} else if (a[orderKey] > b[orderKey]) {\n\t\t\t\t\treturn 1;\n\t\t\t\t} else {\n\t\t\t\t\treturn 0;\n\t\t\t\t}\n\t\t\t});\n\t\t}\n\n\t\treturn results;\n\t}\n\n}\n"]},"_coverageSchema":"1a1c01bbd47fc00a2c39e90264f33305004495a9","hash":"663072c4c70aea94fd12dc2a299d283c55f3a0a2","contentHash":"d2d1b43620abf1f2bf9c1f2c5a44f8a544dbd847e91fe0b097ca8b692e2c4943"}}